                                      1 ;--------------------------------------------------------
                                      2 ; File Created by SDCC : free open source ISO C Compiler
                                      3 ; Version 4.5.1 #15267 (Linux)
                                      4 ;--------------------------------------------------------
                                      5 	.module aktionen
                                      6 	
                                      7 ;--------------------------------------------------------
                                      8 ; Public variables in this module
                                      9 ;--------------------------------------------------------
                                     10 	.globl _p_cdesign_showWeihwasser
                                     11 	.globl _p_use_weihwasser
                                     12 ;--------------------------------------------------------
                                     13 ; special function registers
                                     14 ;--------------------------------------------------------
                                     15 	.area _HRAM
                                     16 ;--------------------------------------------------------
                                     17 ; ram data
                                     18 ;--------------------------------------------------------
                                     19 	.area _DATA
                                     20 ;--------------------------------------------------------
                                     21 ; ram data
                                     22 ;--------------------------------------------------------
                                     23 	.area _INITIALIZED
                                     24 ;--------------------------------------------------------
                                     25 ; absolute external ram data
                                     26 ;--------------------------------------------------------
                                     27 	.area _DABS (ABS)
                                     28 ;--------------------------------------------------------
                                     29 ; global & static initialisations
                                     30 ;--------------------------------------------------------
                                     31 	.area _HOME
                                     32 	.area _GSINIT
                                     33 	.area _GSFINAL
                                     34 	.area _GSINIT
                                     35 ;--------------------------------------------------------
                                     36 ; Home
                                     37 ;--------------------------------------------------------
                                     38 	.area _HOME
                                     39 ;aktionen.c:28: void p_use_weihwasser (void) __nonbanked
                                     40 ;	---------------------------------
                                     41 ; Function p_use_weihwasser
                                     42 ; ---------------------------------
    00000000                         43 _p_use_weihwasser::
                                     44 ;aktionen.c:30: if (v_sweih > 0) {
    00000000 21r00r00         [12]   45 	ld	hl, #_v_sweih
    00000003 7E               [ 8]   46 	ld	a, (hl)
    00000004 B7               [ 4]   47 	or	a, a
    00000005 C8               [20]   48 	ret	Z
                                     49 ;aktionen.c:32: v_sweih -= 1;
    00000006 35               [12]   50 	dec	(hl)
                                     51 ;aktionen.c:35: p_cdesign_showWeihwasser ();
                                     52 ;aktionen.c:37: }
    00000007 C3r00r00         [16]   53 	jp	_p_cdesign_showWeihwasser
                                     54 	.area _HOME
                                     55 ;--------------------------------------------------------
                                     56 ; code
                                     57 ;--------------------------------------------------------
                                     58 	.area _CODE
                                     59 	.area _CODE
                                     60 	.area _INITIALIZER
                                     61 	.area _CABS (ABS)
