                                      1 ;--------------------------------------------------------
                                      2 ; File Created by SDCC : free open source ISO C Compiler
                                      3 ; Version 4.5.1 #15267 (Linux)
                                      4 ;--------------------------------------------------------
                                      5 	.module cdesign
                                      6 	
                                      7 ;--------------------------------------------------------
                                      8 ; Public variables in this module
                                      9 ;--------------------------------------------------------
                                     10 	.globl _set_bkg_tiles
                                     11 	.globl _p_cdesign_umwandlung
                                     12 	.globl _p_cdesign_showLP
                                     13 	.globl _p_cdesign_showKey
                                     14 	.globl _p_cdesign_showWeihwasser
                                     15 	.globl _p_cdesign_showTime
                                     16 	.globl _p_cdesign_showMapKoord
                                     17 	.globl _p_cdesign_showXK
                                     18 	.globl _p_cdesign_showYK
                                     19 	.globl _p_cdesign_showStatus
                                     20 	.globl _p_cdesign_init
                                     21 ;--------------------------------------------------------
                                     22 ; special function registers
                                     23 ;--------------------------------------------------------
                                     24 	.area _HRAM
                                     25 ;--------------------------------------------------------
                                     26 ; ram data
                                     27 ;--------------------------------------------------------
                                     28 	.area _DATA
                                     29 ;--------------------------------------------------------
                                     30 ; ram data
                                     31 ;--------------------------------------------------------
                                     32 	.area _INITIALIZED
                                     33 ;--------------------------------------------------------
                                     34 ; absolute external ram data
                                     35 ;--------------------------------------------------------
                                     36 	.area _DABS (ABS)
                                     37 ;--------------------------------------------------------
                                     38 ; global & static initialisations
                                     39 ;--------------------------------------------------------
                                     40 	.area _HOME
                                     41 	.area _GSINIT
                                     42 	.area _GSFINAL
                                     43 	.area _GSINIT
                                     44 ;--------------------------------------------------------
                                     45 ; Home
                                     46 ;--------------------------------------------------------
                                     47 	.area _HOME
                                     48 ;cdesign.c:28: void p_cdesign_umwandlung (uint8_t l_w, uint8_t l_xk, uint8_t l_yk) __nonbanked
                                     49 ;	---------------------------------
                                     50 ; Function p_cdesign_umwandlung
                                     51 ; ---------------------------------
    00000000                         52 _p_cdesign_umwandlung::
    00000000 3B               [ 8]   53 	dec	sp
    00000001 3B               [ 8]   54 	dec	sp
    00000002 4F               [ 4]   55 	ld	c, a
    00000003 F8 01            [12]   56 	ldhl	sp,	#1
    00000005 73               [ 8]   57 	ld	(hl), e
                                     58 ;cdesign.c:34: if (l_w == 0) l_tile [0] = 91;
    00000006 79               [ 4]   59 	ld	a, c
    00000007 B7               [ 4]   60 	or	a, a
    00000008 20 03            [12]   61 	jr	NZ, 00112$
    0000000A 2B               [ 8]   62 	dec	hl
    0000000B 36 5B            [12]   63 	ld	(hl), #0x5b
                                     64 ;cdesign.c:36: for (l_i = 0x01; l_i != 0x0A; ++l_i) {
    0000000D                         65 00112$:
    0000000D 06 01            [ 8]   66 	ld	b, #0x01
    0000000F                         67 00106$:
                                     68 ;cdesign.c:37: if (l_w == l_i) l_tile [0] = 0x65 - l_i;
    0000000F 79               [ 4]   69 	ld	a, c
    00000010 90               [ 4]   70 	sub	a, b
    00000011 20 07            [12]   71 	jr	NZ, 00107$
    00000013 58               [ 4]   72 	ld	e, b
    00000014 3E 65            [ 8]   73 	ld	a, #0x65
    00000016 93               [ 4]   74 	sub	a, e
    00000017 F8 00            [12]   75 	ldhl	sp,	#0
    00000019 77               [ 8]   76 	ld	(hl), a
    0000001A                         77 00107$:
                                     78 ;cdesign.c:36: for (l_i = 0x01; l_i != 0x0A; ++l_i) {
    0000001A 04               [ 4]   79 	inc	b
    0000001B 78               [ 4]   80 	ld	a, b
    0000001C D6 0A            [ 8]   81 	sub	a, #0x0a
    0000001E 20 EF            [12]   82 	jr	NZ, 00106$
                                     83 ;cdesign.c:40: set_bkg_tiles (l_xk, l_yk, 1, 1, l_tile);
    00000020 21 00 00         [12]   84 	ld	hl, #0
    00000023 39               [ 8]   85 	add	hl, sp
    00000024 E5               [16]   86 	push	hl
    00000025 21 01 01         [12]   87 	ld	hl, #0x101
    00000028 E5               [16]   88 	push	hl
    00000029 F8 08            [12]   89 	ldhl	sp,	#8
    0000002B 7E               [ 8]   90 	ld	a, (hl)
    0000002C F5               [16]   91 	push	af
    0000002D 33               [ 8]   92 	inc	sp
    0000002E F8 06            [12]   93 	ldhl	sp,	#6
    00000030 7E               [ 8]   94 	ld	a, (hl)
    00000031 F5               [16]   95 	push	af
    00000032 33               [ 8]   96 	inc	sp
    00000033 CDr00r00         [24]   97 	call	_set_bkg_tiles
    00000036 E8 06            [16]   98 	add	sp, #6
                                     99 ;cdesign.c:41: }
    00000038 33               [ 8]  100 	inc	sp
    00000039 33               [ 8]  101 	inc	sp
    0000003A E1               [12]  102 	pop	hl
    0000003B 33               [ 8]  103 	inc	sp
    0000003C E9               [ 4]  104 	jp	(hl)
                                    105 ;cdesign.c:44: void p_cdesign_showLP (void) __nonbanked
                                    106 ;	---------------------------------
                                    107 ; Function p_cdesign_showLP
                                    108 ; ---------------------------------
    0000003D                        109 _p_cdesign_showLP::
                                    110 ;cdesign.c:46: p_cdesign_umwandlung (v_slp, 3, 16);
    0000003D 3E 10            [ 8]  111 	ld	a, #0x10
    0000003F F5               [16]  112 	push	af
    00000040 33               [ 8]  113 	inc	sp
    00000041 1E 03            [ 8]  114 	ld	e, #0x03
    00000043 FAr00r00         [16]  115 	ld	a, (_v_slp)
    00000046 CDr00r00         [24]  116 	call	_p_cdesign_umwandlung
                                    117 ;cdesign.c:47: }
    00000049 C9               [16]  118 	ret
                                    119 ;cdesign.c:50: void p_cdesign_showKey (void) __nonbanked
                                    120 ;	---------------------------------
                                    121 ; Function p_cdesign_showKey
                                    122 ; ---------------------------------
    0000004A                        123 _p_cdesign_showKey::
                                    124 ;cdesign.c:52: p_cdesign_umwandlung (v_skey % 10, 12, 16);
    0000004A FAr00r00         [16]  125 	ld	a, (_v_skey)
    0000004D 1E 0A            [ 8]  126 	ld	e, #0x0a
    0000004F CDr00r00         [24]  127 	call	__moduchar
    00000052 79               [ 4]  128 	ld	a, c
    00000053 26 10            [ 8]  129 	ld	h, #0x10
    00000055 E5               [16]  130 	push	hl
    00000056 33               [ 8]  131 	inc	sp
    00000057 1E 0C            [ 8]  132 	ld	e, #0x0c
    00000059 CDr00r00         [24]  133 	call	_p_cdesign_umwandlung
                                    134 ;cdesign.c:53: }
    0000005C C9               [16]  135 	ret
                                    136 ;cdesign.c:56: void p_cdesign_showWeihwasser (void) __nonbanked
                                    137 ;	---------------------------------
                                    138 ; Function p_cdesign_showWeihwasser
                                    139 ; ---------------------------------
    0000005D                        140 _p_cdesign_showWeihwasser::
                                    141 ;cdesign.c:58: p_cdesign_umwandlung (v_sweih % 10, 7, 16);
    0000005D FAr00r00         [16]  142 	ld	a, (_v_sweih)
    00000060 1E 0A            [ 8]  143 	ld	e, #0x0a
    00000062 CDr00r00         [24]  144 	call	__moduchar
    00000065 79               [ 4]  145 	ld	a, c
    00000066 26 10            [ 8]  146 	ld	h, #0x10
    00000068 E5               [16]  147 	push	hl
    00000069 33               [ 8]  148 	inc	sp
    0000006A 1E 07            [ 8]  149 	ld	e, #0x07
    0000006C CDr00r00         [24]  150 	call	_p_cdesign_umwandlung
                                    151 ;cdesign.c:59: }
    0000006F C9               [16]  152 	ret
                                    153 ;cdesign.c:62: void p_cdesign_showTime (void) __nonbanked
                                    154 ;	---------------------------------
                                    155 ; Function p_cdesign_showTime
                                    156 ; ---------------------------------
    00000070                        157 _p_cdesign_showTime::
                                    158 ;cdesign.c:64: p_cdesign_umwandlung (v_time % 10, 18, 16);
    00000070 FAr00r00         [16]  159 	ld	a, (_v_time)
    00000073 1E 0A            [ 8]  160 	ld	e, #0x0a
    00000075 CDr00r00         [24]  161 	call	__moduchar
    00000078 79               [ 4]  162 	ld	a, c
    00000079 26 10            [ 8]  163 	ld	h, #0x10
    0000007B E5               [16]  164 	push	hl
    0000007C 33               [ 8]  165 	inc	sp
    0000007D 1E 12            [ 8]  166 	ld	e, #0x12
    0000007F CDr00r00         [24]  167 	call	_p_cdesign_umwandlung
                                    168 ;cdesign.c:65: p_cdesign_umwandlung ((v_time / 10 ) % 10, 17, 16);
    00000082 FAr00r00         [16]  169 	ld	a, (_v_time)
    00000085 1E 0A            [ 8]  170 	ld	e, #0x0a
    00000087 CDr00r00         [24]  171 	call	__divuchar
    0000008A 79               [ 4]  172 	ld	a, c
    0000008B 1E 0A            [ 8]  173 	ld	e, #0x0a
    0000008D CDr00r00         [24]  174 	call	__moduchar
    00000090 79               [ 4]  175 	ld	a, c
    00000091 26 10            [ 8]  176 	ld	h, #0x10
    00000093 E5               [16]  177 	push	hl
    00000094 33               [ 8]  178 	inc	sp
    00000095 1E 11            [ 8]  179 	ld	e, #0x11
    00000097 CDr00r00         [24]  180 	call	_p_cdesign_umwandlung
                                    181 ;cdesign.c:66: p_cdesign_umwandlung (((v_time / 10) / 10 ) % 10, 16, 16);
    0000009A FAr00r00         [16]  182 	ld	a, (_v_time)
    0000009D 1E 0A            [ 8]  183 	ld	e, #0x0a
    0000009F CDr00r00         [24]  184 	call	__divuchar
    000000A2 79               [ 4]  185 	ld	a, c
    000000A3 1E 0A            [ 8]  186 	ld	e, #0x0a
    000000A5 CDr00r00         [24]  187 	call	__divuchar
    000000A8 79               [ 4]  188 	ld	a, c
    000000A9 1E 0A            [ 8]  189 	ld	e, #0x0a
    000000AB CDr00r00         [24]  190 	call	__moduchar
    000000AE 79               [ 4]  191 	ld	a, c
    000000AF 26 10            [ 8]  192 	ld	h, #0x10
    000000B1 E5               [16]  193 	push	hl
    000000B2 33               [ 8]  194 	inc	sp
    000000B3 1E 10            [ 8]  195 	ld	e, #0x10
    000000B5 CDr00r00         [24]  196 	call	_p_cdesign_umwandlung
                                    197 ;cdesign.c:67: }
    000000B8 C9               [16]  198 	ret
                                    199 ;cdesign.c:70: void p_cdesign_showMapKoord (void) __nonbanked
                                    200 ;	---------------------------------
                                    201 ; Function p_cdesign_showMapKoord
                                    202 ; ---------------------------------
    000000B9                        203 _p_cdesign_showMapKoord::
                                    204 ;cdesign.c:72: p_cdesign_umwandlung (v_smk % 10, 10, 17);
    000000B9 FAr00r00         [16]  205 	ld	a, (_v_smk)
    000000BC 1E 0A            [ 8]  206 	ld	e, #0x0a
    000000BE CDr00r00         [24]  207 	call	__moduchar
    000000C1 79               [ 4]  208 	ld	a, c
    000000C2 26 11            [ 8]  209 	ld	h, #0x11
    000000C4 E5               [16]  210 	push	hl
    000000C5 33               [ 8]  211 	inc	sp
    000000C6 1E 0A            [ 8]  212 	ld	e, #0x0a
    000000C8 CDr00r00         [24]  213 	call	_p_cdesign_umwandlung
                                    214 ;cdesign.c:73: p_cdesign_umwandlung ((v_smk / 10 ) % 10, 9, 17);
    000000CB FAr00r00         [16]  215 	ld	a, (_v_smk)
    000000CE 1E 0A            [ 8]  216 	ld	e, #0x0a
    000000D0 CDr00r00         [24]  217 	call	__divuchar
    000000D3 79               [ 4]  218 	ld	a, c
    000000D4 1E 0A            [ 8]  219 	ld	e, #0x0a
    000000D6 CDr00r00         [24]  220 	call	__moduchar
    000000D9 79               [ 4]  221 	ld	a, c
    000000DA 26 11            [ 8]  222 	ld	h, #0x11
    000000DC E5               [16]  223 	push	hl
    000000DD 33               [ 8]  224 	inc	sp
    000000DE 1E 09            [ 8]  225 	ld	e, #0x09
    000000E0 CDr00r00         [24]  226 	call	_p_cdesign_umwandlung
                                    227 ;cdesign.c:74: p_cdesign_umwandlung (((v_smk / 10) / 10 ) % 10, 8, 17);	
    000000E3 FAr00r00         [16]  228 	ld	a, (_v_smk)
    000000E6 1E 0A            [ 8]  229 	ld	e, #0x0a
    000000E8 CDr00r00         [24]  230 	call	__divuchar
    000000EB 79               [ 4]  231 	ld	a, c
    000000EC 1E 0A            [ 8]  232 	ld	e, #0x0a
    000000EE CDr00r00         [24]  233 	call	__divuchar
    000000F1 79               [ 4]  234 	ld	a, c
    000000F2 1E 0A            [ 8]  235 	ld	e, #0x0a
    000000F4 CDr00r00         [24]  236 	call	__moduchar
    000000F7 79               [ 4]  237 	ld	a, c
    000000F8 26 11            [ 8]  238 	ld	h, #0x11
    000000FA E5               [16]  239 	push	hl
    000000FB 33               [ 8]  240 	inc	sp
    000000FC 1E 08            [ 8]  241 	ld	e, #0x08
    000000FE CDr00r00         [24]  242 	call	_p_cdesign_umwandlung
                                    243 ;cdesign.c:75: }
    00000101 C9               [16]  244 	ret
                                    245 ;cdesign.c:78: void p_cdesign_showXK (void) __nonbanked
                                    246 ;	---------------------------------
                                    247 ; Function p_cdesign_showXK
                                    248 ; ---------------------------------
    00000102                        249 _p_cdesign_showXK::
                                    250 ;cdesign.c:80: p_cdesign_umwandlung (v_sxk % 10, 3, 15);
    00000102 FAr00r00         [16]  251 	ld	a, (_v_sxk)
    00000105 1E 0A            [ 8]  252 	ld	e, #0x0a
    00000107 CDr00r00         [24]  253 	call	__moduchar
    0000010A 79               [ 4]  254 	ld	a, c
    0000010B 26 0F            [ 8]  255 	ld	h, #0x0f
    0000010D E5               [16]  256 	push	hl
    0000010E 33               [ 8]  257 	inc	sp
    0000010F 1E 03            [ 8]  258 	ld	e, #0x03
    00000111 CDr00r00         [24]  259 	call	_p_cdesign_umwandlung
                                    260 ;cdesign.c:81: p_cdesign_umwandlung ((v_sxk / 10 )  % 10, 2, 15);
    00000114 FAr00r00         [16]  261 	ld	a, (_v_sxk)
    00000117 1E 0A            [ 8]  262 	ld	e, #0x0a
    00000119 CDr00r00         [24]  263 	call	__divuchar
    0000011C 79               [ 4]  264 	ld	a, c
    0000011D 1E 0A            [ 8]  265 	ld	e, #0x0a
    0000011F CDr00r00         [24]  266 	call	__moduchar
    00000122 79               [ 4]  267 	ld	a, c
    00000123 26 0F            [ 8]  268 	ld	h, #0x0f
    00000125 E5               [16]  269 	push	hl
    00000126 33               [ 8]  270 	inc	sp
    00000127 1E 02            [ 8]  271 	ld	e, #0x02
    00000129 CDr00r00         [24]  272 	call	_p_cdesign_umwandlung
                                    273 ;cdesign.c:82: p_cdesign_umwandlung (((v_sxk / 10) /10 ) % 10, 1, 15);
    0000012C FAr00r00         [16]  274 	ld	a, (_v_sxk)
    0000012F 1E 0A            [ 8]  275 	ld	e, #0x0a
    00000131 CDr00r00         [24]  276 	call	__divuchar
    00000134 79               [ 4]  277 	ld	a, c
    00000135 1E 0A            [ 8]  278 	ld	e, #0x0a
    00000137 CDr00r00         [24]  279 	call	__divuchar
    0000013A 79               [ 4]  280 	ld	a, c
    0000013B 1E 0A            [ 8]  281 	ld	e, #0x0a
    0000013D CDr00r00         [24]  282 	call	__moduchar
    00000140 79               [ 4]  283 	ld	a, c
    00000141 26 0F            [ 8]  284 	ld	h, #0x0f
    00000143 E5               [16]  285 	push	hl
    00000144 33               [ 8]  286 	inc	sp
    00000145 1E 01            [ 8]  287 	ld	e, #0x01
    00000147 CDr00r00         [24]  288 	call	_p_cdesign_umwandlung
                                    289 ;cdesign.c:83: }
    0000014A C9               [16]  290 	ret
                                    291 ;cdesign.c:85: void p_cdesign_showYK (void) __nonbanked
                                    292 ;	---------------------------------
                                    293 ; Function p_cdesign_showYK
                                    294 ; ---------------------------------
    0000014B                        295 _p_cdesign_showYK::
                                    296 ;cdesign.c:87: p_cdesign_umwandlung (v_syk % 10, 7, 15);
    0000014B FAr00r00         [16]  297 	ld	a, (_v_syk)
    0000014E 1E 0A            [ 8]  298 	ld	e, #0x0a
    00000150 CDr00r00         [24]  299 	call	__moduchar
    00000153 79               [ 4]  300 	ld	a, c
    00000154 26 0F            [ 8]  301 	ld	h, #0x0f
    00000156 E5               [16]  302 	push	hl
    00000157 33               [ 8]  303 	inc	sp
    00000158 1E 07            [ 8]  304 	ld	e, #0x07
    0000015A CDr00r00         [24]  305 	call	_p_cdesign_umwandlung
                                    306 ;cdesign.c:88: p_cdesign_umwandlung ((v_syk / 10 )  % 10, 6, 15);
    0000015D FAr00r00         [16]  307 	ld	a, (_v_syk)
    00000160 1E 0A            [ 8]  308 	ld	e, #0x0a
    00000162 CDr00r00         [24]  309 	call	__divuchar
    00000165 79               [ 4]  310 	ld	a, c
    00000166 1E 0A            [ 8]  311 	ld	e, #0x0a
    00000168 CDr00r00         [24]  312 	call	__moduchar
    0000016B 79               [ 4]  313 	ld	a, c
    0000016C 26 0F            [ 8]  314 	ld	h, #0x0f
    0000016E E5               [16]  315 	push	hl
    0000016F 33               [ 8]  316 	inc	sp
    00000170 1E 06            [ 8]  317 	ld	e, #0x06
    00000172 CDr00r00         [24]  318 	call	_p_cdesign_umwandlung
                                    319 ;cdesign.c:89: p_cdesign_umwandlung (((v_syk / 10) /10 ) % 10, 5, 15);
    00000175 FAr00r00         [16]  320 	ld	a, (_v_syk)
    00000178 1E 0A            [ 8]  321 	ld	e, #0x0a
    0000017A CDr00r00         [24]  322 	call	__divuchar
    0000017D 79               [ 4]  323 	ld	a, c
    0000017E 1E 0A            [ 8]  324 	ld	e, #0x0a
    00000180 CDr00r00         [24]  325 	call	__divuchar
    00000183 79               [ 4]  326 	ld	a, c
    00000184 1E 0A            [ 8]  327 	ld	e, #0x0a
    00000186 CDr00r00         [24]  328 	call	__moduchar
    00000189 79               [ 4]  329 	ld	a, c
    0000018A 26 0F            [ 8]  330 	ld	h, #0x0f
    0000018C E5               [16]  331 	push	hl
    0000018D 33               [ 8]  332 	inc	sp
    0000018E 1E 05            [ 8]  333 	ld	e, #0x05
    00000190 CDr00r00         [24]  334 	call	_p_cdesign_umwandlung
                                    335 ;cdesign.c:90: }	
    00000193 C9               [16]  336 	ret
                                    337 ;cdesign.c:93: void p_cdesign_showStatus (void) __nonbanked
                                    338 ;	---------------------------------
                                    339 ; Function p_cdesign_showStatus
                                    340 ; ---------------------------------
    00000194                        341 _p_cdesign_showStatus::
                                    342 ;cdesign.c:95: p_cdesign_showLP ();
    00000194 CDr3Dr00         [24]  343 	call	_p_cdesign_showLP
                                    344 ;cdesign.c:96: p_cdesign_showWeihwasser ();
    00000197 CDr5Dr00         [24]  345 	call	_p_cdesign_showWeihwasser
                                    346 ;cdesign.c:97: p_cdesign_showKey ();
    0000019A CDr4Ar00         [24]  347 	call	_p_cdesign_showKey
                                    348 ;cdesign.c:98: p_cdesign_showMapKoord ();
    0000019D CDrB9r00         [24]  349 	call	_p_cdesign_showMapKoord
                                    350 ;cdesign.c:99: p_cdesign_showTime ();
                                    351 ;cdesign.c:100: }
    000001A0 C3r70r00         [16]  352 	jp	_p_cdesign_showTime
                                    353 ;cdesign.c:103: void p_cdesign_init (void) __nonbanked
                                    354 ;	---------------------------------
                                    355 ; Function p_cdesign_init
                                    356 ; ---------------------------------
    000001A3                        357 _p_cdesign_init::
                                    358 ;cdesign.c:105: set_bkg_tiles (0, 0, 20, 18, gameborder);
    000001A3 11r00r00         [12]  359 	ld	de, #_gameborder
    000001A6 D5               [16]  360 	push	de
    000001A7 21 14 12         [12]  361 	ld	hl, #0x1214
    000001AA E5               [16]  362 	push	hl
    000001AB AF               [ 4]  363 	xor	a, a
    000001AC 0F               [ 4]  364 	rrca
    000001AD F5               [16]  365 	push	af
    000001AE CDr00r00         [24]  366 	call	_set_bkg_tiles
    000001B1 E8 06            [16]  367 	add	sp, #6
                                    368 ;cdesign.c:106: }
    000001B3 C9               [16]  369 	ret
                                    370 	.area _HOME
                                    371 ;--------------------------------------------------------
                                    372 ; code
                                    373 ;--------------------------------------------------------
                                    374 	.area _CODE
                                    375 	.area _CODE
                                    376 	.area _INITIALIZER
                                    377 	.area _CABS (ABS)
