                                      1 ;--------------------------------------------------------
                                      2 ; File Created by SDCC : free open source ISO C Compiler
                                      3 ; Version 4.5.1 #15267 (Linux)
                                      4 ;--------------------------------------------------------
                                      5 	.module fonttiles_127_58
                                      6 	
                                      7 ;--------------------------------------------------------
                                      8 ; Public variables in this module
                                      9 ;--------------------------------------------------------
                                     10 	.globl _fonttiles
                                     11 ;--------------------------------------------------------
                                     12 ; special function registers
                                     13 ;--------------------------------------------------------
                                     14 	.area _HRAM
                                     15 ;--------------------------------------------------------
                                     16 ; ram data
                                     17 ;--------------------------------------------------------
                                     18 	.area _DATA
                                     19 ;--------------------------------------------------------
                                     20 ; ram data
                                     21 ;--------------------------------------------------------
                                     22 	.area _INITIALIZED
                                     23 ;--------------------------------------------------------
                                     24 ; absolute external ram data
                                     25 ;--------------------------------------------------------
                                     26 	.area _DABS (ABS)
                                     27 ;--------------------------------------------------------
                                     28 ; global & static initialisations
                                     29 ;--------------------------------------------------------
                                     30 	.area _HOME
                                     31 	.area _GSINIT
                                     32 	.area _GSFINAL
                                     33 	.area _GSINIT
                                     34 ;--------------------------------------------------------
                                     35 ; Home
                                     36 ;--------------------------------------------------------
                                     37 	.area _HOME
                                     38 	.area _HOME
                                     39 ;--------------------------------------------------------
                                     40 ; code
                                     41 ;--------------------------------------------------------
                                     42 	.area _CODE
                                     43 	.area _CODE
    00000000                         44 _fonttiles:
    00000000 00                      45 	.db #0x00	; 0
    00000001 00                      46 	.db #0x00	; 0
    00000002 00                      47 	.db #0x00	; 0
    00000003 00                      48 	.db #0x00	; 0
    00000004 3C                      49 	.db #0x3c	; 60
    00000005 3C                      50 	.db #0x3c	; 60
    00000006 7E                      51 	.db #0x7e	; 126
    00000007 7E                      52 	.db #0x7e	; 126
    00000008 5A                      53 	.db #0x5a	; 90	'Z'
    00000009 7E                      54 	.db #0x7e	; 126
    0000000A 42                      55 	.db #0x42	; 66	'B'
    0000000B 7E                      56 	.db #0x7e	; 126
    0000000C 7E                      57 	.db #0x7e	; 126
    0000000D 7E                      58 	.db #0x7e	; 126
    0000000E 00                      59 	.db #0x00	; 0
    0000000F 00                      60 	.db #0x00	; 0
    00000010 00                      61 	.db #0x00	; 0
    00000011 00                      62 	.db #0x00	; 0
    00000012 00                      63 	.db #0x00	; 0
    00000013 66                      64 	.db #0x66	; 102	'f'
    00000014 00                      65 	.db #0x00	; 0
    00000015 00                      66 	.db #0x00	; 0
    00000016 32                      67 	.db #0x32	; 50	'2'
    00000017 00                      68 	.db #0x00	; 0
    00000018 00                      69 	.db #0x00	; 0
    00000019 00                      70 	.db #0x00	; 0
    0000001A 00                      71 	.db #0x00	; 0
    0000001B 18                      72 	.db #0x18	; 24
    0000001C 40                      73 	.db #0x40	; 64
    0000001D 02                      74 	.db #0x02	; 2
    0000001E 00                      75 	.db #0x00	; 0
    0000001F 00                      76 	.db #0x00	; 0
    00000020 FF                      77 	.db #0xff	; 255
    00000021 EE                      78 	.db #0xee	; 238
    00000022 FF                      79 	.db #0xff	; 255
    00000023 00                      80 	.db #0x00	; 0
    00000024 FF                      81 	.db #0xff	; 255
    00000025 77                      82 	.db #0x77	; 119	'w'
    00000026 FF                      83 	.db #0xff	; 255
    00000027 00                      84 	.db #0x00	; 0
    00000028 FF                      85 	.db #0xff	; 255
    00000029 EE                      86 	.db #0xee	; 238
    0000002A FF                      87 	.db #0xff	; 255
    0000002B 00                      88 	.db #0x00	; 0
    0000002C FF                      89 	.db #0xff	; 255
    0000002D 77                      90 	.db #0x77	; 119	'w'
    0000002E FF                      91 	.db #0xff	; 255
    0000002F 00                      92 	.db #0x00	; 0
    00000030 00                      93 	.db #0x00	; 0
    00000031 00                      94 	.db #0x00	; 0
    00000032 3C                      95 	.db #0x3c	; 60
    00000033 3C                      96 	.db #0x3c	; 60
    00000034 42                      97 	.db #0x42	; 66	'B'
    00000035 42                      98 	.db #0x42	; 66	'B'
    00000036 4A                      99 	.db #0x4a	; 74	'J'
    00000037 42                     100 	.db #0x42	; 66	'B'
    00000038 52                     101 	.db #0x52	; 82	'R'
    00000039 4A                     102 	.db #0x4a	; 74	'J'
    0000003A 42                     103 	.db #0x42	; 66	'B'
    0000003B 42                     104 	.db #0x42	; 66	'B'
    0000003C 3C                     105 	.db #0x3c	; 60
    0000003D 3C                     106 	.db #0x3c	; 60
    0000003E 00                     107 	.db #0x00	; 0
    0000003F 00                     108 	.db #0x00	; 0
    00000040 00                     109 	.db #0x00	; 0
    00000041 00                     110 	.db #0x00	; 0
    00000042 00                     111 	.db #0x00	; 0
    00000043 7E                     112 	.db #0x7e	; 126
    00000044 28                     113 	.db #0x28	; 40
    00000045 7E                     114 	.db #0x7e	; 126
    00000046 14                     115 	.db #0x14	; 20
    00000047 7E                     116 	.db #0x7e	; 126
    00000048 00                     117 	.db #0x00	; 0
    00000049 7E                     118 	.db #0x7e	; 126
    0000004A 00                     119 	.db #0x00	; 0
    0000004B 18                     120 	.db #0x18	; 24
    0000004C 00                     121 	.db #0x00	; 0
    0000004D 18                     122 	.db #0x18	; 24
    0000004E 00                     123 	.db #0x00	; 0
    0000004F 3C                     124 	.db #0x3c	; 60
    00000050 00                     125 	.db #0x00	; 0
    00000051 00                     126 	.db #0x00	; 0
    00000052 3C                     127 	.db #0x3c	; 60
    00000053 3C                     128 	.db #0x3c	; 60
    00000054 42                     129 	.db #0x42	; 66	'B'
    00000055 7E                     130 	.db #0x7e	; 126
    00000056 7E                     131 	.db #0x7e	; 126
    00000057 7E                     132 	.db #0x7e	; 126
    00000058 5A                     133 	.db #0x5a	; 90	'Z'
    00000059 7E                     134 	.db #0x7e	; 126
    0000005A 42                     135 	.db #0x42	; 66	'B'
    0000005B 7E                     136 	.db #0x7e	; 126
    0000005C 7E                     137 	.db #0x7e	; 126
    0000005D 7E                     138 	.db #0x7e	; 126
    0000005E 00                     139 	.db #0x00	; 0
    0000005F 00                     140 	.db #0x00	; 0
    00000060 7E                     141 	.db #0x7e	; 126
    00000061 7E                     142 	.db #0x7e	; 126
    00000062 99                     143 	.db #0x99	; 153
    00000063 FF                     144 	.db #0xff	; 255
    00000064 99                     145 	.db #0x99	; 153
    00000065 FF                     146 	.db #0xff	; 255
    00000066 99                     147 	.db #0x99	; 153
    00000067 FF                     148 	.db #0xff	; 255
    00000068 99                     149 	.db #0x99	; 153
    00000069 FF                     150 	.db #0xff	; 255
    0000006A 99                     151 	.db #0x99	; 153
    0000006B FF                     152 	.db #0xff	; 255
    0000006C 99                     153 	.db #0x99	; 153
    0000006D FF                     154 	.db #0xff	; 255
    0000006E FF                     155 	.db #0xff	; 255
    0000006F FF                     156 	.db #0xff	; 255
    00000070 00                     157 	.db #0x00	; 0
    00000071 00                     158 	.db #0x00	; 0
    00000072 00                     159 	.db #0x00	; 0
    00000073 18                     160 	.db #0x18	; 24
    00000074 24                     161 	.db #0x24	; 36
    00000075 3C                     162 	.db #0x3c	; 60
    00000076 7E                     163 	.db #0x7e	; 126
    00000077 66                     164 	.db #0x66	; 102	'f'
    00000078 7E                     165 	.db #0x7e	; 126
    00000079 42                     166 	.db #0x42	; 66	'B'
    0000007A 7E                     167 	.db #0x7e	; 126
    0000007B 42                     168 	.db #0x42	; 66	'B'
    0000007C 7E                     169 	.db #0x7e	; 126
    0000007D 7E                     170 	.db #0x7e	; 126
    0000007E 00                     171 	.db #0x00	; 0
    0000007F 00                     172 	.db #0x00	; 0
    00000080 00                     173 	.db #0x00	; 0
    00000081 00                     174 	.db #0x00	; 0
    00000082 04                     175 	.db #0x04	; 4
    00000083 02                     176 	.db #0x02	; 2
    00000084 0A                     177 	.db #0x0a	; 10
    00000085 04                     178 	.db #0x04	; 4
    00000086 14                     179 	.db #0x14	; 20
    00000087 28                     180 	.db #0x28	; 40
    00000088 28                     181 	.db #0x28	; 40
    00000089 10                     182 	.db #0x10	; 16
    0000008A 50                     183 	.db #0x50	; 80	'P'
    0000008B 28                     184 	.db #0x28	; 40
    0000008C 20                     185 	.db #0x20	; 32
    0000008D 40                     186 	.db #0x40	; 64
    0000008E 00                     187 	.db #0x00	; 0
    0000008F 00                     188 	.db #0x00	; 0
    00000090 7E                     189 	.db #0x7e	; 126
    00000091 7E                     190 	.db #0x7e	; 126
    00000092 81                     191 	.db #0x81	; 129
    00000093 81                     192 	.db #0x81	; 129
    00000094 89                     193 	.db #0x89	; 137
    00000095 81                     194 	.db #0x81	; 129
    00000096 89                     195 	.db #0x89	; 137
    00000097 81                     196 	.db #0x81	; 129
    00000098 B1                     197 	.db #0xb1	; 177
    00000099 89                     198 	.db #0x89	; 137
    0000009A 81                     199 	.db #0x81	; 129
    0000009B 81                     200 	.db #0x81	; 129
    0000009C 81                     201 	.db #0x81	; 129
    0000009D 81                     202 	.db #0x81	; 129
    0000009E 7E                     203 	.db #0x7e	; 126
    0000009F 7E                     204 	.db #0x7e	; 126
    000000A0 7E                     205 	.db #0x7e	; 126
    000000A1 7E                     206 	.db #0x7e	; 126
    000000A2 81                     207 	.db #0x81	; 129
    000000A3 81                     208 	.db #0x81	; 129
    000000A4 89                     209 	.db #0x89	; 137
    000000A5 81                     210 	.db #0x81	; 129
    000000A6 89                     211 	.db #0x89	; 137
    000000A7 81                     212 	.db #0x81	; 129
    000000A8 B1                     213 	.db #0xb1	; 177
    000000A9 89                     214 	.db #0x89	; 137
    000000AA 81                     215 	.db #0x81	; 129
    000000AB 81                     216 	.db #0x81	; 129
    000000AC 81                     217 	.db #0x81	; 129
    000000AD 81                     218 	.db #0x81	; 129
    000000AE 7E                     219 	.db #0x7e	; 126
    000000AF 7E                     220 	.db #0x7e	; 126
    000000B0 00                     221 	.db #0x00	; 0
    000000B1 00                     222 	.db #0x00	; 0
    000000B2 00                     223 	.db #0x00	; 0
    000000B3 00                     224 	.db #0x00	; 0
    000000B4 60                     225 	.db #0x60	; 96
    000000B5 60                     226 	.db #0x60	; 96
    000000B6 7E                     227 	.db #0x7e	; 126
    000000B7 7E                     228 	.db #0x7e	; 126
    000000B8 62                     229 	.db #0x62	; 98	'b'
    000000B9 62                     230 	.db #0x62	; 98	'b'
    000000BA 00                     231 	.db #0x00	; 0
    000000BB 00                     232 	.db #0x00	; 0
    000000BC 00                     233 	.db #0x00	; 0
    000000BD 00                     234 	.db #0x00	; 0
    000000BE 00                     235 	.db #0x00	; 0
    000000BF 00                     236 	.db #0x00	; 0
    000000C0 66                     237 	.db #0x66	; 102	'f'
    000000C1 66                     238 	.db #0x66	; 102	'f'
    000000C2 99                     239 	.db #0x99	; 153
    000000C3 FF                     240 	.db #0xff	; 255
    000000C4 81                     241 	.db #0x81	; 129
    000000C5 FF                     242 	.db #0xff	; 255
    000000C6 81                     243 	.db #0x81	; 129
    000000C7 FF                     244 	.db #0xff	; 255
    000000C8 42                     245 	.db #0x42	; 66	'B'
    000000C9 7E                     246 	.db #0x7e	; 126
    000000CA 24                     247 	.db #0x24	; 36
    000000CB 3C                     248 	.db #0x3c	; 60
    000000CC 18                     249 	.db #0x18	; 24
    000000CD 18                     250 	.db #0x18	; 24
    000000CE 00                     251 	.db #0x00	; 0
    000000CF 00                     252 	.db #0x00	; 0
    000000D0 00                     253 	.db #0x00	; 0
    000000D1 00                     254 	.db #0x00	; 0
    000000D2 18                     255 	.db #0x18	; 24
    000000D3 18                     256 	.db #0x18	; 24
    000000D4 24                     257 	.db #0x24	; 36
    000000D5 3C                     258 	.db #0x3c	; 60
    000000D6 52                     259 	.db #0x52	; 82	'R'
    000000D7 6E                     260 	.db #0x6e	; 110	'n'
    000000D8 4A                     261 	.db #0x4a	; 74	'J'
    000000D9 76                     262 	.db #0x76	; 118	'v'
    000000DA 24                     263 	.db #0x24	; 36
    000000DB 3C                     264 	.db #0x3c	; 60
    000000DC 18                     265 	.db #0x18	; 24
    000000DD 18                     266 	.db #0x18	; 24
    000000DE 00                     267 	.db #0x00	; 0
    000000DF 00                     268 	.db #0x00	; 0
    000000E0 10                     269 	.db #0x10	; 16
    000000E1 10                     270 	.db #0x10	; 16
    000000E2 10                     271 	.db #0x10	; 16
    000000E3 10                     272 	.db #0x10	; 16
    000000E4 10                     273 	.db #0x10	; 16
    000000E5 10                     274 	.db #0x10	; 16
    000000E6 1F                     275 	.db #0x1f	; 31
    000000E7 1F                     276 	.db #0x1f	; 31
    000000E8 10                     277 	.db #0x10	; 16
    000000E9 10                     278 	.db #0x10	; 16
    000000EA 10                     279 	.db #0x10	; 16
    000000EB 10                     280 	.db #0x10	; 16
    000000EC 10                     281 	.db #0x10	; 16
    000000ED 10                     282 	.db #0x10	; 16
    000000EE 10                     283 	.db #0x10	; 16
    000000EF 10                     284 	.db #0x10	; 16
    000000F0 08                     285 	.db #0x08	; 8
    000000F1 08                     286 	.db #0x08	; 8
    000000F2 08                     287 	.db #0x08	; 8
    000000F3 08                     288 	.db #0x08	; 8
    000000F4 08                     289 	.db #0x08	; 8
    000000F5 08                     290 	.db #0x08	; 8
    000000F6 F8                     291 	.db #0xf8	; 248
    000000F7 F8                     292 	.db #0xf8	; 248
    000000F8 08                     293 	.db #0x08	; 8
    000000F9 08                     294 	.db #0x08	; 8
    000000FA 08                     295 	.db #0x08	; 8
    000000FB 08                     296 	.db #0x08	; 8
    000000FC 08                     297 	.db #0x08	; 8
    000000FD 08                     298 	.db #0x08	; 8
    000000FE 08                     299 	.db #0x08	; 8
    000000FF 08                     300 	.db #0x08	; 8
    00000100 10                     301 	.db #0x10	; 16
    00000101 10                     302 	.db #0x10	; 16
    00000102 10                     303 	.db #0x10	; 16
    00000103 10                     304 	.db #0x10	; 16
    00000104 10                     305 	.db #0x10	; 16
    00000105 10                     306 	.db #0x10	; 16
    00000106 10                     307 	.db #0x10	; 16
    00000107 10                     308 	.db #0x10	; 16
    00000108 0F                     309 	.db #0x0f	; 15
    00000109 0F                     310 	.db #0x0f	; 15
    0000010A 00                     311 	.db #0x00	; 0
    0000010B 00                     312 	.db #0x00	; 0
    0000010C 00                     313 	.db #0x00	; 0
    0000010D 00                     314 	.db #0x00	; 0
    0000010E 00                     315 	.db #0x00	; 0
    0000010F 00                     316 	.db #0x00	; 0
    00000110 08                     317 	.db #0x08	; 8
    00000111 08                     318 	.db #0x08	; 8
    00000112 08                     319 	.db #0x08	; 8
    00000113 08                     320 	.db #0x08	; 8
    00000114 08                     321 	.db #0x08	; 8
    00000115 08                     322 	.db #0x08	; 8
    00000116 08                     323 	.db #0x08	; 8
    00000117 08                     324 	.db #0x08	; 8
    00000118 F0                     325 	.db #0xf0	; 240
    00000119 F0                     326 	.db #0xf0	; 240
    0000011A 00                     327 	.db #0x00	; 0
    0000011B 00                     328 	.db #0x00	; 0
    0000011C 00                     329 	.db #0x00	; 0
    0000011D 00                     330 	.db #0x00	; 0
    0000011E 00                     331 	.db #0x00	; 0
    0000011F 00                     332 	.db #0x00	; 0
    00000120 00                     333 	.db #0x00	; 0
    00000121 00                     334 	.db #0x00	; 0
    00000122 00                     335 	.db #0x00	; 0
    00000123 00                     336 	.db #0x00	; 0
    00000124 00                     337 	.db #0x00	; 0
    00000125 00                     338 	.db #0x00	; 0
    00000126 FF                     339 	.db #0xff	; 255
    00000127 FF                     340 	.db #0xff	; 255
    00000128 00                     341 	.db #0x00	; 0
    00000129 00                     342 	.db #0x00	; 0
    0000012A 00                     343 	.db #0x00	; 0
    0000012B 00                     344 	.db #0x00	; 0
    0000012C 00                     345 	.db #0x00	; 0
    0000012D 00                     346 	.db #0x00	; 0
    0000012E 00                     347 	.db #0x00	; 0
    0000012F 00                     348 	.db #0x00	; 0
    00000130 00                     349 	.db #0x00	; 0
    00000131 00                     350 	.db #0x00	; 0
    00000132 00                     351 	.db #0x00	; 0
    00000133 00                     352 	.db #0x00	; 0
    00000134 00                     353 	.db #0x00	; 0
    00000135 00                     354 	.db #0x00	; 0
    00000136 F0                     355 	.db #0xf0	; 240
    00000137 F0                     356 	.db #0xf0	; 240
    00000138 08                     357 	.db #0x08	; 8
    00000139 08                     358 	.db #0x08	; 8
    0000013A 08                     359 	.db #0x08	; 8
    0000013B 08                     360 	.db #0x08	; 8
    0000013C 08                     361 	.db #0x08	; 8
    0000013D 08                     362 	.db #0x08	; 8
    0000013E 08                     363 	.db #0x08	; 8
    0000013F 08                     364 	.db #0x08	; 8
    00000140 00                     365 	.db #0x00	; 0
    00000141 00                     366 	.db #0x00	; 0
    00000142 00                     367 	.db #0x00	; 0
    00000143 00                     368 	.db #0x00	; 0
    00000144 00                     369 	.db #0x00	; 0
    00000145 00                     370 	.db #0x00	; 0
    00000146 0F                     371 	.db #0x0f	; 15
    00000147 0F                     372 	.db #0x0f	; 15
    00000148 10                     373 	.db #0x10	; 16
    00000149 10                     374 	.db #0x10	; 16
    0000014A 10                     375 	.db #0x10	; 16
    0000014B 10                     376 	.db #0x10	; 16
    0000014C 10                     377 	.db #0x10	; 16
    0000014D 10                     378 	.db #0x10	; 16
    0000014E 10                     379 	.db #0x10	; 16
    0000014F 10                     380 	.db #0x10	; 16
    00000150 10                     381 	.db #0x10	; 16
    00000151 10                     382 	.db #0x10	; 16
    00000152 10                     383 	.db #0x10	; 16
    00000153 10                     384 	.db #0x10	; 16
    00000154 10                     385 	.db #0x10	; 16
    00000155 10                     386 	.db #0x10	; 16
    00000156 10                     387 	.db #0x10	; 16
    00000157 10                     388 	.db #0x10	; 16
    00000158 10                     389 	.db #0x10	; 16
    00000159 10                     390 	.db #0x10	; 16
    0000015A 10                     391 	.db #0x10	; 16
    0000015B 10                     392 	.db #0x10	; 16
    0000015C 10                     393 	.db #0x10	; 16
    0000015D 10                     394 	.db #0x10	; 16
    0000015E 10                     395 	.db #0x10	; 16
    0000015F 10                     396 	.db #0x10	; 16
    00000160 08                     397 	.db #0x08	; 8
    00000161 08                     398 	.db #0x08	; 8
    00000162 08                     399 	.db #0x08	; 8
    00000163 08                     400 	.db #0x08	; 8
    00000164 08                     401 	.db #0x08	; 8
    00000165 08                     402 	.db #0x08	; 8
    00000166 08                     403 	.db #0x08	; 8
    00000167 08                     404 	.db #0x08	; 8
    00000168 08                     405 	.db #0x08	; 8
    00000169 08                     406 	.db #0x08	; 8
    0000016A 08                     407 	.db #0x08	; 8
    0000016B 08                     408 	.db #0x08	; 8
    0000016C 08                     409 	.db #0x08	; 8
    0000016D 08                     410 	.db #0x08	; 8
    0000016E 08                     411 	.db #0x08	; 8
    0000016F 08                     412 	.db #0x08	; 8
    00000170 00                     413 	.db #0x00	; 0
    00000171 00                     414 	.db #0x00	; 0
    00000172 00                     415 	.db #0x00	; 0
    00000173 00                     416 	.db #0x00	; 0
    00000174 00                     417 	.db #0x00	; 0
    00000175 00                     418 	.db #0x00	; 0
    00000176 00                     419 	.db #0x00	; 0
    00000177 00                     420 	.db #0x00	; 0
    00000178 FF                     421 	.db #0xff	; 255
    00000179 FF                     422 	.db #0xff	; 255
    0000017A 00                     423 	.db #0x00	; 0
    0000017B 00                     424 	.db #0x00	; 0
    0000017C 00                     425 	.db #0x00	; 0
    0000017D 00                     426 	.db #0x00	; 0
    0000017E 00                     427 	.db #0x00	; 0
    0000017F 00                     428 	.db #0x00	; 0
    00000180 00                     429 	.db #0x00	; 0
    00000181 00                     430 	.db #0x00	; 0
    00000182 00                     431 	.db #0x00	; 0
    00000183 00                     432 	.db #0x00	; 0
    00000184 00                     433 	.db #0x00	; 0
    00000185 3E                     434 	.db #0x3e	; 62
    00000186 00                     435 	.db #0x00	; 0
    00000187 3E                     436 	.db #0x3e	; 62
    00000188 00                     437 	.db #0x00	; 0
    00000189 1C                     438 	.db #0x1c	; 28
    0000018A 00                     439 	.db #0x00	; 0
    0000018B 08                     440 	.db #0x08	; 8
    0000018C 00                     441 	.db #0x00	; 0
    0000018D 00                     442 	.db #0x00	; 0
    0000018E 00                     443 	.db #0x00	; 0
    0000018F 00                     444 	.db #0x00	; 0
    00000190 7F                     445 	.db #0x7f	; 127
    00000191 7F                     446 	.db #0x7f	; 127
    00000192 63                     447 	.db #0x63	; 99	'c'
    00000193 63                     448 	.db #0x63	; 99	'c'
    00000194 5D                     449 	.db #0x5d	; 93
    00000195 5D                     450 	.db #0x5d	; 93
    00000196 5D                     451 	.db #0x5d	; 93
    00000197 5D                     452 	.db #0x5d	; 93
    00000198 41                     453 	.db #0x41	; 65	'A'
    00000199 41                     454 	.db #0x41	; 65	'A'
    0000019A 5D                     455 	.db #0x5d	; 93
    0000019B 5D                     456 	.db #0x5d	; 93
    0000019C 5D                     457 	.db #0x5d	; 93
    0000019D 5D                     458 	.db #0x5d	; 93
    0000019E 7F                     459 	.db #0x7f	; 127
    0000019F 7F                     460 	.db #0x7f	; 127
    000001A0 00                     461 	.db #0x00	; 0
    000001A1 00                     462 	.db #0x00	; 0
    000001A2 00                     463 	.db #0x00	; 0
    000001A3 00                     464 	.db #0x00	; 0
    000001A4 3C                     465 	.db #0x3c	; 60
    000001A5 3C                     466 	.db #0x3c	; 60
    000001A6 00                     467 	.db #0x00	; 0
    000001A7 00                     468 	.db #0x00	; 0
    000001A8 3C                     469 	.db #0x3c	; 60
    000001A9 3C                     470 	.db #0x3c	; 60
    000001AA 00                     471 	.db #0x00	; 0
    000001AB 00                     472 	.db #0x00	; 0
    000001AC 00                     473 	.db #0x00	; 0
    000001AD 00                     474 	.db #0x00	; 0
    000001AE 00                     475 	.db #0x00	; 0
    000001AF 00                     476 	.db #0x00	; 0
    000001B0 00                     477 	.db #0x00	; 0
    000001B1 00                     478 	.db #0x00	; 0
    000001B2 00                     479 	.db #0x00	; 0
    000001B3 00                     480 	.db #0x00	; 0
    000001B4 00                     481 	.db #0x00	; 0
    000001B5 00                     482 	.db #0x00	; 0
    000001B6 7C                     483 	.db #0x7c	; 124
    000001B7 7C                     484 	.db #0x7c	; 124
    000001B8 00                     485 	.db #0x00	; 0
    000001B9 00                     486 	.db #0x00	; 0
    000001BA 00                     487 	.db #0x00	; 0
    000001BB 00                     488 	.db #0x00	; 0
    000001BC 00                     489 	.db #0x00	; 0
    000001BD 00                     490 	.db #0x00	; 0
    000001BE 00                     491 	.db #0x00	; 0
    000001BF 00                     492 	.db #0x00	; 0
    000001C0 00                     493 	.db #0x00	; 0
    000001C1 00                     494 	.db #0x00	; 0
    000001C2 00                     495 	.db #0x00	; 0
    000001C3 00                     496 	.db #0x00	; 0
    000001C4 04                     497 	.db #0x04	; 4
    000001C5 04                     498 	.db #0x04	; 4
    000001C6 08                     499 	.db #0x08	; 8
    000001C7 08                     500 	.db #0x08	; 8
    000001C8 10                     501 	.db #0x10	; 16
    000001C9 10                     502 	.db #0x10	; 16
    000001CA 20                     503 	.db #0x20	; 32
    000001CB 20                     504 	.db #0x20	; 32
    000001CC 00                     505 	.db #0x00	; 0
    000001CD 00                     506 	.db #0x00	; 0
    000001CE 00                     507 	.db #0x00	; 0
    000001CF 00                     508 	.db #0x00	; 0
    000001D0 00                     509 	.db #0x00	; 0
    000001D1 00                     510 	.db #0x00	; 0
    000001D2 00                     511 	.db #0x00	; 0
    000001D3 00                     512 	.db #0x00	; 0
    000001D4 24                     513 	.db #0x24	; 36
    000001D5 24                     514 	.db #0x24	; 36
    000001D6 18                     515 	.db #0x18	; 24
    000001D7 18                     516 	.db #0x18	; 24
    000001D8 18                     517 	.db #0x18	; 24
    000001D9 18                     518 	.db #0x18	; 24
    000001DA 24                     519 	.db #0x24	; 36
    000001DB 24                     520 	.db #0x24	; 36
    000001DC 00                     521 	.db #0x00	; 0
    000001DD 00                     522 	.db #0x00	; 0
    000001DE 00                     523 	.db #0x00	; 0
    000001DF 00                     524 	.db #0x00	; 0
    000001E0 00                     525 	.db #0x00	; 0
    000001E1 00                     526 	.db #0x00	; 0
    000001E2 00                     527 	.db #0x00	; 0
    000001E3 00                     528 	.db #0x00	; 0
    000001E4 10                     529 	.db #0x10	; 16
    000001E5 10                     530 	.db #0x10	; 16
    000001E6 00                     531 	.db #0x00	; 0
    000001E7 00                     532 	.db #0x00	; 0
    000001E8 10                     533 	.db #0x10	; 16
    000001E9 10                     534 	.db #0x10	; 16
    000001EA 00                     535 	.db #0x00	; 0
    000001EB 00                     536 	.db #0x00	; 0
    000001EC 00                     537 	.db #0x00	; 0
    000001ED 00                     538 	.db #0x00	; 0
    000001EE 00                     539 	.db #0x00	; 0
    000001EF 00                     540 	.db #0x00	; 0
    000001F0 00                     541 	.db #0x00	; 0
    000001F1 00                     542 	.db #0x00	; 0
    000001F2 18                     543 	.db #0x18	; 24
    000001F3 18                     544 	.db #0x18	; 24
    000001F4 24                     545 	.db #0x24	; 36
    000001F5 24                     546 	.db #0x24	; 36
    000001F6 08                     547 	.db #0x08	; 8
    000001F7 08                     548 	.db #0x08	; 8
    000001F8 08                     549 	.db #0x08	; 8
    000001F9 08                     550 	.db #0x08	; 8
    000001FA 00                     551 	.db #0x00	; 0
    000001FB 00                     552 	.db #0x00	; 0
    000001FC 08                     553 	.db #0x08	; 8
    000001FD 08                     554 	.db #0x08	; 8
    000001FE 00                     555 	.db #0x00	; 0
    000001FF 00                     556 	.db #0x00	; 0
    00000200 00                     557 	.db #0x00	; 0
    00000201 00                     558 	.db #0x00	; 0
    00000202 00                     559 	.db #0x00	; 0
    00000203 00                     560 	.db #0x00	; 0
    00000204 00                     561 	.db #0x00	; 0
    00000205 00                     562 	.db #0x00	; 0
    00000206 00                     563 	.db #0x00	; 0
    00000207 00                     564 	.db #0x00	; 0
    00000208 00                     565 	.db #0x00	; 0
    00000209 00                     566 	.db #0x00	; 0
    0000020A 20                     567 	.db #0x20	; 32
    0000020B 20                     568 	.db #0x20	; 32
    0000020C 20                     569 	.db #0x20	; 32
    0000020D 20                     570 	.db #0x20	; 32
    0000020E 00                     571 	.db #0x00	; 0
    0000020F 00                     572 	.db #0x00	; 0
    00000210 00                     573 	.db #0x00	; 0
    00000211 00                     574 	.db #0x00	; 0
    00000212 00                     575 	.db #0x00	; 0
    00000213 00                     576 	.db #0x00	; 0
    00000214 00                     577 	.db #0x00	; 0
    00000215 00                     578 	.db #0x00	; 0
    00000216 00                     579 	.db #0x00	; 0
    00000217 00                     580 	.db #0x00	; 0
    00000218 00                     581 	.db #0x00	; 0
    00000219 00                     582 	.db #0x00	; 0
    0000021A 00                     583 	.db #0x00	; 0
    0000021B 00                     584 	.db #0x00	; 0
    0000021C 20                     585 	.db #0x20	; 32
    0000021D 20                     586 	.db #0x20	; 32
    0000021E 00                     587 	.db #0x00	; 0
    0000021F 00                     588 	.db #0x00	; 0
    00000220 00                     589 	.db #0x00	; 0
    00000221 00                     590 	.db #0x00	; 0
    00000222 20                     591 	.db #0x20	; 32
    00000223 20                     592 	.db #0x20	; 32
    00000224 20                     593 	.db #0x20	; 32
    00000225 20                     594 	.db #0x20	; 32
    00000226 20                     595 	.db #0x20	; 32
    00000227 20                     596 	.db #0x20	; 32
    00000228 20                     597 	.db #0x20	; 32
    00000229 20                     598 	.db #0x20	; 32
    0000022A 00                     599 	.db #0x00	; 0
    0000022B 00                     600 	.db #0x00	; 0
    0000022C 20                     601 	.db #0x20	; 32
    0000022D 20                     602 	.db #0x20	; 32
    0000022E 00                     603 	.db #0x00	; 0
    0000022F 00                     604 	.db #0x00	; 0
    00000230 00                     605 	.db #0x00	; 0
    00000231 00                     606 	.db #0x00	; 0
    00000232 38                     607 	.db #0x38	; 56	'8'
    00000233 38                     608 	.db #0x38	; 56	'8'
    00000234 4C                     609 	.db #0x4c	; 76	'L'
    00000235 4C                     610 	.db #0x4c	; 76	'L'
    00000236 54                     611 	.db #0x54	; 84	'T'
    00000237 54                     612 	.db #0x54	; 84	'T'
    00000238 64                     613 	.db #0x64	; 100	'd'
    00000239 64                     614 	.db #0x64	; 100	'd'
    0000023A 44                     615 	.db #0x44	; 68	'D'
    0000023B 44                     616 	.db #0x44	; 68	'D'
    0000023C 38                     617 	.db #0x38	; 56	'8'
    0000023D 38                     618 	.db #0x38	; 56	'8'
    0000023E 00                     619 	.db #0x00	; 0
    0000023F 00                     620 	.db #0x00	; 0
    00000240 00                     621 	.db #0x00	; 0
    00000241 00                     622 	.db #0x00	; 0
    00000242 38                     623 	.db #0x38	; 56	'8'
    00000243 38                     624 	.db #0x38	; 56	'8'
    00000244 44                     625 	.db #0x44	; 68	'D'
    00000245 44                     626 	.db #0x44	; 68	'D'
    00000246 44                     627 	.db #0x44	; 68	'D'
    00000247 44                     628 	.db #0x44	; 68	'D'
    00000248 3C                     629 	.db #0x3c	; 60
    00000249 3C                     630 	.db #0x3c	; 60
    0000024A 04                     631 	.db #0x04	; 4
    0000024B 04                     632 	.db #0x04	; 4
    0000024C 04                     633 	.db #0x04	; 4
    0000024D 04                     634 	.db #0x04	; 4
    0000024E 00                     635 	.db #0x00	; 0
    0000024F 00                     636 	.db #0x00	; 0
    00000250 00                     637 	.db #0x00	; 0
    00000251 00                     638 	.db #0x00	; 0
    00000252 38                     639 	.db #0x38	; 56	'8'
    00000253 38                     640 	.db #0x38	; 56	'8'
    00000254 44                     641 	.db #0x44	; 68	'D'
    00000255 44                     642 	.db #0x44	; 68	'D'
    00000256 38                     643 	.db #0x38	; 56	'8'
    00000257 38                     644 	.db #0x38	; 56	'8'
    00000258 44                     645 	.db #0x44	; 68	'D'
    00000259 44                     646 	.db #0x44	; 68	'D'
    0000025A 44                     647 	.db #0x44	; 68	'D'
    0000025B 44                     648 	.db #0x44	; 68	'D'
    0000025C 38                     649 	.db #0x38	; 56	'8'
    0000025D 38                     650 	.db #0x38	; 56	'8'
    0000025E 00                     651 	.db #0x00	; 0
    0000025F 00                     652 	.db #0x00	; 0
    00000260 00                     653 	.db #0x00	; 0
    00000261 00                     654 	.db #0x00	; 0
    00000262 78                     655 	.db #0x78	; 120	'x'
    00000263 78                     656 	.db #0x78	; 120	'x'
    00000264 04                     657 	.db #0x04	; 4
    00000265 04                     658 	.db #0x04	; 4
    00000266 04                     659 	.db #0x04	; 4
    00000267 04                     660 	.db #0x04	; 4
    00000268 3C                     661 	.db #0x3c	; 60
    00000269 3C                     662 	.db #0x3c	; 60
    0000026A 04                     663 	.db #0x04	; 4
    0000026B 04                     664 	.db #0x04	; 4
    0000026C 04                     665 	.db #0x04	; 4
    0000026D 04                     666 	.db #0x04	; 4
    0000026E 00                     667 	.db #0x00	; 0
    0000026F 00                     668 	.db #0x00	; 0
    00000270 00                     669 	.db #0x00	; 0
    00000271 00                     670 	.db #0x00	; 0
    00000272 38                     671 	.db #0x38	; 56	'8'
    00000273 38                     672 	.db #0x38	; 56	'8'
    00000274 40                     673 	.db #0x40	; 64
    00000275 40                     674 	.db #0x40	; 64
    00000276 58                     675 	.db #0x58	; 88	'X'
    00000277 58                     676 	.db #0x58	; 88	'X'
    00000278 64                     677 	.db #0x64	; 100	'd'
    00000279 64                     678 	.db #0x64	; 100	'd'
    0000027A 44                     679 	.db #0x44	; 68	'D'
    0000027B 44                     680 	.db #0x44	; 68	'D'
    0000027C 38                     681 	.db #0x38	; 56	'8'
    0000027D 38                     682 	.db #0x38	; 56	'8'
    0000027E 00                     683 	.db #0x00	; 0
    0000027F 00                     684 	.db #0x00	; 0
    00000280 00                     685 	.db #0x00	; 0
    00000281 00                     686 	.db #0x00	; 0
    00000282 3C                     687 	.db #0x3c	; 60
    00000283 3C                     688 	.db #0x3c	; 60
    00000284 20                     689 	.db #0x20	; 32
    00000285 20                     690 	.db #0x20	; 32
    00000286 38                     691 	.db #0x38	; 56	'8'
    00000287 38                     692 	.db #0x38	; 56	'8'
    00000288 04                     693 	.db #0x04	; 4
    00000289 04                     694 	.db #0x04	; 4
    0000028A 04                     695 	.db #0x04	; 4
    0000028B 04                     696 	.db #0x04	; 4
    0000028C 38                     697 	.db #0x38	; 56	'8'
    0000028D 38                     698 	.db #0x38	; 56	'8'
    0000028E 00                     699 	.db #0x00	; 0
    0000028F 00                     700 	.db #0x00	; 0
    00000290 00                     701 	.db #0x00	; 0
    00000291 00                     702 	.db #0x00	; 0
    00000292 20                     703 	.db #0x20	; 32
    00000293 20                     704 	.db #0x20	; 32
    00000294 28                     705 	.db #0x28	; 40
    00000295 28                     706 	.db #0x28	; 40
    00000296 28                     707 	.db #0x28	; 40
    00000297 28                     708 	.db #0x28	; 40
    00000298 3C                     709 	.db #0x3c	; 60
    00000299 3C                     710 	.db #0x3c	; 60
    0000029A 08                     711 	.db #0x08	; 8
    0000029B 08                     712 	.db #0x08	; 8
    0000029C 08                     713 	.db #0x08	; 8
    0000029D 08                     714 	.db #0x08	; 8
    0000029E 00                     715 	.db #0x00	; 0
    0000029F 00                     716 	.db #0x00	; 0
    000002A0 00                     717 	.db #0x00	; 0
    000002A1 00                     718 	.db #0x00	; 0
    000002A2 78                     719 	.db #0x78	; 120	'x'
    000002A3 78                     720 	.db #0x78	; 120	'x'
    000002A4 04                     721 	.db #0x04	; 4
    000002A5 04                     722 	.db #0x04	; 4
    000002A6 3C                     723 	.db #0x3c	; 60
    000002A7 3C                     724 	.db #0x3c	; 60
    000002A8 04                     725 	.db #0x04	; 4
    000002A9 04                     726 	.db #0x04	; 4
    000002AA 04                     727 	.db #0x04	; 4
    000002AB 04                     728 	.db #0x04	; 4
    000002AC 78                     729 	.db #0x78	; 120	'x'
    000002AD 78                     730 	.db #0x78	; 120	'x'
    000002AE 00                     731 	.db #0x00	; 0
    000002AF 00                     732 	.db #0x00	; 0
    000002B0 00                     733 	.db #0x00	; 0
    000002B1 00                     734 	.db #0x00	; 0
    000002B2 78                     735 	.db #0x78	; 120	'x'
    000002B3 78                     736 	.db #0x78	; 120	'x'
    000002B4 04                     737 	.db #0x04	; 4
    000002B5 04                     738 	.db #0x04	; 4
    000002B6 04                     739 	.db #0x04	; 4
    000002B7 04                     740 	.db #0x04	; 4
    000002B8 18                     741 	.db #0x18	; 24
    000002B9 18                     742 	.db #0x18	; 24
    000002BA 20                     743 	.db #0x20	; 32
    000002BB 20                     744 	.db #0x20	; 32
    000002BC 7C                     745 	.db #0x7c	; 124
    000002BD 7C                     746 	.db #0x7c	; 124
    000002BE 00                     747 	.db #0x00	; 0
    000002BF 00                     748 	.db #0x00	; 0
    000002C0 00                     749 	.db #0x00	; 0
    000002C1 00                     750 	.db #0x00	; 0
    000002C2 04                     751 	.db #0x04	; 4
    000002C3 04                     752 	.db #0x04	; 4
    000002C4 0C                     753 	.db #0x0c	; 12
    000002C5 0C                     754 	.db #0x0c	; 12
    000002C6 14                     755 	.db #0x14	; 20
    000002C7 14                     756 	.db #0x14	; 20
    000002C8 24                     757 	.db #0x24	; 36
    000002C9 24                     758 	.db #0x24	; 36
    000002CA 04                     759 	.db #0x04	; 4
    000002CB 04                     760 	.db #0x04	; 4
    000002CC 04                     761 	.db #0x04	; 4
    000002CD 04                     762 	.db #0x04	; 4
    000002CE 00                     763 	.db #0x00	; 0
    000002CF 00                     764 	.db #0x00	; 0
    000002D0 00                     765 	.db #0x00	; 0
    000002D1 00                     766 	.db #0x00	; 0
    000002D2 3C                     767 	.db #0x3c	; 60
    000002D3 3C                     768 	.db #0x3c	; 60
    000002D4 04                     769 	.db #0x04	; 4
    000002D5 04                     770 	.db #0x04	; 4
    000002D6 08                     771 	.db #0x08	; 8
    000002D7 08                     772 	.db #0x08	; 8
    000002D8 10                     773 	.db #0x10	; 16
    000002D9 10                     774 	.db #0x10	; 16
    000002DA 20                     775 	.db #0x20	; 32
    000002DB 20                     776 	.db #0x20	; 32
    000002DC 3C                     777 	.db #0x3c	; 60
    000002DD 3C                     778 	.db #0x3c	; 60
    000002DE 00                     779 	.db #0x00	; 0
    000002DF 00                     780 	.db #0x00	; 0
    000002E0 00                     781 	.db #0x00	; 0
    000002E1 00                     782 	.db #0x00	; 0
    000002E2 44                     783 	.db #0x44	; 68	'D'
    000002E3 44                     784 	.db #0x44	; 68	'D'
    000002E4 44                     785 	.db #0x44	; 68	'D'
    000002E5 44                     786 	.db #0x44	; 68	'D'
    000002E6 28                     787 	.db #0x28	; 40
    000002E7 28                     788 	.db #0x28	; 40
    000002E8 38                     789 	.db #0x38	; 56	'8'
    000002E9 38                     790 	.db #0x38	; 56	'8'
    000002EA 10                     791 	.db #0x10	; 16
    000002EB 10                     792 	.db #0x10	; 16
    000002EC 10                     793 	.db #0x10	; 16
    000002ED 10                     794 	.db #0x10	; 16
    000002EE 00                     795 	.db #0x00	; 0
    000002EF 00                     796 	.db #0x00	; 0
    000002F0 00                     797 	.db #0x00	; 0
    000002F1 00                     798 	.db #0x00	; 0
    000002F2 42                     799 	.db #0x42	; 66	'B'
    000002F3 42                     800 	.db #0x42	; 66	'B'
    000002F4 24                     801 	.db #0x24	; 36
    000002F5 24                     802 	.db #0x24	; 36
    000002F6 18                     803 	.db #0x18	; 24
    000002F7 18                     804 	.db #0x18	; 24
    000002F8 18                     805 	.db #0x18	; 24
    000002F9 18                     806 	.db #0x18	; 24
    000002FA 24                     807 	.db #0x24	; 36
    000002FB 24                     808 	.db #0x24	; 36
    000002FC 42                     809 	.db #0x42	; 66	'B'
    000002FD 42                     810 	.db #0x42	; 66	'B'
    000002FE 00                     811 	.db #0x00	; 0
    000002FF 00                     812 	.db #0x00	; 0
    00000300 00                     813 	.db #0x00	; 0
    00000301 00                     814 	.db #0x00	; 0
    00000302 44                     815 	.db #0x44	; 68	'D'
    00000303 44                     816 	.db #0x44	; 68	'D'
    00000304 44                     817 	.db #0x44	; 68	'D'
    00000305 44                     818 	.db #0x44	; 68	'D'
    00000306 44                     819 	.db #0x44	; 68	'D'
    00000307 44                     820 	.db #0x44	; 68	'D'
    00000308 54                     821 	.db #0x54	; 84	'T'
    00000309 54                     822 	.db #0x54	; 84	'T'
    0000030A 6C                     823 	.db #0x6c	; 108	'l'
    0000030B 6C                     824 	.db #0x6c	; 108	'l'
    0000030C 44                     825 	.db #0x44	; 68	'D'
    0000030D 44                     826 	.db #0x44	; 68	'D'
    0000030E 00                     827 	.db #0x00	; 0
    0000030F 00                     828 	.db #0x00	; 0
    00000310 00                     829 	.db #0x00	; 0
    00000311 00                     830 	.db #0x00	; 0
    00000312 44                     831 	.db #0x44	; 68	'D'
    00000313 44                     832 	.db #0x44	; 68	'D'
    00000314 44                     833 	.db #0x44	; 68	'D'
    00000315 44                     834 	.db #0x44	; 68	'D'
    00000316 44                     835 	.db #0x44	; 68	'D'
    00000317 44                     836 	.db #0x44	; 68	'D'
    00000318 44                     837 	.db #0x44	; 68	'D'
    00000319 44                     838 	.db #0x44	; 68	'D'
    0000031A 28                     839 	.db #0x28	; 40
    0000031B 28                     840 	.db #0x28	; 40
    0000031C 10                     841 	.db #0x10	; 16
    0000031D 10                     842 	.db #0x10	; 16
    0000031E 00                     843 	.db #0x00	; 0
    0000031F 00                     844 	.db #0x00	; 0
    00000320 00                     845 	.db #0x00	; 0
    00000321 00                     846 	.db #0x00	; 0
    00000322 44                     847 	.db #0x44	; 68	'D'
    00000323 44                     848 	.db #0x44	; 68	'D'
    00000324 44                     849 	.db #0x44	; 68	'D'
    00000325 44                     850 	.db #0x44	; 68	'D'
    00000326 44                     851 	.db #0x44	; 68	'D'
    00000327 44                     852 	.db #0x44	; 68	'D'
    00000328 44                     853 	.db #0x44	; 68	'D'
    00000329 44                     854 	.db #0x44	; 68	'D'
    0000032A 44                     855 	.db #0x44	; 68	'D'
    0000032B 44                     856 	.db #0x44	; 68	'D'
    0000032C 38                     857 	.db #0x38	; 56	'8'
    0000032D 38                     858 	.db #0x38	; 56	'8'
    0000032E 00                     859 	.db #0x00	; 0
    0000032F 00                     860 	.db #0x00	; 0
    00000330 00                     861 	.db #0x00	; 0
    00000331 00                     862 	.db #0x00	; 0
    00000332 7C                     863 	.db #0x7c	; 124
    00000333 7C                     864 	.db #0x7c	; 124
    00000334 10                     865 	.db #0x10	; 16
    00000335 10                     866 	.db #0x10	; 16
    00000336 10                     867 	.db #0x10	; 16
    00000337 10                     868 	.db #0x10	; 16
    00000338 10                     869 	.db #0x10	; 16
    00000339 10                     870 	.db #0x10	; 16
    0000033A 10                     871 	.db #0x10	; 16
    0000033B 10                     872 	.db #0x10	; 16
    0000033C 10                     873 	.db #0x10	; 16
    0000033D 10                     874 	.db #0x10	; 16
    0000033E 00                     875 	.db #0x00	; 0
    0000033F 00                     876 	.db #0x00	; 0
    00000340 00                     877 	.db #0x00	; 0
    00000341 00                     878 	.db #0x00	; 0
    00000342 3C                     879 	.db #0x3c	; 60
    00000343 3C                     880 	.db #0x3c	; 60
    00000344 40                     881 	.db #0x40	; 64
    00000345 40                     882 	.db #0x40	; 64
    00000346 38                     883 	.db #0x38	; 56	'8'
    00000347 38                     884 	.db #0x38	; 56	'8'
    00000348 04                     885 	.db #0x04	; 4
    00000349 04                     886 	.db #0x04	; 4
    0000034A 04                     887 	.db #0x04	; 4
    0000034B 04                     888 	.db #0x04	; 4
    0000034C 78                     889 	.db #0x78	; 120	'x'
    0000034D 78                     890 	.db #0x78	; 120	'x'
    0000034E 00                     891 	.db #0x00	; 0
    0000034F 00                     892 	.db #0x00	; 0
    00000350 00                     893 	.db #0x00	; 0
    00000351 00                     894 	.db #0x00	; 0
    00000352 78                     895 	.db #0x78	; 120	'x'
    00000353 78                     896 	.db #0x78	; 120	'x'
    00000354 44                     897 	.db #0x44	; 68	'D'
    00000355 44                     898 	.db #0x44	; 68	'D'
    00000356 78                     899 	.db #0x78	; 120	'x'
    00000357 78                     900 	.db #0x78	; 120	'x'
    00000358 50                     901 	.db #0x50	; 80	'P'
    00000359 50                     902 	.db #0x50	; 80	'P'
    0000035A 48                     903 	.db #0x48	; 72	'H'
    0000035B 48                     904 	.db #0x48	; 72	'H'
    0000035C 44                     905 	.db #0x44	; 68	'D'
    0000035D 44                     906 	.db #0x44	; 68	'D'
    0000035E 00                     907 	.db #0x00	; 0
    0000035F 00                     908 	.db #0x00	; 0
    00000360 00                     909 	.db #0x00	; 0
    00000361 00                     910 	.db #0x00	; 0
    00000362 38                     911 	.db #0x38	; 56	'8'
    00000363 38                     912 	.db #0x38	; 56	'8'
    00000364 44                     913 	.db #0x44	; 68	'D'
    00000365 44                     914 	.db #0x44	; 68	'D'
    00000366 44                     915 	.db #0x44	; 68	'D'
    00000367 44                     916 	.db #0x44	; 68	'D'
    00000368 54                     917 	.db #0x54	; 84	'T'
    00000369 54                     918 	.db #0x54	; 84	'T'
    0000036A 48                     919 	.db #0x48	; 72	'H'
    0000036B 48                     920 	.db #0x48	; 72	'H'
    0000036C 34                     921 	.db #0x34	; 52	'4'
    0000036D 34                     922 	.db #0x34	; 52	'4'
    0000036E 00                     923 	.db #0x00	; 0
    0000036F 00                     924 	.db #0x00	; 0
    00000370 00                     925 	.db #0x00	; 0
    00000371 00                     926 	.db #0x00	; 0
    00000372 78                     927 	.db #0x78	; 120	'x'
    00000373 78                     928 	.db #0x78	; 120	'x'
    00000374 44                     929 	.db #0x44	; 68	'D'
    00000375 44                     930 	.db #0x44	; 68	'D'
    00000376 44                     931 	.db #0x44	; 68	'D'
    00000377 44                     932 	.db #0x44	; 68	'D'
    00000378 78                     933 	.db #0x78	; 120	'x'
    00000379 78                     934 	.db #0x78	; 120	'x'
    0000037A 40                     935 	.db #0x40	; 64
    0000037B 40                     936 	.db #0x40	; 64
    0000037C 40                     937 	.db #0x40	; 64
    0000037D 40                     938 	.db #0x40	; 64
    0000037E 00                     939 	.db #0x00	; 0
    0000037F 00                     940 	.db #0x00	; 0
    00000380 00                     941 	.db #0x00	; 0
    00000381 00                     942 	.db #0x00	; 0
    00000382 38                     943 	.db #0x38	; 56	'8'
    00000383 38                     944 	.db #0x38	; 56	'8'
    00000384 44                     945 	.db #0x44	; 68	'D'
    00000385 44                     946 	.db #0x44	; 68	'D'
    00000386 44                     947 	.db #0x44	; 68	'D'
    00000387 44                     948 	.db #0x44	; 68	'D'
    00000388 44                     949 	.db #0x44	; 68	'D'
    00000389 44                     950 	.db #0x44	; 68	'D'
    0000038A 44                     951 	.db #0x44	; 68	'D'
    0000038B 44                     952 	.db #0x44	; 68	'D'
    0000038C 38                     953 	.db #0x38	; 56	'8'
    0000038D 38                     954 	.db #0x38	; 56	'8'
    0000038E 00                     955 	.db #0x00	; 0
    0000038F 00                     956 	.db #0x00	; 0
    00000390 00                     957 	.db #0x00	; 0
    00000391 00                     958 	.db #0x00	; 0
    00000392 44                     959 	.db #0x44	; 68	'D'
    00000393 44                     960 	.db #0x44	; 68	'D'
    00000394 64                     961 	.db #0x64	; 100	'd'
    00000395 64                     962 	.db #0x64	; 100	'd'
    00000396 74                     963 	.db #0x74	; 116	't'
    00000397 74                     964 	.db #0x74	; 116	't'
    00000398 5C                     965 	.db #0x5c	; 92
    00000399 5C                     966 	.db #0x5c	; 92
    0000039A 4C                     967 	.db #0x4c	; 76	'L'
    0000039B 4C                     968 	.db #0x4c	; 76	'L'
    0000039C 44                     969 	.db #0x44	; 68	'D'
    0000039D 44                     970 	.db #0x44	; 68	'D'
    0000039E 00                     971 	.db #0x00	; 0
    0000039F 00                     972 	.db #0x00	; 0
    000003A0 00                     973 	.db #0x00	; 0
    000003A1 00                     974 	.db #0x00	; 0
    000003A2 44                     975 	.db #0x44	; 68	'D'
    000003A3 44                     976 	.db #0x44	; 68	'D'
    000003A4 6C                     977 	.db #0x6c	; 108	'l'
    000003A5 6C                     978 	.db #0x6c	; 108	'l'
    000003A6 54                     979 	.db #0x54	; 84	'T'
    000003A7 54                     980 	.db #0x54	; 84	'T'
    000003A8 44                     981 	.db #0x44	; 68	'D'
    000003A9 44                     982 	.db #0x44	; 68	'D'
    000003AA 44                     983 	.db #0x44	; 68	'D'
    000003AB 44                     984 	.db #0x44	; 68	'D'
    000003AC 44                     985 	.db #0x44	; 68	'D'
    000003AD 44                     986 	.db #0x44	; 68	'D'
    000003AE 00                     987 	.db #0x00	; 0
    000003AF 00                     988 	.db #0x00	; 0
    000003B0 00                     989 	.db #0x00	; 0
    000003B1 00                     990 	.db #0x00	; 0
    000003B2 40                     991 	.db #0x40	; 64
    000003B3 40                     992 	.db #0x40	; 64
    000003B4 40                     993 	.db #0x40	; 64
    000003B5 40                     994 	.db #0x40	; 64
    000003B6 40                     995 	.db #0x40	; 64
    000003B7 40                     996 	.db #0x40	; 64
    000003B8 40                     997 	.db #0x40	; 64
    000003B9 40                     998 	.db #0x40	; 64
    000003BA 40                     999 	.db #0x40	; 64
    000003BB 40                    1000 	.db #0x40	; 64
    000003BC 7C                    1001 	.db #0x7c	; 124
    000003BD 7C                    1002 	.db #0x7c	; 124
    000003BE 00                    1003 	.db #0x00	; 0
    000003BF 00                    1004 	.db #0x00	; 0
    000003C0 00                    1005 	.db #0x00	; 0
    000003C1 00                    1006 	.db #0x00	; 0
    000003C2 48                    1007 	.db #0x48	; 72	'H'
    000003C3 48                    1008 	.db #0x48	; 72	'H'
    000003C4 50                    1009 	.db #0x50	; 80	'P'
    000003C5 50                    1010 	.db #0x50	; 80	'P'
    000003C6 60                    1011 	.db #0x60	; 96
    000003C7 60                    1012 	.db #0x60	; 96
    000003C8 50                    1013 	.db #0x50	; 80	'P'
    000003C9 50                    1014 	.db #0x50	; 80	'P'
    000003CA 48                    1015 	.db #0x48	; 72	'H'
    000003CB 48                    1016 	.db #0x48	; 72	'H'
    000003CC 44                    1017 	.db #0x44	; 68	'D'
    000003CD 44                    1018 	.db #0x44	; 68	'D'
    000003CE 00                    1019 	.db #0x00	; 0
    000003CF 00                    1020 	.db #0x00	; 0
    000003D0 00                    1021 	.db #0x00	; 0
    000003D1 00                    1022 	.db #0x00	; 0
    000003D2 04                    1023 	.db #0x04	; 4
    000003D3 04                    1024 	.db #0x04	; 4
    000003D4 04                    1025 	.db #0x04	; 4
    000003D5 04                    1026 	.db #0x04	; 4
    000003D6 04                    1027 	.db #0x04	; 4
    000003D7 04                    1028 	.db #0x04	; 4
    000003D8 04                    1029 	.db #0x04	; 4
    000003D9 04                    1030 	.db #0x04	; 4
    000003DA 04                    1031 	.db #0x04	; 4
    000003DB 04                    1032 	.db #0x04	; 4
    000003DC 38                    1033 	.db #0x38	; 56	'8'
    000003DD 38                    1034 	.db #0x38	; 56	'8'
    000003DE 00                    1035 	.db #0x00	; 0
    000003DF 00                    1036 	.db #0x00	; 0
    000003E0 00                    1037 	.db #0x00	; 0
    000003E1 00                    1038 	.db #0x00	; 0
    000003E2 10                    1039 	.db #0x10	; 16
    000003E3 10                    1040 	.db #0x10	; 16
    000003E4 10                    1041 	.db #0x10	; 16
    000003E5 10                    1042 	.db #0x10	; 16
    000003E6 10                    1043 	.db #0x10	; 16
    000003E7 10                    1044 	.db #0x10	; 16
    000003E8 10                    1045 	.db #0x10	; 16
    000003E9 10                    1046 	.db #0x10	; 16
    000003EA 10                    1047 	.db #0x10	; 16
    000003EB 10                    1048 	.db #0x10	; 16
    000003EC 10                    1049 	.db #0x10	; 16
    000003ED 10                    1050 	.db #0x10	; 16
    000003EE 00                    1051 	.db #0x00	; 0
    000003EF 00                    1052 	.db #0x00	; 0
    000003F0 00                    1053 	.db #0x00	; 0
    000003F1 00                    1054 	.db #0x00	; 0
    000003F2 44                    1055 	.db #0x44	; 68	'D'
    000003F3 44                    1056 	.db #0x44	; 68	'D'
    000003F4 44                    1057 	.db #0x44	; 68	'D'
    000003F5 44                    1058 	.db #0x44	; 68	'D'
    000003F6 7C                    1059 	.db #0x7c	; 124
    000003F7 7C                    1060 	.db #0x7c	; 124
    000003F8 44                    1061 	.db #0x44	; 68	'D'
    000003F9 44                    1062 	.db #0x44	; 68	'D'
    000003FA 44                    1063 	.db #0x44	; 68	'D'
    000003FB 44                    1064 	.db #0x44	; 68	'D'
    000003FC 44                    1065 	.db #0x44	; 68	'D'
    000003FD 44                    1066 	.db #0x44	; 68	'D'
    000003FE 00                    1067 	.db #0x00	; 0
    000003FF 00                    1068 	.db #0x00	; 0
    00000400 00                    1069 	.db #0x00	; 0
    00000401 00                    1070 	.db #0x00	; 0
    00000402 38                    1071 	.db #0x38	; 56	'8'
    00000403 38                    1072 	.db #0x38	; 56	'8'
    00000404 44                    1073 	.db #0x44	; 68	'D'
    00000405 44                    1074 	.db #0x44	; 68	'D'
    00000406 40                    1075 	.db #0x40	; 64
    00000407 40                    1076 	.db #0x40	; 64
    00000408 5C                    1077 	.db #0x5c	; 92
    00000409 5C                    1078 	.db #0x5c	; 92
    0000040A 44                    1079 	.db #0x44	; 68	'D'
    0000040B 44                    1080 	.db #0x44	; 68	'D'
    0000040C 3C                    1081 	.db #0x3c	; 60
    0000040D 3C                    1082 	.db #0x3c	; 60
    0000040E 00                    1083 	.db #0x00	; 0
    0000040F 00                    1084 	.db #0x00	; 0
    00000410 00                    1085 	.db #0x00	; 0
    00000411 00                    1086 	.db #0x00	; 0
    00000412 7C                    1087 	.db #0x7c	; 124
    00000413 7C                    1088 	.db #0x7c	; 124
    00000414 40                    1089 	.db #0x40	; 64
    00000415 40                    1090 	.db #0x40	; 64
    00000416 7C                    1091 	.db #0x7c	; 124
    00000417 7C                    1092 	.db #0x7c	; 124
    00000418 40                    1093 	.db #0x40	; 64
    00000419 40                    1094 	.db #0x40	; 64
    0000041A 40                    1095 	.db #0x40	; 64
    0000041B 40                    1096 	.db #0x40	; 64
    0000041C 40                    1097 	.db #0x40	; 64
    0000041D 40                    1098 	.db #0x40	; 64
    0000041E 00                    1099 	.db #0x00	; 0
    0000041F 00                    1100 	.db #0x00	; 0
    00000420 00                    1101 	.db #0x00	; 0
    00000421 00                    1102 	.db #0x00	; 0
    00000422 7C                    1103 	.db #0x7c	; 124
    00000423 7C                    1104 	.db #0x7c	; 124
    00000424 40                    1105 	.db #0x40	; 64
    00000425 40                    1106 	.db #0x40	; 64
    00000426 7C                    1107 	.db #0x7c	; 124
    00000427 7C                    1108 	.db #0x7c	; 124
    00000428 40                    1109 	.db #0x40	; 64
    00000429 40                    1110 	.db #0x40	; 64
    0000042A 40                    1111 	.db #0x40	; 64
    0000042B 40                    1112 	.db #0x40	; 64
    0000042C 7C                    1113 	.db #0x7c	; 124
    0000042D 7C                    1114 	.db #0x7c	; 124
    0000042E 00                    1115 	.db #0x00	; 0
    0000042F 00                    1116 	.db #0x00	; 0
    00000430 00                    1117 	.db #0x00	; 0
    00000431 00                    1118 	.db #0x00	; 0
    00000432 78                    1119 	.db #0x78	; 120	'x'
    00000433 78                    1120 	.db #0x78	; 120	'x'
    00000434 44                    1121 	.db #0x44	; 68	'D'
    00000435 44                    1122 	.db #0x44	; 68	'D'
    00000436 44                    1123 	.db #0x44	; 68	'D'
    00000437 44                    1124 	.db #0x44	; 68	'D'
    00000438 44                    1125 	.db #0x44	; 68	'D'
    00000439 44                    1126 	.db #0x44	; 68	'D'
    0000043A 44                    1127 	.db #0x44	; 68	'D'
    0000043B 44                    1128 	.db #0x44	; 68	'D'
    0000043C 78                    1129 	.db #0x78	; 120	'x'
    0000043D 78                    1130 	.db #0x78	; 120	'x'
    0000043E 00                    1131 	.db #0x00	; 0
    0000043F 00                    1132 	.db #0x00	; 0
    00000440 00                    1133 	.db #0x00	; 0
    00000441 00                    1134 	.db #0x00	; 0
    00000442 38                    1135 	.db #0x38	; 56	'8'
    00000443 38                    1136 	.db #0x38	; 56	'8'
    00000444 44                    1137 	.db #0x44	; 68	'D'
    00000445 44                    1138 	.db #0x44	; 68	'D'
    00000446 40                    1139 	.db #0x40	; 64
    00000447 40                    1140 	.db #0x40	; 64
    00000448 40                    1141 	.db #0x40	; 64
    00000449 40                    1142 	.db #0x40	; 64
    0000044A 44                    1143 	.db #0x44	; 68	'D'
    0000044B 44                    1144 	.db #0x44	; 68	'D'
    0000044C 38                    1145 	.db #0x38	; 56	'8'
    0000044D 38                    1146 	.db #0x38	; 56	'8'
    0000044E 00                    1147 	.db #0x00	; 0
    0000044F 00                    1148 	.db #0x00	; 0
    00000450 00                    1149 	.db #0x00	; 0
    00000451 00                    1150 	.db #0x00	; 0
    00000452 78                    1151 	.db #0x78	; 120	'x'
    00000453 78                    1152 	.db #0x78	; 120	'x'
    00000454 44                    1153 	.db #0x44	; 68	'D'
    00000455 44                    1154 	.db #0x44	; 68	'D'
    00000456 78                    1155 	.db #0x78	; 120	'x'
    00000457 78                    1156 	.db #0x78	; 120	'x'
    00000458 44                    1157 	.db #0x44	; 68	'D'
    00000459 44                    1158 	.db #0x44	; 68	'D'
    0000045A 44                    1159 	.db #0x44	; 68	'D'
    0000045B 44                    1160 	.db #0x44	; 68	'D'
    0000045C 7C                    1161 	.db #0x7c	; 124
    0000045D 7C                    1162 	.db #0x7c	; 124
    0000045E 00                    1163 	.db #0x00	; 0
    0000045F 00                    1164 	.db #0x00	; 0
    00000460 00                    1165 	.db #0x00	; 0
    00000461 00                    1166 	.db #0x00	; 0
    00000462 38                    1167 	.db #0x38	; 56	'8'
    00000463 38                    1168 	.db #0x38	; 56	'8'
    00000464 44                    1169 	.db #0x44	; 68	'D'
    00000465 44                    1170 	.db #0x44	; 68	'D'
    00000466 44                    1171 	.db #0x44	; 68	'D'
    00000467 44                    1172 	.db #0x44	; 68	'D'
    00000468 7C                    1173 	.db #0x7c	; 124
    00000469 7C                    1174 	.db #0x7c	; 124
    0000046A 44                    1175 	.db #0x44	; 68	'D'
    0000046B 44                    1176 	.db #0x44	; 68	'D'
    0000046C 44                    1177 	.db #0x44	; 68	'D'
    0000046D 44                    1178 	.db #0x44	; 68	'D'
    0000046E 00                    1179 	.db #0x00	; 0
    0000046F 00                    1180 	.db #0x00	; 0
    00000470 00                    1181 	.db #0x00	; 0
    00000471 00                    1182 	.db #0x00	; 0
    00000472 00                    1183 	.db #0x00	; 0
    00000473 00                    1184 	.db #0x00	; 0
    00000474 00                    1185 	.db #0x00	; 0
    00000475 00                    1186 	.db #0x00	; 0
    00000476 00                    1187 	.db #0x00	; 0
    00000477 00                    1188 	.db #0x00	; 0
    00000478 00                    1189 	.db #0x00	; 0
    00000479 00                    1190 	.db #0x00	; 0
    0000047A 00                    1191 	.db #0x00	; 0
    0000047B 00                    1192 	.db #0x00	; 0
    0000047C 00                    1193 	.db #0x00	; 0
    0000047D 00                    1194 	.db #0x00	; 0
    0000047E 00                    1195 	.db #0x00	; 0
    0000047F 00                    1196 	.db #0x00	; 0
                                   1197 	.area _INITIALIZER
                                   1198 	.area _CABS (ABS)
