                                      1 ;--------------------------------------------------------
                                      2 ; File Created by SDCC : free open source ISO C Compiler
                                      3 ; Version 4.5.1 #15267 (Linux)
                                      4 ;--------------------------------------------------------
                                      5 	.module gameborder
                                      6 	
                                      7 ;--------------------------------------------------------
                                      8 ; Public variables in this module
                                      9 ;--------------------------------------------------------
                                     10 	.globl _gameborder
                                     11 ;--------------------------------------------------------
                                     12 ; special function registers
                                     13 ;--------------------------------------------------------
                                     14 	.area _HRAM
                                     15 ;--------------------------------------------------------
                                     16 ; ram data
                                     17 ;--------------------------------------------------------
                                     18 	.area _DATA
                                     19 ;--------------------------------------------------------
                                     20 ; ram data
                                     21 ;--------------------------------------------------------
                                     22 	.area _INITIALIZED
                                     23 ;--------------------------------------------------------
                                     24 ; absolute external ram data
                                     25 ;--------------------------------------------------------
                                     26 	.area _DABS (ABS)
                                     27 ;--------------------------------------------------------
                                     28 ; global & static initialisations
                                     29 ;--------------------------------------------------------
                                     30 	.area _HOME
                                     31 	.area _GSINIT
                                     32 	.area _GSFINAL
                                     33 	.area _GSINIT
                                     34 ;--------------------------------------------------------
                                     35 ; Home
                                     36 ;--------------------------------------------------------
                                     37 	.area _HOME
                                     38 	.area _HOME
                                     39 ;--------------------------------------------------------
                                     40 ; code
                                     41 ;--------------------------------------------------------
                                     42 	.area _CODE
                                     43 	.area _CODE
    00000000                         44 _gameborder:
    00000000 4C                      45 	.db #0x4c	; 76	'L'
    00000001 4A                      46 	.db #0x4a	; 74	'J'
    00000002 4A                      47 	.db #0x4a	; 74	'J'
    00000003 4A                      48 	.db #0x4a	; 74	'J'
    00000004 4A                      49 	.db #0x4a	; 74	'J'
    00000005 4A                      50 	.db #0x4a	; 74	'J'
    00000006 4A                      51 	.db #0x4a	; 74	'J'
    00000007 4A                      52 	.db #0x4a	; 74	'J'
    00000008 4A                      53 	.db #0x4a	; 74	'J'
    00000009 4A                      54 	.db #0x4a	; 74	'J'
    0000000A 4A                      55 	.db #0x4a	; 74	'J'
    0000000B 4A                      56 	.db #0x4a	; 74	'J'
    0000000C 4A                      57 	.db #0x4a	; 74	'J'
    0000000D 4A                      58 	.db #0x4a	; 74	'J'
    0000000E 4A                      59 	.db #0x4a	; 74	'J'
    0000000F 4A                      60 	.db #0x4a	; 74	'J'
    00000010 4A                      61 	.db #0x4a	; 74	'J'
    00000011 4A                      62 	.db #0x4a	; 74	'J'
    00000012 4A                      63 	.db #0x4a	; 74	'J'
    00000013 4B                      64 	.db #0x4b	; 75	'K'
    00000014 4D                      65 	.db #0x4d	; 77	'M'
    00000015 7F                      66 	.db #0x7f	; 127
    00000016 7F                      67 	.db #0x7f	; 127
    00000017 7F                      68 	.db #0x7f	; 127
    00000018 7F                      69 	.db #0x7f	; 127
    00000019 7F                      70 	.db #0x7f	; 127
    0000001A 7F                      71 	.db #0x7f	; 127
    0000001B 7F                      72 	.db #0x7f	; 127
    0000001C 7F                      73 	.db #0x7f	; 127
    0000001D 7F                      74 	.db #0x7f	; 127
    0000001E 7F                      75 	.db #0x7f	; 127
    0000001F 7F                      76 	.db #0x7f	; 127
    00000020 7F                      77 	.db #0x7f	; 127
    00000021 7F                      78 	.db #0x7f	; 127
    00000022 7F                      79 	.db #0x7f	; 127
    00000023 7F                      80 	.db #0x7f	; 127
    00000024 7F                      81 	.db #0x7f	; 127
    00000025 7F                      82 	.db #0x7f	; 127
    00000026 7F                      83 	.db #0x7f	; 127
    00000027 4E                      84 	.db #0x4e	; 78	'N'
    00000028 4D                      85 	.db #0x4d	; 77	'M'
    00000029 7F                      86 	.db #0x7f	; 127
    0000002A 7F                      87 	.db #0x7f	; 127
    0000002B 7F                      88 	.db #0x7f	; 127
    0000002C 7F                      89 	.db #0x7f	; 127
    0000002D 7F                      90 	.db #0x7f	; 127
    0000002E 7F                      91 	.db #0x7f	; 127
    0000002F 7F                      92 	.db #0x7f	; 127
    00000030 7F                      93 	.db #0x7f	; 127
    00000031 7F                      94 	.db #0x7f	; 127
    00000032 7F                      95 	.db #0x7f	; 127
    00000033 7F                      96 	.db #0x7f	; 127
    00000034 7F                      97 	.db #0x7f	; 127
    00000035 7F                      98 	.db #0x7f	; 127
    00000036 7F                      99 	.db #0x7f	; 127
    00000037 7F                     100 	.db #0x7f	; 127
    00000038 7F                     101 	.db #0x7f	; 127
    00000039 7F                     102 	.db #0x7f	; 127
    0000003A 7F                     103 	.db #0x7f	; 127
    0000003B 4E                     104 	.db #0x4e	; 78	'N'
    0000003C 4D                     105 	.db #0x4d	; 77	'M'
    0000003D 7F                     106 	.db #0x7f	; 127
    0000003E 7F                     107 	.db #0x7f	; 127
    0000003F 7F                     108 	.db #0x7f	; 127
    00000040 7F                     109 	.db #0x7f	; 127
    00000041 7F                     110 	.db #0x7f	; 127
    00000042 7F                     111 	.db #0x7f	; 127
    00000043 7F                     112 	.db #0x7f	; 127
    00000044 7F                     113 	.db #0x7f	; 127
    00000045 7F                     114 	.db #0x7f	; 127
    00000046 7F                     115 	.db #0x7f	; 127
    00000047 7F                     116 	.db #0x7f	; 127
    00000048 7F                     117 	.db #0x7f	; 127
    00000049 7F                     118 	.db #0x7f	; 127
    0000004A 7F                     119 	.db #0x7f	; 127
    0000004B 7F                     120 	.db #0x7f	; 127
    0000004C 7F                     121 	.db #0x7f	; 127
    0000004D 7F                     122 	.db #0x7f	; 127
    0000004E 7F                     123 	.db #0x7f	; 127
    0000004F 4E                     124 	.db #0x4e	; 78	'N'
    00000050 4D                     125 	.db #0x4d	; 77	'M'
    00000051 7F                     126 	.db #0x7f	; 127
    00000052 7F                     127 	.db #0x7f	; 127
    00000053 7F                     128 	.db #0x7f	; 127
    00000054 7F                     129 	.db #0x7f	; 127
    00000055 7F                     130 	.db #0x7f	; 127
    00000056 7F                     131 	.db #0x7f	; 127
    00000057 7F                     132 	.db #0x7f	; 127
    00000058 7F                     133 	.db #0x7f	; 127
    00000059 7F                     134 	.db #0x7f	; 127
    0000005A 7F                     135 	.db #0x7f	; 127
    0000005B 7F                     136 	.db #0x7f	; 127
    0000005C 7F                     137 	.db #0x7f	; 127
    0000005D 7F                     138 	.db #0x7f	; 127
    0000005E 7F                     139 	.db #0x7f	; 127
    0000005F 7F                     140 	.db #0x7f	; 127
    00000060 7F                     141 	.db #0x7f	; 127
    00000061 7F                     142 	.db #0x7f	; 127
    00000062 7F                     143 	.db #0x7f	; 127
    00000063 4E                     144 	.db #0x4e	; 78	'N'
    00000064 4D                     145 	.db #0x4d	; 77	'M'
    00000065 7F                     146 	.db #0x7f	; 127
    00000066 7F                     147 	.db #0x7f	; 127
    00000067 7F                     148 	.db #0x7f	; 127
    00000068 7F                     149 	.db #0x7f	; 127
    00000069 7F                     150 	.db #0x7f	; 127
    0000006A 7F                     151 	.db #0x7f	; 127
    0000006B 7F                     152 	.db #0x7f	; 127
    0000006C 7F                     153 	.db #0x7f	; 127
    0000006D 7F                     154 	.db #0x7f	; 127
    0000006E 7F                     155 	.db #0x7f	; 127
    0000006F 7F                     156 	.db #0x7f	; 127
    00000070 7F                     157 	.db #0x7f	; 127
    00000071 7F                     158 	.db #0x7f	; 127
    00000072 7F                     159 	.db #0x7f	; 127
    00000073 7F                     160 	.db #0x7f	; 127
    00000074 7F                     161 	.db #0x7f	; 127
    00000075 7F                     162 	.db #0x7f	; 127
    00000076 7F                     163 	.db #0x7f	; 127
    00000077 4E                     164 	.db #0x4e	; 78	'N'
    00000078 4D                     165 	.db #0x4d	; 77	'M'
    00000079 7F                     166 	.db #0x7f	; 127
    0000007A 7F                     167 	.db #0x7f	; 127
    0000007B 7F                     168 	.db #0x7f	; 127
    0000007C 7F                     169 	.db #0x7f	; 127
    0000007D 7F                     170 	.db #0x7f	; 127
    0000007E 7F                     171 	.db #0x7f	; 127
    0000007F 7F                     172 	.db #0x7f	; 127
    00000080 7F                     173 	.db #0x7f	; 127
    00000081 7F                     174 	.db #0x7f	; 127
    00000082 7F                     175 	.db #0x7f	; 127
    00000083 7F                     176 	.db #0x7f	; 127
    00000084 7F                     177 	.db #0x7f	; 127
    00000085 7F                     178 	.db #0x7f	; 127
    00000086 7F                     179 	.db #0x7f	; 127
    00000087 7F                     180 	.db #0x7f	; 127
    00000088 7F                     181 	.db #0x7f	; 127
    00000089 7F                     182 	.db #0x7f	; 127
    0000008A 7F                     183 	.db #0x7f	; 127
    0000008B 4E                     184 	.db #0x4e	; 78	'N'
    0000008C 4D                     185 	.db #0x4d	; 77	'M'
    0000008D 7F                     186 	.db #0x7f	; 127
    0000008E 7F                     187 	.db #0x7f	; 127
    0000008F 7F                     188 	.db #0x7f	; 127
    00000090 7F                     189 	.db #0x7f	; 127
    00000091 7F                     190 	.db #0x7f	; 127
    00000092 7F                     191 	.db #0x7f	; 127
    00000093 7F                     192 	.db #0x7f	; 127
    00000094 7F                     193 	.db #0x7f	; 127
    00000095 7F                     194 	.db #0x7f	; 127
    00000096 7F                     195 	.db #0x7f	; 127
    00000097 7F                     196 	.db #0x7f	; 127
    00000098 7F                     197 	.db #0x7f	; 127
    00000099 7F                     198 	.db #0x7f	; 127
    0000009A 7F                     199 	.db #0x7f	; 127
    0000009B 7F                     200 	.db #0x7f	; 127
    0000009C 7F                     201 	.db #0x7f	; 127
    0000009D 7F                     202 	.db #0x7f	; 127
    0000009E 7F                     203 	.db #0x7f	; 127
    0000009F 4E                     204 	.db #0x4e	; 78	'N'
    000000A0 4D                     205 	.db #0x4d	; 77	'M'
    000000A1 7F                     206 	.db #0x7f	; 127
    000000A2 7F                     207 	.db #0x7f	; 127
    000000A3 7F                     208 	.db #0x7f	; 127
    000000A4 7F                     209 	.db #0x7f	; 127
    000000A5 7F                     210 	.db #0x7f	; 127
    000000A6 7F                     211 	.db #0x7f	; 127
    000000A7 7F                     212 	.db #0x7f	; 127
    000000A8 7F                     213 	.db #0x7f	; 127
    000000A9 7F                     214 	.db #0x7f	; 127
    000000AA 7F                     215 	.db #0x7f	; 127
    000000AB 7F                     216 	.db #0x7f	; 127
    000000AC 7F                     217 	.db #0x7f	; 127
    000000AD 7F                     218 	.db #0x7f	; 127
    000000AE 7F                     219 	.db #0x7f	; 127
    000000AF 7F                     220 	.db #0x7f	; 127
    000000B0 7F                     221 	.db #0x7f	; 127
    000000B1 7F                     222 	.db #0x7f	; 127
    000000B2 7F                     223 	.db #0x7f	; 127
    000000B3 4E                     224 	.db #0x4e	; 78	'N'
    000000B4 4D                     225 	.db #0x4d	; 77	'M'
    000000B5 7F                     226 	.db #0x7f	; 127
    000000B6 7F                     227 	.db #0x7f	; 127
    000000B7 7F                     228 	.db #0x7f	; 127
    000000B8 7F                     229 	.db #0x7f	; 127
    000000B9 7F                     230 	.db #0x7f	; 127
    000000BA 7F                     231 	.db #0x7f	; 127
    000000BB 7F                     232 	.db #0x7f	; 127
    000000BC 7F                     233 	.db #0x7f	; 127
    000000BD 7F                     234 	.db #0x7f	; 127
    000000BE 7F                     235 	.db #0x7f	; 127
    000000BF 7F                     236 	.db #0x7f	; 127
    000000C0 7F                     237 	.db #0x7f	; 127
    000000C1 7F                     238 	.db #0x7f	; 127
    000000C2 7F                     239 	.db #0x7f	; 127
    000000C3 7F                     240 	.db #0x7f	; 127
    000000C4 7F                     241 	.db #0x7f	; 127
    000000C5 7F                     242 	.db #0x7f	; 127
    000000C6 7F                     243 	.db #0x7f	; 127
    000000C7 4E                     244 	.db #0x4e	; 78	'N'
    000000C8 4D                     245 	.db #0x4d	; 77	'M'
    000000C9 7F                     246 	.db #0x7f	; 127
    000000CA 7F                     247 	.db #0x7f	; 127
    000000CB 7F                     248 	.db #0x7f	; 127
    000000CC 7F                     249 	.db #0x7f	; 127
    000000CD 7F                     250 	.db #0x7f	; 127
    000000CE 7F                     251 	.db #0x7f	; 127
    000000CF 7F                     252 	.db #0x7f	; 127
    000000D0 7F                     253 	.db #0x7f	; 127
    000000D1 7F                     254 	.db #0x7f	; 127
    000000D2 7F                     255 	.db #0x7f	; 127
    000000D3 7F                     256 	.db #0x7f	; 127
    000000D4 7F                     257 	.db #0x7f	; 127
    000000D5 7F                     258 	.db #0x7f	; 127
    000000D6 7F                     259 	.db #0x7f	; 127
    000000D7 7F                     260 	.db #0x7f	; 127
    000000D8 7F                     261 	.db #0x7f	; 127
    000000D9 7F                     262 	.db #0x7f	; 127
    000000DA 7F                     263 	.db #0x7f	; 127
    000000DB 4E                     264 	.db #0x4e	; 78	'N'
    000000DC 4D                     265 	.db #0x4d	; 77	'M'
    000000DD 7F                     266 	.db #0x7f	; 127
    000000DE 7F                     267 	.db #0x7f	; 127
    000000DF 7F                     268 	.db #0x7f	; 127
    000000E0 7F                     269 	.db #0x7f	; 127
    000000E1 7F                     270 	.db #0x7f	; 127
    000000E2 7F                     271 	.db #0x7f	; 127
    000000E3 7F                     272 	.db #0x7f	; 127
    000000E4 7F                     273 	.db #0x7f	; 127
    000000E5 7F                     274 	.db #0x7f	; 127
    000000E6 7F                     275 	.db #0x7f	; 127
    000000E7 7F                     276 	.db #0x7f	; 127
    000000E8 7F                     277 	.db #0x7f	; 127
    000000E9 7F                     278 	.db #0x7f	; 127
    000000EA 7F                     279 	.db #0x7f	; 127
    000000EB 7F                     280 	.db #0x7f	; 127
    000000EC 7F                     281 	.db #0x7f	; 127
    000000ED 7F                     282 	.db #0x7f	; 127
    000000EE 7F                     283 	.db #0x7f	; 127
    000000EF 4E                     284 	.db #0x4e	; 78	'N'
    000000F0 4D                     285 	.db #0x4d	; 77	'M'
    000000F1 7F                     286 	.db #0x7f	; 127
    000000F2 7F                     287 	.db #0x7f	; 127
    000000F3 7F                     288 	.db #0x7f	; 127
    000000F4 7F                     289 	.db #0x7f	; 127
    000000F5 7F                     290 	.db #0x7f	; 127
    000000F6 7F                     291 	.db #0x7f	; 127
    000000F7 7F                     292 	.db #0x7f	; 127
    000000F8 7F                     293 	.db #0x7f	; 127
    000000F9 7F                     294 	.db #0x7f	; 127
    000000FA 7F                     295 	.db #0x7f	; 127
    000000FB 7F                     296 	.db #0x7f	; 127
    000000FC 7F                     297 	.db #0x7f	; 127
    000000FD 7F                     298 	.db #0x7f	; 127
    000000FE 7F                     299 	.db #0x7f	; 127
    000000FF 7F                     300 	.db #0x7f	; 127
    00000100 7F                     301 	.db #0x7f	; 127
    00000101 7F                     302 	.db #0x7f	; 127
    00000102 7F                     303 	.db #0x7f	; 127
    00000103 4E                     304 	.db #0x4e	; 78	'N'
    00000104 4D                     305 	.db #0x4d	; 77	'M'
    00000105 7F                     306 	.db #0x7f	; 127
    00000106 7F                     307 	.db #0x7f	; 127
    00000107 7F                     308 	.db #0x7f	; 127
    00000108 7F                     309 	.db #0x7f	; 127
    00000109 7F                     310 	.db #0x7f	; 127
    0000010A 7F                     311 	.db #0x7f	; 127
    0000010B 7F                     312 	.db #0x7f	; 127
    0000010C 7F                     313 	.db #0x7f	; 127
    0000010D 7F                     314 	.db #0x7f	; 127
    0000010E 7F                     315 	.db #0x7f	; 127
    0000010F 7F                     316 	.db #0x7f	; 127
    00000110 7F                     317 	.db #0x7f	; 127
    00000111 7F                     318 	.db #0x7f	; 127
    00000112 7F                     319 	.db #0x7f	; 127
    00000113 7F                     320 	.db #0x7f	; 127
    00000114 7F                     321 	.db #0x7f	; 127
    00000115 7F                     322 	.db #0x7f	; 127
    00000116 7F                     323 	.db #0x7f	; 127
    00000117 4E                     324 	.db #0x4e	; 78	'N'
    00000118 4D                     325 	.db #0x4d	; 77	'M'
    00000119 7F                     326 	.db #0x7f	; 127
    0000011A 7F                     327 	.db #0x7f	; 127
    0000011B 7F                     328 	.db #0x7f	; 127
    0000011C 7F                     329 	.db #0x7f	; 127
    0000011D 7F                     330 	.db #0x7f	; 127
    0000011E 7F                     331 	.db #0x7f	; 127
    0000011F 7F                     332 	.db #0x7f	; 127
    00000120 7F                     333 	.db #0x7f	; 127
    00000121 7F                     334 	.db #0x7f	; 127
    00000122 7F                     335 	.db #0x7f	; 127
    00000123 7F                     336 	.db #0x7f	; 127
    00000124 7F                     337 	.db #0x7f	; 127
    00000125 7F                     338 	.db #0x7f	; 127
    00000126 7F                     339 	.db #0x7f	; 127
    00000127 7F                     340 	.db #0x7f	; 127
    00000128 7F                     341 	.db #0x7f	; 127
    00000129 7F                     342 	.db #0x7f	; 127
    0000012A 7F                     343 	.db #0x7f	; 127
    0000012B 4E                     344 	.db #0x4e	; 78	'N'
    0000012C 46                     345 	.db #0x46	; 70	'F'
    0000012D 4A                     346 	.db #0x4a	; 74	'J'
    0000012E 4A                     347 	.db #0x4a	; 74	'J'
    0000012F 4A                     348 	.db #0x4a	; 74	'J'
    00000130 4A                     349 	.db #0x4a	; 74	'J'
    00000131 4A                     350 	.db #0x4a	; 74	'J'
    00000132 4A                     351 	.db #0x4a	; 74	'J'
    00000133 4A                     352 	.db #0x4a	; 74	'J'
    00000134 4A                     353 	.db #0x4a	; 74	'J'
    00000135 4A                     354 	.db #0x4a	; 74	'J'
    00000136 4A                     355 	.db #0x4a	; 74	'J'
    00000137 4A                     356 	.db #0x4a	; 74	'J'
    00000138 4A                     357 	.db #0x4a	; 74	'J'
    00000139 4A                     358 	.db #0x4a	; 74	'J'
    0000013A 4A                     359 	.db #0x4a	; 74	'J'
    0000013B 4A                     360 	.db #0x4a	; 74	'J'
    0000013C 4A                     361 	.db #0x4a	; 74	'J'
    0000013D 4A                     362 	.db #0x4a	; 74	'J'
    0000013E 4A                     363 	.db #0x4a	; 74	'J'
    0000013F 47                     364 	.db #0x47	; 71	'G'
    00000140 4D                     365 	.db #0x4d	; 77	'M'
    00000141 44                     366 	.db #0x44	; 68	'D'
    00000142 55                     367 	.db #0x55	; 85	'U'
    00000143 5B                     368 	.db #0x5b	; 91
    00000144 7F                     369 	.db #0x7f	; 127
    00000145 3F                     370 	.db #0x3f	; 63
    00000146 55                     371 	.db #0x55	; 85	'U'
    00000147 5B                     372 	.db #0x5b	; 91
    00000148 7F                     373 	.db #0x7f	; 127
    00000149 7F                     374 	.db #0x7f	; 127
    0000014A 43                     375 	.db #0x43	; 67	'C'
    0000014B 55                     376 	.db #0x55	; 85	'U'
    0000014C 5B                     377 	.db #0x5b	; 91
    0000014D 7F                     378 	.db #0x7f	; 127
    0000014E 41                     379 	.db #0x41	; 65	'A'
    0000014F 52                     380 	.db #0x52	; 82	'R'
    00000150 5B                     381 	.db #0x5b	; 91
    00000151 5B                     382 	.db #0x5b	; 91
    00000152 5B                     383 	.db #0x5b	; 91
    00000153 4E                     384 	.db #0x4e	; 78	'N'
    00000154 48                     385 	.db #0x48	; 72	'H'
    00000155 4F                     386 	.db #0x4f	; 79	'O'
    00000156 4F                     387 	.db #0x4f	; 79	'O'
    00000157 4F                     388 	.db #0x4f	; 79	'O'
    00000158 4F                     389 	.db #0x4f	; 79	'O'
    00000159 4F                     390 	.db #0x4f	; 79	'O'
    0000015A 4F                     391 	.db #0x4f	; 79	'O'
    0000015B 4F                     392 	.db #0x4f	; 79	'O'
    0000015C 5B                     393 	.db #0x5b	; 91
    0000015D 5B                     394 	.db #0x5b	; 91
    0000015E 5B                     395 	.db #0x5b	; 91
    0000015F 4F                     396 	.db #0x4f	; 79	'O'
    00000160 4F                     397 	.db #0x4f	; 79	'O'
    00000161 4F                     398 	.db #0x4f	; 79	'O'
    00000162 4F                     399 	.db #0x4f	; 79	'O'
    00000163 4F                     400 	.db #0x4f	; 79	'O'
    00000164 4F                     401 	.db #0x4f	; 79	'O'
    00000165 4F                     402 	.db #0x4f	; 79	'O'
    00000166 4F                     403 	.db #0x4f	; 79	'O'
    00000167 49                     404 	.db #0x49	; 73	'I'
                                    405 	.area _INITIALIZER
                                    406 	.area _CABS (ABS)
