                                      1 ;--------------------------------------------------------
                                      2 ; File Created by SDCC : free open source ISO C Compiler
                                      3 ; Version 4.5.1 #15267 (Linux)
                                      4 ;--------------------------------------------------------
                                      5 	.module globals
                                      6 	
                                      7 ;--------------------------------------------------------
                                      8 ; Public variables in this module
                                      9 ;--------------------------------------------------------
                                     10 	.globl _v_kolidat
                                     11 	.globl _v_tuer
                                     12 	.globl _v_kiste
                                     13 	.globl _v_gri
                                     14 	.globl _v_gmk
                                     15 	.globl _v_gyk
                                     16 	.globl _v_gxk
                                     17 	.globl _v_glp
                                     18 	.globl _v_sri
                                     19 	.globl _v_smk
                                     20 	.globl _v_syk
                                     21 	.globl _v_sxk
                                     22 	.globl _v_pflock
                                     23 	.globl _v_sweih
                                     24 	.globl _v_skey
                                     25 	.globl _v_slp
                                     26 	.globl _v_lvldatmod
                                     27 	.globl _v_lvldat
                                     28 	.globl _v_time
                                     29 	.globl _v_room
                                     30 	.globl _v_timertimer
                                     31 	.globl _v_gegnertimer
                                     32 	.globl _v_angriffstimer
                                     33 	.globl _v_movetimer
                                     34 	.globl _v_action
                                     35 	.globl _v_angriff
                                     36 	.globl _v_gameover
                                     37 ;--------------------------------------------------------
                                     38 ; special function registers
                                     39 ;--------------------------------------------------------
                                     40 	.area _HRAM
                                     41 ;--------------------------------------------------------
                                     42 ; ram data
                                     43 ;--------------------------------------------------------
                                     44 	.area _DATA
    00000000                         45 _v_gameover::
    00000000                         46 	.ds 1
    00000001                         47 _v_angriff::
    00000001                         48 	.ds 1
    00000002                         49 _v_action::
    00000002                         50 	.ds 1
    00000003                         51 _v_movetimer::
    00000003                         52 	.ds 1
    00000004                         53 _v_angriffstimer::
    00000004                         54 	.ds 1
    00000005                         55 _v_gegnertimer::
    00000005                         56 	.ds 1
    00000006                         57 _v_timertimer::
    00000006                         58 	.ds 1
    00000007                         59 _v_room::
    00000007                         60 	.ds 1
    00000008                         61 _v_time::
    00000008                         62 	.ds 1
    00000009                         63 _v_lvldat::
    00000009                         64 	.ds 252
    00000105                         65 _v_lvldatmod::
    00000105                         66 	.ds 252
    00000201                         67 _v_slp::
    00000201                         68 	.ds 1
    00000202                         69 _v_skey::
    00000202                         70 	.ds 1
    00000203                         71 _v_sweih::
    00000203                         72 	.ds 1
    00000204                         73 _v_pflock::
    00000204                         74 	.ds 1
    00000205                         75 _v_sxk::
    00000205                         76 	.ds 1
    00000206                         77 _v_syk::
    00000206                         78 	.ds 1
    00000207                         79 _v_smk::
    00000207                         80 	.ds 1
    00000208                         81 _v_sri::
    00000208                         82 	.ds 1
    00000209                         83 _v_glp::
    00000209                         84 	.ds 5
    0000020E                         85 _v_gxk::
    0000020E                         86 	.ds 5
    00000213                         87 _v_gyk::
    00000213                         88 	.ds 5
    00000218                         89 _v_gmk::
    00000218                         90 	.ds 5
    0000021D                         91 _v_gri::
    0000021D                         92 	.ds 5
    00000222                         93 _v_kiste::
    00000222                         94 	.ds 5
    00000227                         95 _v_tuer::
    00000227                         96 	.ds 3
                                     97 ;--------------------------------------------------------
                                     98 ; ram data
                                     99 ;--------------------------------------------------------
                                    100 	.area _INITIALIZED
                                    101 ;--------------------------------------------------------
                                    102 ; absolute external ram data
                                    103 ;--------------------------------------------------------
                                    104 	.area _DABS (ABS)
                                    105 ;--------------------------------------------------------
                                    106 ; global & static initialisations
                                    107 ;--------------------------------------------------------
                                    108 	.area _HOME
                                    109 	.area _GSINIT
                                    110 	.area _GSFINAL
                                    111 	.area _GSINIT
                                    112 ;--------------------------------------------------------
                                    113 ; Home
                                    114 ;--------------------------------------------------------
                                    115 	.area _HOME
                                    116 	.area _HOME
                                    117 ;--------------------------------------------------------
                                    118 ; code
                                    119 ;--------------------------------------------------------
                                    120 	.area _CODE
                                    121 	.area _CODE
    00000000                        122 _v_kolidat:
    00000000 38                     123 	.db #0x38	; 56	'8'
    00000001 3A                     124 	.db #0x3a	; 58
    00000002 3C                     125 	.db #0x3c	; 60
    00000003 3D                     126 	.db #0x3d	; 61
                                    127 	.area _INITIALIZER
                                    128 	.area _CABS (ABS)
