                                      1 ;--------------------------------------------------------
                                      2 ; File Created by SDCC : free open source ISO C Compiler
                                      3 ; Version 4.5.1 #15267 (Linux)
                                      4 ;--------------------------------------------------------
                                      5 	.module text
                                      6 	
                                      7 ;--------------------------------------------------------
                                      8 ; Public variables in this module
                                      9 ;--------------------------------------------------------
                                     10 	.globl _set_win_tiles
                                     11 	.globl _waitpad
                                     12 	.globl _delay
                                     13 	.globl _p_text_viewTXT
                                     14 	.globl _p_text_hideTXT
                                     15 ;--------------------------------------------------------
                                     16 ; special function registers
                                     17 ;--------------------------------------------------------
                                     18 	.area _HRAM
                                     19 ;--------------------------------------------------------
                                     20 ; ram data
                                     21 ;--------------------------------------------------------
                                     22 	.area _DATA
                                     23 ;--------------------------------------------------------
                                     24 ; ram data
                                     25 ;--------------------------------------------------------
                                     26 	.area _INITIALIZED
                                     27 ;--------------------------------------------------------
                                     28 ; absolute external ram data
                                     29 ;--------------------------------------------------------
                                     30 	.area _DABS (ABS)
                                     31 ;--------------------------------------------------------
                                     32 ; global & static initialisations
                                     33 ;--------------------------------------------------------
                                     34 	.area _HOME
                                     35 	.area _GSINIT
                                     36 	.area _GSFINAL
                                     37 	.area _GSINIT
                                     38 ;--------------------------------------------------------
                                     39 ; Home
                                     40 ;--------------------------------------------------------
                                     41 	.area _HOME
                                     42 ;text.c:28: void p_text_viewTXT (unsigned char l_txt [81]) __nonbanked
                                     43 ;	---------------------------------
                                     44 ; Function p_text_viewTXT
                                     45 ; ---------------------------------
    00000000                         46 _p_text_viewTXT::
    00000000 4B               [ 4]   47 	ld	c, e
    00000001 42               [ 4]   48 	ld	b, d
                                     49 ;text.c:30: set_win_tiles (0, 0, 20, 6, textborder);
    00000002 11r00r00         [12]   50 	ld	de, #_textborder
    00000005 D5               [16]   51 	push	de
    00000006 21 14 06         [12]   52 	ld	hl, #0x614
    00000009 E5               [16]   53 	push	hl
    0000000A AF               [ 4]   54 	xor	a, a
    0000000B 0F               [ 4]   55 	rrca
    0000000C F5               [16]   56 	push	af
    0000000D CDr00r00         [24]   57 	call	_set_win_tiles
    00000010 E8 06            [16]   58 	add	sp, #6
                                     59 ;text.c:31: set_win_tiles (1, 1, 18, 4, l_txt);
    00000012 C5               [16]   60 	push	bc
    00000013 21 12 04         [12]   61 	ld	hl, #0x412
    00000016 E5               [16]   62 	push	hl
    00000017 21 01 01         [12]   63 	ld	hl, #0x101
    0000001A E5               [16]   64 	push	hl
    0000001B CDr00r00         [24]   65 	call	_set_win_tiles
    0000001E E8 06            [16]   66 	add	sp, #6
                                     67 ;/opt/gbdk/include/gb/gb.h:1739: WX_REG=x, WY_REG=y;
    00000020 3E 07            [ 8]   68 	ld	a, #0x07
    00000022 E0r00            [12]   69 	ldh	(_WX_REG + 0), a
    00000024 3E 60            [ 8]   70 	ld	a, #0x60
    00000026 E0r00            [12]   71 	ldh	(_WY_REG + 0), a
                                     72 ;text.c:33: SHOW_WIN;
    00000028 F0r00            [12]   73 	ldh	a, (_LCDC_REG + 0)
    0000002A F6 20            [ 8]   74 	or	a, #0x20
    0000002C E0r00            [12]   75 	ldh	(_LCDC_REG + 0), a
                                     76 ;text.c:34: HIDE_SPRITES;
    0000002E F0r00            [12]   77 	ldh	a, (_LCDC_REG + 0)
    00000030 E6 FD            [ 8]   78 	and	a, #0xfd
    00000032 E0r00            [12]   79 	ldh	(_LCDC_REG + 0), a
                                     80 ;text.c:35: delay (170);
    00000034 11 AA 00         [12]   81 	ld	de, #0x00aa
    00000037 CDr00r00         [24]   82 	call	_delay
                                     83 ;text.c:36: waitpad (J_A);
    0000003A 3E 10            [ 8]   84 	ld	a, #0x10
    0000003C CDr00r00         [24]   85 	call	_waitpad
                                     86 ;text.c:37: p_text_hideTXT ();
                                     87 ;text.c:38: }
    0000003F C3r42r00         [16]   88 	jp	_p_text_hideTXT
                                     89 ;text.c:41: void p_text_hideTXT (void) __nonbanked
                                     90 ;	---------------------------------
                                     91 ; Function p_text_hideTXT
                                     92 ; ---------------------------------
    00000042                         93 _p_text_hideTXT::
                                     94 ;text.c:43: HIDE_WIN;
    00000042 F0r00            [12]   95 	ldh	a, (_LCDC_REG + 0)
    00000044 E6 DF            [ 8]   96 	and	a, #0xdf
    00000046 E0r00            [12]   97 	ldh	(_LCDC_REG + 0), a
                                     98 ;/opt/gbdk/include/gb/gb.h:1739: WX_REG=x, WY_REG=y;
    00000048 AF               [ 4]   99 	xor	a, a
    00000049 E0r00            [12]  100 	ldh	(_WX_REG + 0), a
    0000004B AF               [ 4]  101 	xor	a, a
    0000004C E0r00            [12]  102 	ldh	(_WY_REG + 0), a
                                    103 ;text.c:45: delay (160);
    0000004E 11 A0 00         [12]  104 	ld	de, #0x00a0
    00000051 CDr00r00         [24]  105 	call	_delay
                                    106 ;text.c:47: SHOW_SPRITES;
    00000054 F0r00            [12]  107 	ldh	a, (_LCDC_REG + 0)
    00000056 F6 02            [ 8]  108 	or	a, #0x02
    00000058 E0r00            [12]  109 	ldh	(_LCDC_REG + 0), a
                                    110 ;text.c:48: }
    0000005A C9               [16]  111 	ret
                                    112 	.area _HOME
                                    113 ;--------------------------------------------------------
                                    114 ; code
                                    115 ;--------------------------------------------------------
                                    116 	.area _CODE
                                    117 	.area _CODE
                                    118 	.area _INITIALIZER
                                    119 	.area _CABS (ABS)
