                                      1 ;--------------------------------------------------------
                                      2 ; File Created by SDCC : free open source ISO C Compiler
                                      3 ; Version 4.5.1 #15267 (Linux)
                                      4 ;--------------------------------------------------------
                                      5 	.module texte
                                      6 	
                                      7 ;--------------------------------------------------------
                                      8 ; Public variables in this module
                                      9 ;--------------------------------------------------------
                                     10 	.globl _nichtnuetzlich
                                     11 	.globl _uhr
                                     12 	.globl _schluessel
                                     13 	.globl _herz
                                     14 	.globl _tuerzu
                                     15 	.globl _weihwasser
                                     16 	.globl _schild2
                                     17 	.globl _shield1
                                     18 	.globl _eispflock
                                     19 	.globl _leer
                                     20 ;--------------------------------------------------------
                                     21 ; special function registers
                                     22 ;--------------------------------------------------------
                                     23 	.area _HRAM
                                     24 ;--------------------------------------------------------
                                     25 ; ram data
                                     26 ;--------------------------------------------------------
                                     27 	.area _DATA
                                     28 ;--------------------------------------------------------
                                     29 ; ram data
                                     30 ;--------------------------------------------------------
                                     31 	.area _INITIALIZED
                                     32 ;--------------------------------------------------------
                                     33 ; absolute external ram data
                                     34 ;--------------------------------------------------------
                                     35 	.area _DABS (ABS)
                                     36 ;--------------------------------------------------------
                                     37 ; global & static initialisations
                                     38 ;--------------------------------------------------------
                                     39 	.area _HOME
                                     40 	.area _GSINIT
                                     41 	.area _GSFINAL
                                     42 	.area _GSINIT
                                     43 ;--------------------------------------------------------
                                     44 ; Home
                                     45 ;--------------------------------------------------------
                                     46 	.area _HOME
                                     47 	.area _HOME
                                     48 ;--------------------------------------------------------
                                     49 ; code
                                     50 ;--------------------------------------------------------
                                     51 	.area _CODE
                                     52 	.area _CODE
    00000000                         53 _leer:
    00000000 6B                      54 	.db #0x6b	; 107	'k'
    00000001 6D                      55 	.db #0x6d	; 109	'm'
    00000002 6A                      56 	.db #0x6a	; 106	'j'
    00000003 77                      57 	.db #0x77	; 119	'w'
    00000004 7A                      58 	.db #0x7a	; 122	'z'
    00000005 7F                      59 	.db #0x7f	; 127
    00000006 76                      60 	.db #0x76	; 118	'v'
    00000007 6C                      61 	.db #0x6c	; 108	'l'
    00000008 6B                      62 	.db #0x6b	; 107	'k'
    00000009 7F                      63 	.db #0x7f	; 127
    0000000A 73                      64 	.db #0x73	; 115	's'
    0000000B 7A                      65 	.db #0x7a	; 122	'z'
    0000000C 7A                      66 	.db #0x7a	; 122	'z'
    0000000D 6D                      67 	.db #0x6d	; 109	'm'
    0000000E 59                      68 	.db #0x59	; 89	'Y'
    0000000F 7F                      69 	.db #0x7f	; 127
    00000010 7F                      70 	.db #0x7f	; 127
    00000011 00                      71 	.db #0x00	; 0
    00000012 7F                      72 	.db #0x7f	; 127
    00000013 7F                      73 	.db #0x7f	; 127
    00000014 7F                      74 	.db #0x7f	; 127
    00000015 7F                      75 	.db #0x7f	; 127
    00000016 7F                      76 	.db #0x7f	; 127
    00000017 7F                      77 	.db #0x7f	; 127
    00000018 7F                      78 	.db #0x7f	; 127
    00000019 7F                      79 	.db #0x7f	; 127
    0000001A 7F                      80 	.db #0x7f	; 127
    0000001B 7F                      81 	.db #0x7f	; 127
    0000001C 7F                      82 	.db #0x7f	; 127
    0000001D 7F                      83 	.db #0x7f	; 127
    0000001E 7F                      84 	.db #0x7f	; 127
    0000001F 00                      85 	.db #0x00	; 0
    00000020 00                      86 	.db #0x00	; 0
    00000021 00                      87 	.db #0x00	; 0
    00000022 00                      88 	.db #0x00	; 0
    00000023 00                      89 	.db #0x00	; 0
    00000024 00                      90 	.db #0x00	; 0
    00000025 00                      91 	.db #0x00	; 0
    00000026 00                      92 	.db #0x00	; 0
    00000027 00                      93 	.db #0x00	; 0
    00000028 00                      94 	.db #0x00	; 0
    00000029 00                      95 	.db #0x00	; 0
    0000002A 00                      96 	.db #0x00	; 0
    0000002B 00                      97 	.db #0x00	; 0
    0000002C 00                      98 	.db #0x00	; 0
    0000002D 00                      99 	.db #0x00	; 0
    0000002E 00                     100 	.db #0x00	; 0
    0000002F 00                     101 	.db #0x00	; 0
    00000030 00                     102 	.db #0x00	; 0
    00000031 00                     103 	.db #0x00	; 0
    00000032 00                     104 	.db #0x00	; 0
    00000033 00                     105 	.db #0x00	; 0
    00000034 00                     106 	.db #0x00	; 0
    00000035 00                     107 	.db #0x00	; 0
    00000036 00                     108 	.db #0x00	; 0
    00000037 00                     109 	.db #0x00	; 0
    00000038 00                     110 	.db #0x00	; 0
    00000039 00                     111 	.db #0x00	; 0
    0000003A 00                     112 	.db #0x00	; 0
    0000003B 00                     113 	.db #0x00	; 0
    0000003C 00                     114 	.db #0x00	; 0
    0000003D 00                     115 	.db #0x00	; 0
    0000003E 00                     116 	.db #0x00	; 0
    0000003F 00                     117 	.db #0x00	; 0
    00000040 00                     118 	.db #0x00	; 0
    00000041 00                     119 	.db #0x00	; 0
    00000042 00                     120 	.db #0x00	; 0
    00000043 00                     121 	.db #0x00	; 0
    00000044 00                     122 	.db #0x00	; 0
    00000045 00                     123 	.db #0x00	; 0
    00000046 7F                     124 	.db #0x7f	; 127
    00000047 51                     125 	.db #0x51	; 81	'Q'
    00000048                        126 _eispflock:
    00000048 7A                     127 	.db #0x7a	; 122	'z'
    00000049 76                     128 	.db #0x76	; 118	'v'
    0000004A 6C                     129 	.db #0x6c	; 108	'l'
    0000004B 6F                     130 	.db #0x6f	; 111	'o'
    0000004C 79                     131 	.db #0x79	; 121	'y'
    0000004D 73                     132 	.db #0x73	; 115	's'
    0000004E 70                     133 	.db #0x70	; 112	'p'
    0000004F 7C                     134 	.db #0x7c	; 124
    00000050 74                     135 	.db #0x74	; 116	't'
    00000051 7F                     136 	.db #0x7f	; 127
    00000052 78                     137 	.db #0x78	; 120	'x'
    00000053 7A                     138 	.db #0x7a	; 122	'z'
    00000054 79                     139 	.db #0x79	; 121	'y'
    00000055 6A                     140 	.db #0x6a	; 106	'j'
    00000056 71                     141 	.db #0x71	; 113	'q'
    00000057 53                     142 	.db #0x53	; 83	'S'
    00000058 7F                     143 	.db #0x7f	; 127
    00000059 00                     144 	.db #0x00	; 0
    0000005A 7B                     145 	.db #0x7b	; 123
    0000005B 7A                     146 	.db #0x7a	; 122	'z'
    0000005C 71                     147 	.db #0x71	; 113	'q'
    0000005D 5A                     148 	.db #0x5a	; 90	'Z'
    0000005E 7F                     149 	.db #0x7f	; 127
    0000005F 7F                     150 	.db #0x7f	; 127
    00000060 7F                     151 	.db #0x7f	; 127
    00000061 7F                     152 	.db #0x7f	; 127
    00000062 7F                     153 	.db #0x7f	; 127
    00000063 7F                     154 	.db #0x7f	; 127
    00000064 7F                     155 	.db #0x7f	; 127
    00000065 7F                     156 	.db #0x7f	; 127
    00000066 7F                     157 	.db #0x7f	; 127
    00000067 00                     158 	.db #0x00	; 0
    00000068 00                     159 	.db #0x00	; 0
    00000069 00                     160 	.db #0x00	; 0
    0000006A 00                     161 	.db #0x00	; 0
    0000006B 00                     162 	.db #0x00	; 0
    0000006C 00                     163 	.db #0x00	; 0
    0000006D 00                     164 	.db #0x00	; 0
    0000006E 00                     165 	.db #0x00	; 0
    0000006F 00                     166 	.db #0x00	; 0
    00000070 00                     167 	.db #0x00	; 0
    00000071 00                     168 	.db #0x00	; 0
    00000072 00                     169 	.db #0x00	; 0
    00000073 00                     170 	.db #0x00	; 0
    00000074 00                     171 	.db #0x00	; 0
    00000075 00                     172 	.db #0x00	; 0
    00000076 00                     173 	.db #0x00	; 0
    00000077 00                     174 	.db #0x00	; 0
    00000078 00                     175 	.db #0x00	; 0
    00000079 00                     176 	.db #0x00	; 0
    0000007A 00                     177 	.db #0x00	; 0
    0000007B 00                     178 	.db #0x00	; 0
    0000007C 00                     179 	.db #0x00	; 0
    0000007D 00                     180 	.db #0x00	; 0
    0000007E 00                     181 	.db #0x00	; 0
    0000007F 00                     182 	.db #0x00	; 0
    00000080 00                     183 	.db #0x00	; 0
    00000081 00                     184 	.db #0x00	; 0
    00000082 00                     185 	.db #0x00	; 0
    00000083 00                     186 	.db #0x00	; 0
    00000084 00                     187 	.db #0x00	; 0
    00000085 00                     188 	.db #0x00	; 0
    00000086 00                     189 	.db #0x00	; 0
    00000087 00                     190 	.db #0x00	; 0
    00000088 00                     191 	.db #0x00	; 0
    00000089 00                     192 	.db #0x00	; 0
    0000008A 00                     193 	.db #0x00	; 0
    0000008B 00                     194 	.db #0x00	; 0
    0000008C 00                     195 	.db #0x00	; 0
    0000008D 00                     196 	.db #0x00	; 0
    0000008E 7F                     197 	.db #0x7f	; 127
    0000008F 51                     198 	.db #0x51	; 81	'Q'
    00000090                        199 _shield1:
    00000090 78                     200 	.db #0x78	; 120	'x'
    00000091 6D                     201 	.db #0x6d	; 109	'm'
    00000092 6A                     202 	.db #0x6a	; 106	'j'
    00000093 79                     203 	.db #0x79	; 121	'y'
    00000094 6B                     204 	.db #0x6b	; 107	'k'
    00000095 7F                     205 	.db #0x7f	; 127
    00000096 00                     206 	.db #0x00	; 0
    00000097 00                     207 	.db #0x00	; 0
    00000098 00                     208 	.db #0x00	; 0
    00000099 00                     209 	.db #0x00	; 0
    0000009A 00                     210 	.db #0x00	; 0
    0000009B 00                     211 	.db #0x00	; 0
    0000009C 00                     212 	.db #0x00	; 0
    0000009D 00                     213 	.db #0x00	; 0
    0000009E 00                     214 	.db #0x00	; 0
    0000009F 00                     215 	.db #0x00	; 0
    000000A0 00                     216 	.db #0x00	; 0
    000000A1 00                     217 	.db #0x00	; 0
    000000A2 00                     218 	.db #0x00	; 0
    000000A3 00                     219 	.db #0x00	; 0
    000000A4 00                     220 	.db #0x00	; 0
    000000A5 00                     221 	.db #0x00	; 0
    000000A6 00                     222 	.db #0x00	; 0
    000000A7 00                     223 	.db #0x00	; 0
    000000A8 00                     224 	.db #0x00	; 0
    000000A9 00                     225 	.db #0x00	; 0
    000000AA 00                     226 	.db #0x00	; 0
    000000AB 00                     227 	.db #0x00	; 0
    000000AC 00                     228 	.db #0x00	; 0
    000000AD 00                     229 	.db #0x00	; 0
    000000AE 00                     230 	.db #0x00	; 0
    000000AF 00                     231 	.db #0x00	; 0
    000000B0 00                     232 	.db #0x00	; 0
    000000B1 00                     233 	.db #0x00	; 0
    000000B2 00                     234 	.db #0x00	; 0
    000000B3 00                     235 	.db #0x00	; 0
    000000B4 00                     236 	.db #0x00	; 0
    000000B5 00                     237 	.db #0x00	; 0
    000000B6 00                     238 	.db #0x00	; 0
    000000B7 00                     239 	.db #0x00	; 0
    000000B8 00                     240 	.db #0x00	; 0
    000000B9 00                     241 	.db #0x00	; 0
    000000BA 00                     242 	.db #0x00	; 0
    000000BB 00                     243 	.db #0x00	; 0
    000000BC 00                     244 	.db #0x00	; 0
    000000BD 00                     245 	.db #0x00	; 0
    000000BE 00                     246 	.db #0x00	; 0
    000000BF 00                     247 	.db #0x00	; 0
    000000C0 00                     248 	.db #0x00	; 0
    000000C1 00                     249 	.db #0x00	; 0
    000000C2 00                     250 	.db #0x00	; 0
    000000C3 00                     251 	.db #0x00	; 0
    000000C4 00                     252 	.db #0x00	; 0
    000000C5 00                     253 	.db #0x00	; 0
    000000C6 00                     254 	.db #0x00	; 0
    000000C7 00                     255 	.db #0x00	; 0
    000000C8 00                     256 	.db #0x00	; 0
    000000C9 00                     257 	.db #0x00	; 0
    000000CA 00                     258 	.db #0x00	; 0
    000000CB 00                     259 	.db #0x00	; 0
    000000CC 00                     260 	.db #0x00	; 0
    000000CD 00                     261 	.db #0x00	; 0
    000000CE 00                     262 	.db #0x00	; 0
    000000CF 00                     263 	.db #0x00	; 0
    000000D0 00                     264 	.db #0x00	; 0
    000000D1 00                     265 	.db #0x00	; 0
    000000D2 00                     266 	.db #0x00	; 0
    000000D3 00                     267 	.db #0x00	; 0
    000000D4 00                     268 	.db #0x00	; 0
    000000D5 00                     269 	.db #0x00	; 0
    000000D6 7F                     270 	.db #0x7f	; 127
    000000D7 51                     271 	.db #0x51	; 81	'Q'
    000000D8                        272 _schild2:
    000000D8 6C                     273 	.db #0x6c	; 108	'l'
    000000D9 7A                     274 	.db #0x7a	; 122	'z'
    000000DA 73                     275 	.db #0x73	; 115	's'
    000000DB 7D                     276 	.db #0x7d	; 125
    000000DC 6C                     277 	.db #0x6c	; 108	'l'
    000000DD 6B                     278 	.db #0x6b	; 107	'k'
    000000DE 00                     279 	.db #0x00	; 0
    000000DF 6F                     280 	.db #0x6f	; 111	'o'
    000000E0 73                     281 	.db #0x73	; 115	's'
    000000E1 7E                     282 	.db #0x7e	; 126
    000000E2 78                     283 	.db #0x78	; 120	'x'
    000000E3 7A                     284 	.db #0x7a	; 122	'z'
    000000E4 00                     285 	.db #0x00	; 0
    000000E5 64                     286 	.db #0x64	; 100	'd'
    000000E6 00                     287 	.db #0x00	; 0
    000000E7 7E                     288 	.db #0x7e	; 126
    000000E8 71                     289 	.db #0x71	; 113	'q'
    000000E9 53                     290 	.db #0x53	; 83	'S'
    000000EA 7D                     291 	.db #0x7d	; 125
    000000EB 7A                     292 	.db #0x7a	; 122	'z'
    000000EC 6B                     293 	.db #0x6b	; 107	'k'
    000000ED 7A                     294 	.db #0x7a	; 122	'z'
    000000EE 6D                     295 	.db #0x6d	; 109	'm'
    000000EF 00                     296 	.db #0x00	; 0
    000000F0 6C                     297 	.db #0x6c	; 108	'l'
    000000F1 76                     298 	.db #0x76	; 118	'v'
    000000F2 71                     299 	.db #0x71	; 113	'q'
    000000F3 7B                     300 	.db #0x7b	; 123
    000000F4 00                     301 	.db #0x00	; 0
    000000F5 69                     302 	.db #0x69	; 105	'i'
    000000F6 70                     303 	.db #0x70	; 112	'p'
    000000F7 71                     304 	.db #0x71	; 113	'q'
    000000F8 00                     305 	.db #0x00	; 0
    000000F9 61                     306 	.db #0x61	; 97	'a'
    000000FA 00                     307 	.db #0x00	; 0
    000000FB 00                     308 	.db #0x00	; 0
    000000FC 77                     309 	.db #0x77	; 119	'w'
    000000FD 70                     310 	.db #0x70	; 112	'p'
    000000FE 77                     311 	.db #0x77	; 119	'w'
    000000FF 7A                     312 	.db #0x7a	; 122	'z'
    00000100 71                     313 	.db #0x71	; 113	'q'
    00000101 00                     314 	.db #0x00	; 0
    00000102 78                     315 	.db #0x78	; 120	'x'
    00000103 70                     316 	.db #0x70	; 112	'p'
    00000104 7A                     317 	.db #0x7a	; 122	'z'
    00000105 6B                     318 	.db #0x6b	; 107	'k'
    00000106 6B                     319 	.db #0x6b	; 107	'k'
    00000107 7A                     320 	.db #0x7a	; 122	'z'
    00000108 6D                     321 	.db #0x6d	; 109	'm'
    00000109 00                     322 	.db #0x00	; 0
    0000010A 71                     323 	.db #0x71	; 113	'q'
    0000010B 76                     324 	.db #0x76	; 118	'v'
    0000010C 7A                     325 	.db #0x7a	; 122	'z'
    0000010D 53                     326 	.db #0x53	; 83	'S'
    0000010E 7B                     327 	.db #0x7b	; 123
    0000010F 7A                     328 	.db #0x7a	; 122	'z'
    00000110 6D                     329 	.db #0x6d	; 109	'm'
    00000111 78                     330 	.db #0x78	; 120	'x'
    00000112 7A                     331 	.db #0x7a	; 122	'z'
    00000113 68                     332 	.db #0x68	; 104	'h'
    00000114 70                     333 	.db #0x70	; 112	'p'
    00000115 6D                     334 	.db #0x6d	; 109	'm'
    00000116 79                     335 	.db #0x79	; 121	'y'
    00000117 7A                     336 	.db #0x7a	; 122	'z'
    00000118 71                     337 	.db #0x71	; 113	'q'
    00000119 00                     338 	.db #0x00	; 0
    0000011A 59                     339 	.db #0x59	; 89	'Y'
    0000011B 00                     340 	.db #0x00	; 0
    0000011C 00                     341 	.db #0x00	; 0
    0000011D 00                     342 	.db #0x00	; 0
    0000011E 7F                     343 	.db #0x7f	; 127
    0000011F 51                     344 	.db #0x51	; 81	'Q'
    00000120                        345 _weihwasser:
    00000120 68                     346 	.db #0x68	; 104	'h'
    00000121 7A                     347 	.db #0x7a	; 122	'z'
    00000122 76                     348 	.db #0x76	; 118	'v'
    00000123 77                     349 	.db #0x77	; 119	'w'
    00000124 68                     350 	.db #0x68	; 104	'h'
    00000125 7E                     351 	.db #0x7e	; 126
    00000126 6C                     352 	.db #0x6c	; 108	'l'
    00000127 6C                     353 	.db #0x6c	; 108	'l'
    00000128 7A                     354 	.db #0x7a	; 122	'z'
    00000129 6D                     355 	.db #0x6d	; 109	'm'
    0000012A 00                     356 	.db #0x00	; 0
    0000012B 78                     357 	.db #0x78	; 120	'x'
    0000012C 7A                     358 	.db #0x7a	; 122	'z'
    0000012D 79                     359 	.db #0x79	; 121	'y'
    0000012E 6A                     360 	.db #0x6a	; 106	'j'
    0000012F 71                     361 	.db #0x71	; 113	'q'
    00000130 53                     362 	.db #0x53	; 83	'S'
    00000131 00                     363 	.db #0x00	; 0
    00000132 7B                     364 	.db #0x7b	; 123
    00000133 7A                     365 	.db #0x7a	; 122	'z'
    00000134 71                     366 	.db #0x71	; 113	'q'
    00000135 5A                     367 	.db #0x5a	; 90	'Z'
    00000136 00                     368 	.db #0x00	; 0
    00000137 00                     369 	.db #0x00	; 0
    00000138 7F                     370 	.db #0x7f	; 127
    00000139 7F                     371 	.db #0x7f	; 127
    0000013A 7F                     372 	.db #0x7f	; 127
    0000013B 00                     373 	.db #0x00	; 0
    0000013C 00                     374 	.db #0x00	; 0
    0000013D 00                     375 	.db #0x00	; 0
    0000013E 00                     376 	.db #0x00	; 0
    0000013F 00                     377 	.db #0x00	; 0
    00000140 00                     378 	.db #0x00	; 0
    00000141 00                     379 	.db #0x00	; 0
    00000142 00                     380 	.db #0x00	; 0
    00000143 00                     381 	.db #0x00	; 0
    00000144 00                     382 	.db #0x00	; 0
    00000145 00                     383 	.db #0x00	; 0
    00000146 00                     384 	.db #0x00	; 0
    00000147 00                     385 	.db #0x00	; 0
    00000148 00                     386 	.db #0x00	; 0
    00000149 00                     387 	.db #0x00	; 0
    0000014A 00                     388 	.db #0x00	; 0
    0000014B 00                     389 	.db #0x00	; 0
    0000014C 00                     390 	.db #0x00	; 0
    0000014D 00                     391 	.db #0x00	; 0
    0000014E 00                     392 	.db #0x00	; 0
    0000014F 00                     393 	.db #0x00	; 0
    00000150 00                     394 	.db #0x00	; 0
    00000151 00                     395 	.db #0x00	; 0
    00000152 00                     396 	.db #0x00	; 0
    00000153 00                     397 	.db #0x00	; 0
    00000154 00                     398 	.db #0x00	; 0
    00000155 00                     399 	.db #0x00	; 0
    00000156 00                     400 	.db #0x00	; 0
    00000157 00                     401 	.db #0x00	; 0
    00000158 00                     402 	.db #0x00	; 0
    00000159 00                     403 	.db #0x00	; 0
    0000015A 00                     404 	.db #0x00	; 0
    0000015B 00                     405 	.db #0x00	; 0
    0000015C 00                     406 	.db #0x00	; 0
    0000015D 00                     407 	.db #0x00	; 0
    0000015E 00                     408 	.db #0x00	; 0
    0000015F 00                     409 	.db #0x00	; 0
    00000160 00                     410 	.db #0x00	; 0
    00000161 00                     411 	.db #0x00	; 0
    00000162 00                     412 	.db #0x00	; 0
    00000163 00                     413 	.db #0x00	; 0
    00000164 00                     414 	.db #0x00	; 0
    00000165 00                     415 	.db #0x00	; 0
    00000166 7F                     416 	.db #0x7f	; 127
    00000167 51                     417 	.db #0x51	; 81	'Q'
    00000168                        418 _tuerzu:
    00000168 6B                     419 	.db #0x6b	; 107	'k'
    00000169 6A                     420 	.db #0x6a	; 106	'j'
    0000016A 7A                     421 	.db #0x7a	; 122	'z'
    0000016B 6D                     422 	.db #0x6d	; 109	'm'
    0000016C 00                     423 	.db #0x00	; 0
    0000016D 65                     424 	.db #0x65	; 101	'e'
    0000016E 6A                     425 	.db #0x6a	; 106	'j'
    0000016F 5A                     426 	.db #0x5a	; 90	'Z'
    00000170 00                     427 	.db #0x00	; 0
    00000171 00                     428 	.db #0x00	; 0
    00000172 00                     429 	.db #0x00	; 0
    00000173 7F                     430 	.db #0x7f	; 127
    00000174 7F                     431 	.db #0x7f	; 127
    00000175 7F                     432 	.db #0x7f	; 127
    00000176 7F                     433 	.db #0x7f	; 127
    00000177 7F                     434 	.db #0x7f	; 127
    00000178 7F                     435 	.db #0x7f	; 127
    00000179 00                     436 	.db #0x00	; 0
    0000017A 7F                     437 	.db #0x7f	; 127
    0000017B 7F                     438 	.db #0x7f	; 127
    0000017C 7F                     439 	.db #0x7f	; 127
    0000017D 7F                     440 	.db #0x7f	; 127
    0000017E 00                     441 	.db #0x00	; 0
    0000017F 00                     442 	.db #0x00	; 0
    00000180 7F                     443 	.db #0x7f	; 127
    00000181 7F                     444 	.db #0x7f	; 127
    00000182 7F                     445 	.db #0x7f	; 127
    00000183 00                     446 	.db #0x00	; 0
    00000184 00                     447 	.db #0x00	; 0
    00000185 00                     448 	.db #0x00	; 0
    00000186 00                     449 	.db #0x00	; 0
    00000187 00                     450 	.db #0x00	; 0
    00000188 00                     451 	.db #0x00	; 0
    00000189 00                     452 	.db #0x00	; 0
    0000018A 00                     453 	.db #0x00	; 0
    0000018B 00                     454 	.db #0x00	; 0
    0000018C 00                     455 	.db #0x00	; 0
    0000018D 00                     456 	.db #0x00	; 0
    0000018E 00                     457 	.db #0x00	; 0
    0000018F 00                     458 	.db #0x00	; 0
    00000190 00                     459 	.db #0x00	; 0
    00000191 00                     460 	.db #0x00	; 0
    00000192 00                     461 	.db #0x00	; 0
    00000193 00                     462 	.db #0x00	; 0
    00000194 00                     463 	.db #0x00	; 0
    00000195 00                     464 	.db #0x00	; 0
    00000196 00                     465 	.db #0x00	; 0
    00000197 00                     466 	.db #0x00	; 0
    00000198 00                     467 	.db #0x00	; 0
    00000199 00                     468 	.db #0x00	; 0
    0000019A 00                     469 	.db #0x00	; 0
    0000019B 00                     470 	.db #0x00	; 0
    0000019C 00                     471 	.db #0x00	; 0
    0000019D 00                     472 	.db #0x00	; 0
    0000019E 00                     473 	.db #0x00	; 0
    0000019F 00                     474 	.db #0x00	; 0
    000001A0 00                     475 	.db #0x00	; 0
    000001A1 00                     476 	.db #0x00	; 0
    000001A2 00                     477 	.db #0x00	; 0
    000001A3 00                     478 	.db #0x00	; 0
    000001A4 00                     479 	.db #0x00	; 0
    000001A5 00                     480 	.db #0x00	; 0
    000001A6 00                     481 	.db #0x00	; 0
    000001A7 00                     482 	.db #0x00	; 0
    000001A8 00                     483 	.db #0x00	; 0
    000001A9 00                     484 	.db #0x00	; 0
    000001AA 00                     485 	.db #0x00	; 0
    000001AB 00                     486 	.db #0x00	; 0
    000001AC 00                     487 	.db #0x00	; 0
    000001AD 00                     488 	.db #0x00	; 0
    000001AE 7F                     489 	.db #0x7f	; 127
    000001AF 51                     490 	.db #0x51	; 81	'Q'
    000001B0                        491 _herz:
    000001B0 44                     492 	.db #0x44	; 68	'D'
    000001B1 7F                     493 	.db #0x7f	; 127
    000001B2 78                     494 	.db #0x78	; 120	'x'
    000001B3 7A                     495 	.db #0x7a	; 122	'z'
    000001B4 79                     496 	.db #0x79	; 121	'y'
    000001B5 6A                     497 	.db #0x6a	; 106	'j'
    000001B6 71                     498 	.db #0x71	; 113	'q'
    000001B7 7B                     499 	.db #0x7b	; 123
    000001B8 7A                     500 	.db #0x7a	; 122	'z'
    000001B9 71                     501 	.db #0x71	; 113	'q'
    000001BA 5A                     502 	.db #0x5a	; 90	'Z'
    000001BB 7F                     503 	.db #0x7f	; 127
    000001BC 7F                     504 	.db #0x7f	; 127
    000001BD 7F                     505 	.db #0x7f	; 127
    000001BE 7F                     506 	.db #0x7f	; 127
    000001BF 7F                     507 	.db #0x7f	; 127
    000001C0 7F                     508 	.db #0x7f	; 127
    000001C1 00                     509 	.db #0x00	; 0
    000001C2 7F                     510 	.db #0x7f	; 127
    000001C3 7F                     511 	.db #0x7f	; 127
    000001C4 7F                     512 	.db #0x7f	; 127
    000001C5 7F                     513 	.db #0x7f	; 127
    000001C6 00                     514 	.db #0x00	; 0
    000001C7 00                     515 	.db #0x00	; 0
    000001C8 7F                     516 	.db #0x7f	; 127
    000001C9 7F                     517 	.db #0x7f	; 127
    000001CA 7F                     518 	.db #0x7f	; 127
    000001CB 00                     519 	.db #0x00	; 0
    000001CC 00                     520 	.db #0x00	; 0
    000001CD 00                     521 	.db #0x00	; 0
    000001CE 00                     522 	.db #0x00	; 0
    000001CF 00                     523 	.db #0x00	; 0
    000001D0 00                     524 	.db #0x00	; 0
    000001D1 00                     525 	.db #0x00	; 0
    000001D2 00                     526 	.db #0x00	; 0
    000001D3 00                     527 	.db #0x00	; 0
    000001D4 00                     528 	.db #0x00	; 0
    000001D5 00                     529 	.db #0x00	; 0
    000001D6 00                     530 	.db #0x00	; 0
    000001D7 00                     531 	.db #0x00	; 0
    000001D8 00                     532 	.db #0x00	; 0
    000001D9 00                     533 	.db #0x00	; 0
    000001DA 00                     534 	.db #0x00	; 0
    000001DB 00                     535 	.db #0x00	; 0
    000001DC 00                     536 	.db #0x00	; 0
    000001DD 00                     537 	.db #0x00	; 0
    000001DE 00                     538 	.db #0x00	; 0
    000001DF 00                     539 	.db #0x00	; 0
    000001E0 00                     540 	.db #0x00	; 0
    000001E1 00                     541 	.db #0x00	; 0
    000001E2 00                     542 	.db #0x00	; 0
    000001E3 00                     543 	.db #0x00	; 0
    000001E4 00                     544 	.db #0x00	; 0
    000001E5 00                     545 	.db #0x00	; 0
    000001E6 00                     546 	.db #0x00	; 0
    000001E7 00                     547 	.db #0x00	; 0
    000001E8 00                     548 	.db #0x00	; 0
    000001E9 00                     549 	.db #0x00	; 0
    000001EA 00                     550 	.db #0x00	; 0
    000001EB 00                     551 	.db #0x00	; 0
    000001EC 00                     552 	.db #0x00	; 0
    000001ED 00                     553 	.db #0x00	; 0
    000001EE 00                     554 	.db #0x00	; 0
    000001EF 00                     555 	.db #0x00	; 0
    000001F0 00                     556 	.db #0x00	; 0
    000001F1 00                     557 	.db #0x00	; 0
    000001F2 00                     558 	.db #0x00	; 0
    000001F3 00                     559 	.db #0x00	; 0
    000001F4 00                     560 	.db #0x00	; 0
    000001F5 00                     561 	.db #0x00	; 0
    000001F6 7F                     562 	.db #0x7f	; 127
    000001F7 51                     563 	.db #0x51	; 81	'Q'
    000001F8                        564 _schluessel:
    000001F8 43                     565 	.db #0x43	; 67	'C'
    000001F9 7F                     566 	.db #0x7f	; 127
    000001FA 78                     567 	.db #0x78	; 120	'x'
    000001FB 7A                     568 	.db #0x7a	; 122	'z'
    000001FC 79                     569 	.db #0x79	; 121	'y'
    000001FD 6A                     570 	.db #0x6a	; 106	'j'
    000001FE 71                     571 	.db #0x71	; 113	'q'
    000001FF 7B                     572 	.db #0x7b	; 123
    00000200 7A                     573 	.db #0x7a	; 122	'z'
    00000201 71                     574 	.db #0x71	; 113	'q'
    00000202 5A                     575 	.db #0x5a	; 90	'Z'
    00000203 7F                     576 	.db #0x7f	; 127
    00000204 7F                     577 	.db #0x7f	; 127
    00000205 7F                     578 	.db #0x7f	; 127
    00000206 7F                     579 	.db #0x7f	; 127
    00000207 7F                     580 	.db #0x7f	; 127
    00000208 7F                     581 	.db #0x7f	; 127
    00000209 00                     582 	.db #0x00	; 0
    0000020A 7F                     583 	.db #0x7f	; 127
    0000020B 7F                     584 	.db #0x7f	; 127
    0000020C 7F                     585 	.db #0x7f	; 127
    0000020D 7F                     586 	.db #0x7f	; 127
    0000020E 00                     587 	.db #0x00	; 0
    0000020F 00                     588 	.db #0x00	; 0
    00000210 7F                     589 	.db #0x7f	; 127
    00000211 7F                     590 	.db #0x7f	; 127
    00000212 7F                     591 	.db #0x7f	; 127
    00000213 00                     592 	.db #0x00	; 0
    00000214 00                     593 	.db #0x00	; 0
    00000215 00                     594 	.db #0x00	; 0
    00000216 00                     595 	.db #0x00	; 0
    00000217 00                     596 	.db #0x00	; 0
    00000218 00                     597 	.db #0x00	; 0
    00000219 00                     598 	.db #0x00	; 0
    0000021A 00                     599 	.db #0x00	; 0
    0000021B 00                     600 	.db #0x00	; 0
    0000021C 00                     601 	.db #0x00	; 0
    0000021D 00                     602 	.db #0x00	; 0
    0000021E 00                     603 	.db #0x00	; 0
    0000021F 00                     604 	.db #0x00	; 0
    00000220 00                     605 	.db #0x00	; 0
    00000221 00                     606 	.db #0x00	; 0
    00000222 00                     607 	.db #0x00	; 0
    00000223 00                     608 	.db #0x00	; 0
    00000224 00                     609 	.db #0x00	; 0
    00000225 00                     610 	.db #0x00	; 0
    00000226 00                     611 	.db #0x00	; 0
    00000227 00                     612 	.db #0x00	; 0
    00000228 00                     613 	.db #0x00	; 0
    00000229 00                     614 	.db #0x00	; 0
    0000022A 00                     615 	.db #0x00	; 0
    0000022B 00                     616 	.db #0x00	; 0
    0000022C 00                     617 	.db #0x00	; 0
    0000022D 00                     618 	.db #0x00	; 0
    0000022E 00                     619 	.db #0x00	; 0
    0000022F 00                     620 	.db #0x00	; 0
    00000230 00                     621 	.db #0x00	; 0
    00000231 00                     622 	.db #0x00	; 0
    00000232 00                     623 	.db #0x00	; 0
    00000233 00                     624 	.db #0x00	; 0
    00000234 00                     625 	.db #0x00	; 0
    00000235 00                     626 	.db #0x00	; 0
    00000236 00                     627 	.db #0x00	; 0
    00000237 00                     628 	.db #0x00	; 0
    00000238 00                     629 	.db #0x00	; 0
    00000239 00                     630 	.db #0x00	; 0
    0000023A 00                     631 	.db #0x00	; 0
    0000023B 00                     632 	.db #0x00	; 0
    0000023C 00                     633 	.db #0x00	; 0
    0000023D 00                     634 	.db #0x00	; 0
    0000023E 7F                     635 	.db #0x7f	; 127
    0000023F 51                     636 	.db #0x51	; 81	'Q'
    00000240                        637 _uhr:
    00000240 42                     638 	.db #0x42	; 66	'B'
    00000241 7F                     639 	.db #0x7f	; 127
    00000242 78                     640 	.db #0x78	; 120	'x'
    00000243 7A                     641 	.db #0x7a	; 122	'z'
    00000244 79                     642 	.db #0x79	; 121	'y'
    00000245 6A                     643 	.db #0x6a	; 106	'j'
    00000246 71                     644 	.db #0x71	; 113	'q'
    00000247 7B                     645 	.db #0x7b	; 123
    00000248 7A                     646 	.db #0x7a	; 122	'z'
    00000249 71                     647 	.db #0x71	; 113	'q'
    0000024A 5A                     648 	.db #0x5a	; 90	'Z'
    0000024B 7F                     649 	.db #0x7f	; 127
    0000024C 7F                     650 	.db #0x7f	; 127
    0000024D 7F                     651 	.db #0x7f	; 127
    0000024E 7F                     652 	.db #0x7f	; 127
    0000024F 7F                     653 	.db #0x7f	; 127
    00000250 7F                     654 	.db #0x7f	; 127
    00000251 00                     655 	.db #0x00	; 0
    00000252 7F                     656 	.db #0x7f	; 127
    00000253 7F                     657 	.db #0x7f	; 127
    00000254 7F                     658 	.db #0x7f	; 127
    00000255 7F                     659 	.db #0x7f	; 127
    00000256 00                     660 	.db #0x00	; 0
    00000257 00                     661 	.db #0x00	; 0
    00000258 7F                     662 	.db #0x7f	; 127
    00000259 7F                     663 	.db #0x7f	; 127
    0000025A 7F                     664 	.db #0x7f	; 127
    0000025B 00                     665 	.db #0x00	; 0
    0000025C 00                     666 	.db #0x00	; 0
    0000025D 00                     667 	.db #0x00	; 0
    0000025E 00                     668 	.db #0x00	; 0
    0000025F 00                     669 	.db #0x00	; 0
    00000260 00                     670 	.db #0x00	; 0
    00000261 00                     671 	.db #0x00	; 0
    00000262 00                     672 	.db #0x00	; 0
    00000263 00                     673 	.db #0x00	; 0
    00000264 00                     674 	.db #0x00	; 0
    00000265 00                     675 	.db #0x00	; 0
    00000266 00                     676 	.db #0x00	; 0
    00000267 00                     677 	.db #0x00	; 0
    00000268 00                     678 	.db #0x00	; 0
    00000269 00                     679 	.db #0x00	; 0
    0000026A 00                     680 	.db #0x00	; 0
    0000026B 00                     681 	.db #0x00	; 0
    0000026C 00                     682 	.db #0x00	; 0
    0000026D 00                     683 	.db #0x00	; 0
    0000026E 00                     684 	.db #0x00	; 0
    0000026F 00                     685 	.db #0x00	; 0
    00000270 00                     686 	.db #0x00	; 0
    00000271 00                     687 	.db #0x00	; 0
    00000272 00                     688 	.db #0x00	; 0
    00000273 00                     689 	.db #0x00	; 0
    00000274 00                     690 	.db #0x00	; 0
    00000275 00                     691 	.db #0x00	; 0
    00000276 00                     692 	.db #0x00	; 0
    00000277 00                     693 	.db #0x00	; 0
    00000278 00                     694 	.db #0x00	; 0
    00000279 00                     695 	.db #0x00	; 0
    0000027A 00                     696 	.db #0x00	; 0
    0000027B 00                     697 	.db #0x00	; 0
    0000027C 00                     698 	.db #0x00	; 0
    0000027D 00                     699 	.db #0x00	; 0
    0000027E 00                     700 	.db #0x00	; 0
    0000027F 00                     701 	.db #0x00	; 0
    00000280 00                     702 	.db #0x00	; 0
    00000281 00                     703 	.db #0x00	; 0
    00000282 00                     704 	.db #0x00	; 0
    00000283 00                     705 	.db #0x00	; 0
    00000284 00                     706 	.db #0x00	; 0
    00000285 00                     707 	.db #0x00	; 0
    00000286 7F                     708 	.db #0x7f	; 127
    00000287 51                     709 	.db #0x51	; 81	'Q'
    00000288                        710 _nichtnuetzlich:
    00000288 76                     711 	.db #0x76	; 118	'v'
    00000289 71                     712 	.db #0x71	; 113	'q'
    0000028A 77                     713 	.db #0x77	; 119	'w'
    0000028B 7E                     714 	.db #0x7e	; 126
    0000028C 73                     715 	.db #0x73	; 115	's'
    0000028D 6B                     716 	.db #0x6b	; 107	'k'
    0000028E 7F                     717 	.db #0x7f	; 127
    0000028F 78                     718 	.db #0x78	; 120	'x'
    00000290 7A                     719 	.db #0x7a	; 122	'z'
    00000291 6D                     720 	.db #0x6d	; 109	'm'
    00000292 7E                     721 	.db #0x7e	; 126
    00000293 7B                     722 	.db #0x7b	; 123
    00000294 7A                     723 	.db #0x7a	; 122	'z'
    00000295 7F                     724 	.db #0x7f	; 127
    00000296 7F                     725 	.db #0x7f	; 127
    00000297 7F                     726 	.db #0x7f	; 127
    00000298 7F                     727 	.db #0x7f	; 127
    00000299 00                     728 	.db #0x00	; 0
    0000029A 71                     729 	.db #0x71	; 113	'q'
    0000029B 76                     730 	.db #0x76	; 118	'v'
    0000029C 7C                     731 	.db #0x7c	; 124
    0000029D 77                     732 	.db #0x77	; 119	'w'
    0000029E 6B                     733 	.db #0x6b	; 107	'k'
    0000029F 00                     734 	.db #0x00	; 0
    000002A0 71                     735 	.db #0x71	; 113	'q'
    000002A1 6A                     736 	.db #0x6a	; 106	'j'
    000002A2 7A                     737 	.db #0x7a	; 122	'z'
    000002A3 6B                     738 	.db #0x6b	; 107	'k'
    000002A4 65                     739 	.db #0x65	; 101	'e'
    000002A5 73                     740 	.db #0x73	; 115	's'
    000002A6 76                     741 	.db #0x76	; 118	'v'
    000002A7 7C                     742 	.db #0x7c	; 124
    000002A8 77                     743 	.db #0x77	; 119	'w'
    000002A9 59                     744 	.db #0x59	; 89	'Y'
    000002AA 00                     745 	.db #0x00	; 0
    000002AB 00                     746 	.db #0x00	; 0
    000002AC 00                     747 	.db #0x00	; 0
    000002AD 00                     748 	.db #0x00	; 0
    000002AE 00                     749 	.db #0x00	; 0
    000002AF 00                     750 	.db #0x00	; 0
    000002B0 00                     751 	.db #0x00	; 0
    000002B1 00                     752 	.db #0x00	; 0
    000002B2 00                     753 	.db #0x00	; 0
    000002B3 00                     754 	.db #0x00	; 0
    000002B4 00                     755 	.db #0x00	; 0
    000002B5 00                     756 	.db #0x00	; 0
    000002B6 00                     757 	.db #0x00	; 0
    000002B7 00                     758 	.db #0x00	; 0
    000002B8 00                     759 	.db #0x00	; 0
    000002B9 00                     760 	.db #0x00	; 0
    000002BA 00                     761 	.db #0x00	; 0
    000002BB 00                     762 	.db #0x00	; 0
    000002BC 00                     763 	.db #0x00	; 0
    000002BD 00                     764 	.db #0x00	; 0
    000002BE 00                     765 	.db #0x00	; 0
    000002BF 00                     766 	.db #0x00	; 0
    000002C0 00                     767 	.db #0x00	; 0
    000002C1 00                     768 	.db #0x00	; 0
    000002C2 00                     769 	.db #0x00	; 0
    000002C3 00                     770 	.db #0x00	; 0
    000002C4 00                     771 	.db #0x00	; 0
    000002C5 00                     772 	.db #0x00	; 0
    000002C6 00                     773 	.db #0x00	; 0
    000002C7 00                     774 	.db #0x00	; 0
    000002C8 00                     775 	.db #0x00	; 0
    000002C9 00                     776 	.db #0x00	; 0
    000002CA 00                     777 	.db #0x00	; 0
    000002CB 00                     778 	.db #0x00	; 0
    000002CC 00                     779 	.db #0x00	; 0
    000002CD 00                     780 	.db #0x00	; 0
    000002CE 7F                     781 	.db #0x7f	; 127
    000002CF 51                     782 	.db #0x51	; 81	'Q'
                                    783 	.area _INITIALIZER
                                    784 	.area _CABS (ABS)
