                                      1 ;--------------------------------------------------------
                                      2 ; File Created by SDCC : free open source ISO C Compiler
                                      3 ; Version 4.5.1 #15267 (Linux)
                                      4 ;--------------------------------------------------------
                                      5 	.module textborder
                                      6 	
                                      7 ;--------------------------------------------------------
                                      8 ; Public variables in this module
                                      9 ;--------------------------------------------------------
                                     10 	.globl _textborder
                                     11 ;--------------------------------------------------------
                                     12 ; special function registers
                                     13 ;--------------------------------------------------------
                                     14 	.area _HRAM
                                     15 ;--------------------------------------------------------
                                     16 ; ram data
                                     17 ;--------------------------------------------------------
                                     18 	.area _DATA
                                     19 ;--------------------------------------------------------
                                     20 ; ram data
                                     21 ;--------------------------------------------------------
                                     22 	.area _INITIALIZED
                                     23 ;--------------------------------------------------------
                                     24 ; absolute external ram data
                                     25 ;--------------------------------------------------------
                                     26 	.area _DABS (ABS)
                                     27 ;--------------------------------------------------------
                                     28 ; global & static initialisations
                                     29 ;--------------------------------------------------------
                                     30 	.area _HOME
                                     31 	.area _GSINIT
                                     32 	.area _GSFINAL
                                     33 	.area _GSINIT
                                     34 ;--------------------------------------------------------
                                     35 ; Home
                                     36 ;--------------------------------------------------------
                                     37 	.area _HOME
                                     38 	.area _HOME
                                     39 ;--------------------------------------------------------
                                     40 ; code
                                     41 ;--------------------------------------------------------
                                     42 	.area _CODE
                                     43 	.area _CODE
    00000000                         44 _textborder:
    00000000 4C                      45 	.db #0x4c	; 76	'L'
    00000001 4A                      46 	.db #0x4a	; 74	'J'
    00000002 4A                      47 	.db #0x4a	; 74	'J'
    00000003 4A                      48 	.db #0x4a	; 74	'J'
    00000004 4A                      49 	.db #0x4a	; 74	'J'
    00000005 4A                      50 	.db #0x4a	; 74	'J'
    00000006 4A                      51 	.db #0x4a	; 74	'J'
    00000007 4A                      52 	.db #0x4a	; 74	'J'
    00000008 4A                      53 	.db #0x4a	; 74	'J'
    00000009 4A                      54 	.db #0x4a	; 74	'J'
    0000000A 4A                      55 	.db #0x4a	; 74	'J'
    0000000B 4A                      56 	.db #0x4a	; 74	'J'
    0000000C 4A                      57 	.db #0x4a	; 74	'J'
    0000000D 4A                      58 	.db #0x4a	; 74	'J'
    0000000E 4A                      59 	.db #0x4a	; 74	'J'
    0000000F 4A                      60 	.db #0x4a	; 74	'J'
    00000010 4A                      61 	.db #0x4a	; 74	'J'
    00000011 4A                      62 	.db #0x4a	; 74	'J'
    00000012 4A                      63 	.db #0x4a	; 74	'J'
    00000013 4B                      64 	.db #0x4b	; 75	'K'
    00000014 4D                      65 	.db #0x4d	; 77	'M'
    00000015 7F                      66 	.db #0x7f	; 127
    00000016 7F                      67 	.db #0x7f	; 127
    00000017 7F                      68 	.db #0x7f	; 127
    00000018 7F                      69 	.db #0x7f	; 127
    00000019 7F                      70 	.db #0x7f	; 127
    0000001A 7F                      71 	.db #0x7f	; 127
    0000001B 7F                      72 	.db #0x7f	; 127
    0000001C 7F                      73 	.db #0x7f	; 127
    0000001D 7F                      74 	.db #0x7f	; 127
    0000001E 7F                      75 	.db #0x7f	; 127
    0000001F 7F                      76 	.db #0x7f	; 127
    00000020 7F                      77 	.db #0x7f	; 127
    00000021 7F                      78 	.db #0x7f	; 127
    00000022 7F                      79 	.db #0x7f	; 127
    00000023 7F                      80 	.db #0x7f	; 127
    00000024 7F                      81 	.db #0x7f	; 127
    00000025 7F                      82 	.db #0x7f	; 127
    00000026 7F                      83 	.db #0x7f	; 127
    00000027 4E                      84 	.db #0x4e	; 78	'N'
    00000028 4D                      85 	.db #0x4d	; 77	'M'
    00000029 7F                      86 	.db #0x7f	; 127
    0000002A 7F                      87 	.db #0x7f	; 127
    0000002B 7F                      88 	.db #0x7f	; 127
    0000002C 7F                      89 	.db #0x7f	; 127
    0000002D 7F                      90 	.db #0x7f	; 127
    0000002E 7F                      91 	.db #0x7f	; 127
    0000002F 7F                      92 	.db #0x7f	; 127
    00000030 7F                      93 	.db #0x7f	; 127
    00000031 7F                      94 	.db #0x7f	; 127
    00000032 7F                      95 	.db #0x7f	; 127
    00000033 7F                      96 	.db #0x7f	; 127
    00000034 7F                      97 	.db #0x7f	; 127
    00000035 7F                      98 	.db #0x7f	; 127
    00000036 7F                      99 	.db #0x7f	; 127
    00000037 7F                     100 	.db #0x7f	; 127
    00000038 7F                     101 	.db #0x7f	; 127
    00000039 7F                     102 	.db #0x7f	; 127
    0000003A 7F                     103 	.db #0x7f	; 127
    0000003B 4E                     104 	.db #0x4e	; 78	'N'
    0000003C 4D                     105 	.db #0x4d	; 77	'M'
    0000003D 7F                     106 	.db #0x7f	; 127
    0000003E 7F                     107 	.db #0x7f	; 127
    0000003F 7F                     108 	.db #0x7f	; 127
    00000040 7F                     109 	.db #0x7f	; 127
    00000041 7F                     110 	.db #0x7f	; 127
    00000042 7F                     111 	.db #0x7f	; 127
    00000043 7F                     112 	.db #0x7f	; 127
    00000044 7F                     113 	.db #0x7f	; 127
    00000045 7F                     114 	.db #0x7f	; 127
    00000046 7F                     115 	.db #0x7f	; 127
    00000047 7F                     116 	.db #0x7f	; 127
    00000048 7F                     117 	.db #0x7f	; 127
    00000049 7F                     118 	.db #0x7f	; 127
    0000004A 7F                     119 	.db #0x7f	; 127
    0000004B 7F                     120 	.db #0x7f	; 127
    0000004C 7F                     121 	.db #0x7f	; 127
    0000004D 7F                     122 	.db #0x7f	; 127
    0000004E 7F                     123 	.db #0x7f	; 127
    0000004F 4E                     124 	.db #0x4e	; 78	'N'
    00000050 4D                     125 	.db #0x4d	; 77	'M'
    00000051 7F                     126 	.db #0x7f	; 127
    00000052 7F                     127 	.db #0x7f	; 127
    00000053 7F                     128 	.db #0x7f	; 127
    00000054 7F                     129 	.db #0x7f	; 127
    00000055 7F                     130 	.db #0x7f	; 127
    00000056 7F                     131 	.db #0x7f	; 127
    00000057 7F                     132 	.db #0x7f	; 127
    00000058 7F                     133 	.db #0x7f	; 127
    00000059 7F                     134 	.db #0x7f	; 127
    0000005A 7F                     135 	.db #0x7f	; 127
    0000005B 7F                     136 	.db #0x7f	; 127
    0000005C 7F                     137 	.db #0x7f	; 127
    0000005D 7F                     138 	.db #0x7f	; 127
    0000005E 7F                     139 	.db #0x7f	; 127
    0000005F 7F                     140 	.db #0x7f	; 127
    00000060 7F                     141 	.db #0x7f	; 127
    00000061 7F                     142 	.db #0x7f	; 127
    00000062 7F                     143 	.db #0x7f	; 127
    00000063 4E                     144 	.db #0x4e	; 78	'N'
    00000064 48                     145 	.db #0x48	; 72	'H'
    00000065 4F                     146 	.db #0x4f	; 79	'O'
    00000066 4F                     147 	.db #0x4f	; 79	'O'
    00000067 4F                     148 	.db #0x4f	; 79	'O'
    00000068 4F                     149 	.db #0x4f	; 79	'O'
    00000069 4F                     150 	.db #0x4f	; 79	'O'
    0000006A 4F                     151 	.db #0x4f	; 79	'O'
    0000006B 4F                     152 	.db #0x4f	; 79	'O'
    0000006C 4F                     153 	.db #0x4f	; 79	'O'
    0000006D 4F                     154 	.db #0x4f	; 79	'O'
    0000006E 4F                     155 	.db #0x4f	; 79	'O'
    0000006F 4F                     156 	.db #0x4f	; 79	'O'
    00000070 4F                     157 	.db #0x4f	; 79	'O'
    00000071 4F                     158 	.db #0x4f	; 79	'O'
    00000072 4F                     159 	.db #0x4f	; 79	'O'
    00000073 4F                     160 	.db #0x4f	; 79	'O'
    00000074 4F                     161 	.db #0x4f	; 79	'O'
    00000075 4F                     162 	.db #0x4f	; 79	'O'
    00000076 4F                     163 	.db #0x4f	; 79	'O'
    00000077 49                     164 	.db #0x49	; 73	'I'
                                    165 	.area _INITIALIZER
                                    166 	.area _CABS (ABS)
