                                      1 ;--------------------------------------------------------
                                      2 ; File Created by SDCC : free open source ISO C Compiler
                                      3 ; Version 4.5.1 #15267 (Linux)
                                      4 ;--------------------------------------------------------
                                      5 	.module title
                                      6 	
                                      7 ;--------------------------------------------------------
                                      8 ; Public variables in this module
                                      9 ;--------------------------------------------------------
                                     10 	.globl _title
                                     11 ;--------------------------------------------------------
                                     12 ; special function registers
                                     13 ;--------------------------------------------------------
                                     14 	.area _HRAM
                                     15 ;--------------------------------------------------------
                                     16 ; ram data
                                     17 ;--------------------------------------------------------
                                     18 	.area _DATA
                                     19 ;--------------------------------------------------------
                                     20 ; ram data
                                     21 ;--------------------------------------------------------
                                     22 	.area _INITIALIZED
                                     23 ;--------------------------------------------------------
                                     24 ; absolute external ram data
                                     25 ;--------------------------------------------------------
                                     26 	.area _DABS (ABS)
                                     27 ;--------------------------------------------------------
                                     28 ; global & static initialisations
                                     29 ;--------------------------------------------------------
                                     30 	.area _HOME
                                     31 	.area _GSINIT
                                     32 	.area _GSFINAL
                                     33 	.area _GSINIT
                                     34 ;--------------------------------------------------------
                                     35 ; Home
                                     36 ;--------------------------------------------------------
                                     37 	.area _HOME
                                     38 	.area _HOME
                                     39 ;--------------------------------------------------------
                                     40 ; code
                                     41 ;--------------------------------------------------------
                                     42 	.area _CODE
                                     43 	.area _CODE
    00000000                         44 _title:
    00000000 00                      45 	.db #0x00	; 0
    00000001 00                      46 	.db #0x00	; 0
    00000002 00                      47 	.db #0x00	; 0
    00000003 00                      48 	.db #0x00	; 0
    00000004 00                      49 	.db #0x00	; 0
    00000005 00                      50 	.db #0x00	; 0
    00000006 00                      51 	.db #0x00	; 0
    00000007 00                      52 	.db #0x00	; 0
    00000008 00                      53 	.db #0x00	; 0
    00000009 00                      54 	.db #0x00	; 0
    0000000A 00                      55 	.db #0x00	; 0
    0000000B 00                      56 	.db #0x00	; 0
    0000000C 00                      57 	.db #0x00	; 0
    0000000D 00                      58 	.db #0x00	; 0
    0000000E 00                      59 	.db #0x00	; 0
    0000000F 00                      60 	.db #0x00	; 0
    00000010 00                      61 	.db #0x00	; 0
    00000011 00                      62 	.db #0x00	; 0
    00000012 00                      63 	.db #0x00	; 0
    00000013 00                      64 	.db #0x00	; 0
    00000014 00                      65 	.db #0x00	; 0
    00000015 00                      66 	.db #0x00	; 0
    00000016 00                      67 	.db #0x00	; 0
    00000017 00                      68 	.db #0x00	; 0
    00000018 00                      69 	.db #0x00	; 0
    00000019 00                      70 	.db #0x00	; 0
    0000001A 00                      71 	.db #0x00	; 0
    0000001B 00                      72 	.db #0x00	; 0
    0000001C 00                      73 	.db #0x00	; 0
    0000001D 00                      74 	.db #0x00	; 0
    0000001E 00                      75 	.db #0x00	; 0
    0000001F 00                      76 	.db #0x00	; 0
    00000020 00                      77 	.db #0x00	; 0
    00000021 00                      78 	.db #0x00	; 0
    00000022 00                      79 	.db #0x00	; 0
    00000023 00                      80 	.db #0x00	; 0
    00000024 00                      81 	.db #0x00	; 0
    00000025 00                      82 	.db #0x00	; 0
    00000026 00                      83 	.db #0x00	; 0
    00000027 00                      84 	.db #0x00	; 0
    00000028 00                      85 	.db #0x00	; 0
    00000029 00                      86 	.db #0x00	; 0
    0000002A 00                      87 	.db #0x00	; 0
    0000002B 00                      88 	.db #0x00	; 0
    0000002C 00                      89 	.db #0x00	; 0
    0000002D 00                      90 	.db #0x00	; 0
    0000002E 00                      91 	.db #0x00	; 0
    0000002F 00                      92 	.db #0x00	; 0
    00000030 00                      93 	.db #0x00	; 0
    00000031 00                      94 	.db #0x00	; 0
    00000032 7F                      95 	.db #0x7f	; 127
    00000033 00                      96 	.db #0x00	; 0
    00000034 00                      97 	.db #0x00	; 0
    00000035 00                      98 	.db #0x00	; 0
    00000036 00                      99 	.db #0x00	; 0
    00000037 00                     100 	.db #0x00	; 0
    00000038 00                     101 	.db #0x00	; 0
    00000039 00                     102 	.db #0x00	; 0
    0000003A 00                     103 	.db #0x00	; 0
    0000003B 00                     104 	.db #0x00	; 0
    0000003C 00                     105 	.db #0x00	; 0
    0000003D 00                     106 	.db #0x00	; 0
    0000003E 00                     107 	.db #0x00	; 0
    0000003F 00                     108 	.db #0x00	; 0
    00000040 00                     109 	.db #0x00	; 0
    00000041 7F                     110 	.db #0x7f	; 127
    00000042 7F                     111 	.db #0x7f	; 127
    00000043 7F                     112 	.db #0x7f	; 127
    00000044 7F                     113 	.db #0x7f	; 127
    00000045 7F                     114 	.db #0x7f	; 127
    00000046 7F                     115 	.db #0x7f	; 127
    00000047 7F                     116 	.db #0x7f	; 127
    00000048 7F                     117 	.db #0x7f	; 127
    00000049 7F                     118 	.db #0x7f	; 127
    0000004A 00                     119 	.db #0x00	; 0
    0000004B 00                     120 	.db #0x00	; 0
    0000004C 00                     121 	.db #0x00	; 0
    0000004D 7F                     122 	.db #0x7f	; 127
    0000004E 00                     123 	.db #0x00	; 0
    0000004F 00                     124 	.db #0x00	; 0
    00000050 00                     125 	.db #0x00	; 0
    00000051 00                     126 	.db #0x00	; 0
    00000052 00                     127 	.db #0x00	; 0
    00000053 00                     128 	.db #0x00	; 0
    00000054 00                     129 	.db #0x00	; 0
    00000055 7F                     130 	.db #0x7f	; 127
    00000056 00                     131 	.db #0x00	; 0
    00000057 00                     132 	.db #0x00	; 0
    00000058 00                     133 	.db #0x00	; 0
    00000059 00                     134 	.db #0x00	; 0
    0000005A 00                     135 	.db #0x00	; 0
    0000005B 00                     136 	.db #0x00	; 0
    0000005C 00                     137 	.db #0x00	; 0
    0000005D 7F                     138 	.db #0x7f	; 127
    0000005E 00                     139 	.db #0x00	; 0
    0000005F 00                     140 	.db #0x00	; 0
    00000060 00                     141 	.db #0x00	; 0
    00000061 00                     142 	.db #0x00	; 0
    00000062 00                     143 	.db #0x00	; 0
    00000063 00                     144 	.db #0x00	; 0
    00000064 00                     145 	.db #0x00	; 0
    00000065 00                     146 	.db #0x00	; 0
    00000066 00                     147 	.db #0x00	; 0
    00000067 00                     148 	.db #0x00	; 0
    00000068 00                     149 	.db #0x00	; 0
    00000069 69                     150 	.db #0x69	; 105	'i'
    0000006A 7E                     151 	.db #0x7e	; 126
    0000006B 72                     152 	.db #0x72	; 114	'r'
    0000006C 6F                     153 	.db #0x6f	; 111	'o'
    0000006D 74                     154 	.db #0x74	; 116	't'
    0000006E 76                     155 	.db #0x76	; 118	'v'
    0000006F 73                     156 	.db #0x73	; 115	's'
    00000070 73                     157 	.db #0x73	; 115	's'
    00000071 7A                     158 	.db #0x7a	; 122	'z'
    00000072 6D                     159 	.db #0x6d	; 109	'm'
    00000073 00                     160 	.db #0x00	; 0
    00000074 00                     161 	.db #0x00	; 0
    00000075 00                     162 	.db #0x00	; 0
    00000076 00                     163 	.db #0x00	; 0
    00000077 00                     164 	.db #0x00	; 0
    00000078 00                     165 	.db #0x00	; 0
    00000079 00                     166 	.db #0x00	; 0
    0000007A 00                     167 	.db #0x00	; 0
    0000007B 00                     168 	.db #0x00	; 0
    0000007C 00                     169 	.db #0x00	; 0
    0000007D 7F                     170 	.db #0x7f	; 127
    0000007E 7F                     171 	.db #0x7f	; 127
    0000007F 00                     172 	.db #0x00	; 0
    00000080 00                     173 	.db #0x00	; 0
    00000081 00                     174 	.db #0x00	; 0
    00000082 00                     175 	.db #0x00	; 0
    00000083 00                     176 	.db #0x00	; 0
    00000084 00                     177 	.db #0x00	; 0
    00000085 00                     178 	.db #0x00	; 0
    00000086 7F                     179 	.db #0x7f	; 127
    00000087 7F                     180 	.db #0x7f	; 127
    00000088 7F                     181 	.db #0x7f	; 127
    00000089 7F                     182 	.db #0x7f	; 127
    0000008A 00                     183 	.db #0x00	; 0
    0000008B 00                     184 	.db #0x00	; 0
    0000008C 00                     185 	.db #0x00	; 0
    0000008D 00                     186 	.db #0x00	; 0
    0000008E 00                     187 	.db #0x00	; 0
    0000008F 00                     188 	.db #0x00	; 0
    00000090 00                     189 	.db #0x00	; 0
    00000091 00                     190 	.db #0x00	; 0
    00000092 7F                     191 	.db #0x7f	; 127
    00000093 7F                     192 	.db #0x7f	; 127
    00000094 7F                     193 	.db #0x7f	; 127
    00000095 7F                     194 	.db #0x7f	; 127
    00000096 7F                     195 	.db #0x7f	; 127
    00000097 7F                     196 	.db #0x7f	; 127
    00000098 7F                     197 	.db #0x7f	; 127
    00000099 7F                     198 	.db #0x7f	; 127
    0000009A 7F                     199 	.db #0x7f	; 127
    0000009B 7F                     200 	.db #0x7f	; 127
    0000009C 7F                     201 	.db #0x7f	; 127
    0000009D 7F                     202 	.db #0x7f	; 127
    0000009E 00                     203 	.db #0x00	; 0
    0000009F 00                     204 	.db #0x00	; 0
    000000A0 00                     205 	.db #0x00	; 0
    000000A1 7F                     206 	.db #0x7f	; 127
    000000A2 00                     207 	.db #0x00	; 0
    000000A3 00                     208 	.db #0x00	; 0
    000000A4 00                     209 	.db #0x00	; 0
    000000A5 00                     210 	.db #0x00	; 0
    000000A6 7F                     211 	.db #0x7f	; 127
    000000A7 7F                     212 	.db #0x7f	; 127
    000000A8 7F                     213 	.db #0x7f	; 127
    000000A9 7F                     214 	.db #0x7f	; 127
    000000AA 7F                     215 	.db #0x7f	; 127
    000000AB 7F                     216 	.db #0x7f	; 127
    000000AC 7F                     217 	.db #0x7f	; 127
    000000AD 7F                     218 	.db #0x7f	; 127
    000000AE 7F                     219 	.db #0x7f	; 127
    000000AF 00                     220 	.db #0x00	; 0
    000000B0 00                     221 	.db #0x00	; 0
    000000B1 00                     222 	.db #0x00	; 0
    000000B2 00                     223 	.db #0x00	; 0
    000000B3 00                     224 	.db #0x00	; 0
    000000B4 00                     225 	.db #0x00	; 0
    000000B5 00                     226 	.db #0x00	; 0
    000000B6 00                     227 	.db #0x00	; 0
    000000B7 00                     228 	.db #0x00	; 0
    000000B8 00                     229 	.db #0x00	; 0
    000000B9 00                     230 	.db #0x00	; 0
    000000BA 00                     231 	.db #0x00	; 0
    000000BB 00                     232 	.db #0x00	; 0
    000000BC 7F                     233 	.db #0x7f	; 127
    000000BD 7F                     234 	.db #0x7f	; 127
    000000BE 7F                     235 	.db #0x7f	; 127
    000000BF 39                     236 	.db #0x39	; 57	'9'
    000000C0 7F                     237 	.db #0x7f	; 127
    000000C1 7F                     238 	.db #0x7f	; 127
    000000C2 7F                     239 	.db #0x7f	; 127
    000000C3 00                     240 	.db #0x00	; 0
    000000C4 00                     241 	.db #0x00	; 0
    000000C5 00                     242 	.db #0x00	; 0
    000000C6 00                     243 	.db #0x00	; 0
    000000C7 00                     244 	.db #0x00	; 0
    000000C8 00                     245 	.db #0x00	; 0
    000000C9 00                     246 	.db #0x00	; 0
    000000CA 00                     247 	.db #0x00	; 0
    000000CB 00                     248 	.db #0x00	; 0
    000000CC 00                     249 	.db #0x00	; 0
    000000CD 00                     250 	.db #0x00	; 0
    000000CE 00                     251 	.db #0x00	; 0
    000000CF 7F                     252 	.db #0x7f	; 127
    000000D0 7F                     253 	.db #0x7f	; 127
    000000D1 7F                     254 	.db #0x7f	; 127
    000000D2 7F                     255 	.db #0x7f	; 127
    000000D3 7F                     256 	.db #0x7f	; 127
    000000D4 7F                     257 	.db #0x7f	; 127
    000000D5 7F                     258 	.db #0x7f	; 127
    000000D6 00                     259 	.db #0x00	; 0
    000000D7 00                     260 	.db #0x00	; 0
    000000D8 00                     261 	.db #0x00	; 0
    000000D9 00                     262 	.db #0x00	; 0
    000000DA 00                     263 	.db #0x00	; 0
    000000DB 00                     264 	.db #0x00	; 0
    000000DC 00                     265 	.db #0x00	; 0
    000000DD 00                     266 	.db #0x00	; 0
    000000DE 00                     267 	.db #0x00	; 0
    000000DF 00                     268 	.db #0x00	; 0
    000000E0 00                     269 	.db #0x00	; 0
    000000E1 00                     270 	.db #0x00	; 0
    000000E2 00                     271 	.db #0x00	; 0
    000000E3 00                     272 	.db #0x00	; 0
    000000E4 40                     273 	.db #0x40	; 64
    000000E5 00                     274 	.db #0x00	; 0
    000000E6 00                     275 	.db #0x00	; 0
    000000E7 00                     276 	.db #0x00	; 0
    000000E8 7F                     277 	.db #0x7f	; 127
    000000E9 7F                     278 	.db #0x7f	; 127
    000000EA 00                     279 	.db #0x00	; 0
    000000EB 00                     280 	.db #0x00	; 0
    000000EC 00                     281 	.db #0x00	; 0
    000000ED 00                     282 	.db #0x00	; 0
    000000EE 00                     283 	.db #0x00	; 0
    000000EF 00                     284 	.db #0x00	; 0
    000000F0 00                     285 	.db #0x00	; 0
    000000F1 7F                     286 	.db #0x7f	; 127
    000000F2 7F                     287 	.db #0x7f	; 127
    000000F3 7F                     288 	.db #0x7f	; 127
    000000F4 00                     289 	.db #0x00	; 0
    000000F5 00                     290 	.db #0x00	; 0
    000000F6 00                     291 	.db #0x00	; 0
    000000F7 00                     292 	.db #0x00	; 0
    000000F8 00                     293 	.db #0x00	; 0
    000000F9 7F                     294 	.db #0x7f	; 127
    000000FA 00                     295 	.db #0x00	; 0
    000000FB 7F                     296 	.db #0x7f	; 127
    000000FC 00                     297 	.db #0x00	; 0
    000000FD 00                     298 	.db #0x00	; 0
    000000FE 00                     299 	.db #0x00	; 0
    000000FF 00                     300 	.db #0x00	; 0
    00000100 00                     301 	.db #0x00	; 0
    00000101 00                     302 	.db #0x00	; 0
    00000102 00                     303 	.db #0x00	; 0
    00000103 00                     304 	.db #0x00	; 0
    00000104 00                     305 	.db #0x00	; 0
    00000105 00                     306 	.db #0x00	; 0
    00000106 00                     307 	.db #0x00	; 0
    00000107 00                     308 	.db #0x00	; 0
    00000108 00                     309 	.db #0x00	; 0
    00000109 00                     310 	.db #0x00	; 0
    0000010A 7F                     311 	.db #0x7f	; 127
    0000010B 7F                     312 	.db #0x7f	; 127
    0000010C 7F                     313 	.db #0x7f	; 127
    0000010D 7F                     314 	.db #0x7f	; 127
    0000010E 7F                     315 	.db #0x7f	; 127
    0000010F 7F                     316 	.db #0x7f	; 127
    00000110 7F                     317 	.db #0x7f	; 127
    00000111 7F                     318 	.db #0x7f	; 127
    00000112 00                     319 	.db #0x00	; 0
    00000113 00                     320 	.db #0x00	; 0
    00000114 00                     321 	.db #0x00	; 0
    00000115 7F                     322 	.db #0x7f	; 127
    00000116 00                     323 	.db #0x00	; 0
    00000117 00                     324 	.db #0x00	; 0
    00000118 00                     325 	.db #0x00	; 0
    00000119 00                     326 	.db #0x00	; 0
    0000011A 00                     327 	.db #0x00	; 0
    0000011B 00                     328 	.db #0x00	; 0
    0000011C 00                     329 	.db #0x00	; 0
    0000011D 00                     330 	.db #0x00	; 0
    0000011E 00                     331 	.db #0x00	; 0
    0000011F 00                     332 	.db #0x00	; 0
    00000120 00                     333 	.db #0x00	; 0
    00000121 7F                     334 	.db #0x7f	; 127
    00000122 7F                     335 	.db #0x7f	; 127
    00000123 00                     336 	.db #0x00	; 0
    00000124 00                     337 	.db #0x00	; 0
    00000125 00                     338 	.db #0x00	; 0
    00000126 00                     339 	.db #0x00	; 0
    00000127 00                     340 	.db #0x00	; 0
    00000128 00                     341 	.db #0x00	; 0
    00000129 00                     342 	.db #0x00	; 0
    0000012A 00                     343 	.db #0x00	; 0
    0000012B 00                     344 	.db #0x00	; 0
    0000012C 00                     345 	.db #0x00	; 0
    0000012D 00                     346 	.db #0x00	; 0
    0000012E 00                     347 	.db #0x00	; 0
    0000012F 00                     348 	.db #0x00	; 0
    00000130 00                     349 	.db #0x00	; 0
    00000131 00                     350 	.db #0x00	; 0
    00000132 00                     351 	.db #0x00	; 0
    00000133 53                     352 	.db #0x53	; 83	'S'
    00000134 6C                     353 	.db #0x6c	; 108	'l'
    00000135 6B                     354 	.db #0x6b	; 107	'k'
    00000136 7E                     355 	.db #0x7e	; 126
    00000137 6D                     356 	.db #0x6d	; 109	'm'
    00000138 6B                     357 	.db #0x6b	; 107	'k'
    00000139 53                     358 	.db #0x53	; 83	'S'
    0000013A 00                     359 	.db #0x00	; 0
    0000013B 00                     360 	.db #0x00	; 0
    0000013C 00                     361 	.db #0x00	; 0
    0000013D 00                     362 	.db #0x00	; 0
    0000013E 00                     363 	.db #0x00	; 0
    0000013F 00                     364 	.db #0x00	; 0
    00000140 00                     365 	.db #0x00	; 0
    00000141 00                     366 	.db #0x00	; 0
    00000142 00                     367 	.db #0x00	; 0
    00000143 00                     368 	.db #0x00	; 0
    00000144 7F                     369 	.db #0x7f	; 127
    00000145 00                     370 	.db #0x00	; 0
    00000146 00                     371 	.db #0x00	; 0
    00000147 00                     372 	.db #0x00	; 0
    00000148 00                     373 	.db #0x00	; 0
    00000149 00                     374 	.db #0x00	; 0
    0000014A 00                     375 	.db #0x00	; 0
    0000014B 00                     376 	.db #0x00	; 0
    0000014C 00                     377 	.db #0x00	; 0
    0000014D 00                     378 	.db #0x00	; 0
    0000014E 00                     379 	.db #0x00	; 0
    0000014F 00                     380 	.db #0x00	; 0
    00000150 00                     381 	.db #0x00	; 0
    00000151 00                     382 	.db #0x00	; 0
    00000152 00                     383 	.db #0x00	; 0
    00000153 00                     384 	.db #0x00	; 0
    00000154 7F                     385 	.db #0x7f	; 127
    00000155 7F                     386 	.db #0x7f	; 127
    00000156 7F                     387 	.db #0x7f	; 127
    00000157 7F                     388 	.db #0x7f	; 127
    00000158 7F                     389 	.db #0x7f	; 127
    00000159 00                     390 	.db #0x00	; 0
    0000015A 00                     391 	.db #0x00	; 0
    0000015B 00                     392 	.db #0x00	; 0
    0000015C 00                     393 	.db #0x00	; 0
    0000015D 00                     394 	.db #0x00	; 0
    0000015E 00                     395 	.db #0x00	; 0
    0000015F 00                     396 	.db #0x00	; 0
    00000160 00                     397 	.db #0x00	; 0
    00000161 00                     398 	.db #0x00	; 0
    00000162 00                     399 	.db #0x00	; 0
    00000163 00                     400 	.db #0x00	; 0
    00000164 00                     401 	.db #0x00	; 0
    00000165 00                     402 	.db #0x00	; 0
    00000166 00                     403 	.db #0x00	; 0
    00000167 00                     404 	.db #0x00	; 0
    00000168 00                     405 	.db #0x00	; 0
    00000169 00                     406 	.db #0x00	; 0
    0000016A 00                     407 	.db #0x00	; 0
    0000016B 00                     408 	.db #0x00	; 0
    0000016C 00                     409 	.db #0x00	; 0
    0000016D 00                     410 	.db #0x00	; 0
    0000016E 00                     411 	.db #0x00	; 0
    0000016F 00                     412 	.db #0x00	; 0
    00000170 00                     413 	.db #0x00	; 0
    00000171 00                     414 	.db #0x00	; 0
    00000172 00                     415 	.db #0x00	; 0
    00000173 00                     416 	.db #0x00	; 0
    00000174 00                     417 	.db #0x00	; 0
    00000175 00                     418 	.db #0x00	; 0
    00000176 00                     419 	.db #0x00	; 0
    00000177 00                     420 	.db #0x00	; 0
    00000178 00                     421 	.db #0x00	; 0
    00000179 00                     422 	.db #0x00	; 0
    0000017A 00                     423 	.db #0x00	; 0
    0000017B 00                     424 	.db #0x00	; 0
    0000017C 00                     425 	.db #0x00	; 0
    0000017D 00                     426 	.db #0x00	; 0
    0000017E 00                     427 	.db #0x00	; 0
    0000017F 00                     428 	.db #0x00	; 0
    00000180 00                     429 	.db #0x00	; 0
    00000181 00                     430 	.db #0x00	; 0
    00000182 00                     431 	.db #0x00	; 0
    00000183 00                     432 	.db #0x00	; 0
    00000184 00                     433 	.db #0x00	; 0
    00000185 00                     434 	.db #0x00	; 0
    00000186 00                     435 	.db #0x00	; 0
    00000187 00                     436 	.db #0x00	; 0
    00000188 00                     437 	.db #0x00	; 0
    00000189 00                     438 	.db #0x00	; 0
    0000018A 00                     439 	.db #0x00	; 0
    0000018B 00                     440 	.db #0x00	; 0
    0000018C 00                     441 	.db #0x00	; 0
    0000018D 00                     442 	.db #0x00	; 0
    0000018E 00                     443 	.db #0x00	; 0
    0000018F 00                     444 	.db #0x00	; 0
                                    445 	.area _INITIALIZER
                                    446 	.area _CABS (ABS)
