                                      1 ;--------------------------------------------------------
                                      2 ; File Created by SDCC : free open source ISO C Compiler
                                      3 ; Version 4.5.1 #15267 (Linux)
                                      4 ;--------------------------------------------------------
                                      5 	.module tsprites_1_3
                                      6 	
                                      7 ;--------------------------------------------------------
                                      8 ; Public variables in this module
                                      9 ;--------------------------------------------------------
                                     10 	.globl _sprites
                                     11 ;--------------------------------------------------------
                                     12 ; special function registers
                                     13 ;--------------------------------------------------------
                                     14 	.area _HRAM
                                     15 ;--------------------------------------------------------
                                     16 ; ram data
                                     17 ;--------------------------------------------------------
                                     18 	.area _DATA
                                     19 ;--------------------------------------------------------
                                     20 ; ram data
                                     21 ;--------------------------------------------------------
                                     22 	.area _INITIALIZED
                                     23 ;--------------------------------------------------------
                                     24 ; absolute external ram data
                                     25 ;--------------------------------------------------------
                                     26 	.area _DABS (ABS)
                                     27 ;--------------------------------------------------------
                                     28 ; global & static initialisations
                                     29 ;--------------------------------------------------------
                                     30 	.area _HOME
                                     31 	.area _GSINIT
                                     32 	.area _GSFINAL
                                     33 	.area _GSINIT
                                     34 ;--------------------------------------------------------
                                     35 ; Home
                                     36 ;--------------------------------------------------------
                                     37 	.area _HOME
                                     38 	.area _HOME
                                     39 ;--------------------------------------------------------
                                     40 ; code
                                     41 ;--------------------------------------------------------
                                     42 	.area _CODE
                                     43 	.area _CODE
    00000000                         44 _sprites:
    00000000 00                      45 	.db #0x00	; 0
    00000001 1C                      46 	.db #0x1c	; 28
    00000002 00                      47 	.db #0x00	; 0
    00000003 3E                      48 	.db #0x3e	; 62
    00000004 1C                      49 	.db #0x1c	; 28
    00000005 00                      50 	.db #0x00	; 0
    00000006 08                      51 	.db #0x08	; 8
    00000007 36                      52 	.db #0x36	; 54	'6'
    00000008 00                      53 	.db #0x00	; 0
    00000009 2A                      54 	.db #0x2a	; 42
    0000000A 41                      55 	.db #0x41	; 65	'A'
    0000000B 08                      56 	.db #0x08	; 8
    0000000C 00                      57 	.db #0x00	; 0
    0000000D 1C                      58 	.db #0x1c	; 28
    0000000E 22                      59 	.db #0x22	; 34
    0000000F 22                      60 	.db #0x22	; 34
    00000010 00                      61 	.db #0x00	; 0
    00000011 00                      62 	.db #0x00	; 0
    00000012 42                      63 	.db #0x42	; 66	'B'
    00000013 42                      64 	.db #0x42	; 66	'B'
    00000014 A5                      65 	.db #0xa5	; 165
    00000015 A5                      66 	.db #0xa5	; 165
    00000016 18                      67 	.db #0x18	; 24
    00000017 18                      68 	.db #0x18	; 24
    00000018 18                      69 	.db #0x18	; 24
    00000019 18                      70 	.db #0x18	; 24
    0000001A 24                      71 	.db #0x24	; 36
    0000001B 24                      72 	.db #0x24	; 36
    0000001C 00                      73 	.db #0x00	; 0
    0000001D 00                      74 	.db #0x00	; 0
    0000001E 00                      75 	.db #0x00	; 0
    0000001F 00                      76 	.db #0x00	; 0
    00000020 38                      77 	.db #0x38	; 56	'8'
    00000021 38                      78 	.db #0x38	; 56	'8'
    00000022 7C                      79 	.db #0x7c	; 124
    00000023 7C                      80 	.db #0x7c	; 124
    00000024 38                      81 	.db #0x38	; 56	'8'
    00000025 38                      82 	.db #0x38	; 56	'8'
    00000026 38                      83 	.db #0x38	; 56	'8'
    00000027 7C                      84 	.db #0x7c	; 124
    00000028 38                      85 	.db #0x38	; 56	'8'
    00000029 BA                      86 	.db #0xba	; 186
    0000002A 28                      87 	.db #0x28	; 40
    0000002B 28                      88 	.db #0x28	; 40
    0000002C 28                      89 	.db #0x28	; 40
    0000002D 28                      90 	.db #0x28	; 40
    0000002E 6C                      91 	.db #0x6c	; 108	'l'
    0000002F 6C                      92 	.db #0x6c	; 108	'l'
    00000030 00                      93 	.db #0x00	; 0
    00000031 00                      94 	.db #0x00	; 0
    00000032 04                      95 	.db #0x04	; 4
    00000033 02                      96 	.db #0x02	; 2
    00000034 0A                      97 	.db #0x0a	; 10
    00000035 04                      98 	.db #0x04	; 4
    00000036 14                      99 	.db #0x14	; 20
    00000037 28                     100 	.db #0x28	; 40
    00000038 28                     101 	.db #0x28	; 40
    00000039 10                     102 	.db #0x10	; 16
    0000003A 50                     103 	.db #0x50	; 80	'P'
    0000003B 28                     104 	.db #0x28	; 40
    0000003C 20                     105 	.db #0x20	; 32
    0000003D 40                     106 	.db #0x40	; 64
    0000003E 00                     107 	.db #0x00	; 0
    0000003F 00                     108 	.db #0x00	; 0
    00000040 00                     109 	.db #0x00	; 0
    00000041 00                     110 	.db #0x00	; 0
    00000042 00                     111 	.db #0x00	; 0
    00000043 3E                     112 	.db #0x3e	; 62
    00000044 00                     113 	.db #0x00	; 0
    00000045 7E                     114 	.db #0x7e	; 126
    00000046 28                     115 	.db #0x28	; 40
    00000047 7E                     116 	.db #0x7e	; 126
    00000048 00                     117 	.db #0x00	; 0
    00000049 7E                     118 	.db #0x7e	; 126
    0000004A 00                     119 	.db #0x00	; 0
    0000004B 24                     120 	.db #0x24	; 36
    0000004C 00                     121 	.db #0x00	; 0
    0000004D 64                     122 	.db #0x64	; 100	'd'
    0000004E 82                     123 	.db #0x82	; 130
    0000004F 00                     124 	.db #0x00	; 0
                                    125 	.area _INITIALIZER
                                    126 	.area _CABS (ABS)
