                                      1 ;--------------------------------------------------------
                                      2 ; File Created by SDCC : free open source ISO C Compiler
                                      3 ; Version 4.5.1 #15267 (Linux)
                                      4 ;--------------------------------------------------------
                                      5 	.module umgebung
                                      6 	
                                      7 ;--------------------------------------------------------
                                      8 ; Public variables in this module
                                      9 ;--------------------------------------------------------
                                     10 	.globl _p_cdesign_showTime
                                     11 	.globl _p_cdesign_showWeihwasser
                                     12 	.globl _p_cdesign_showKey
                                     13 	.globl _p_cdesign_showLP
                                     14 	.globl _p_text_viewTXT
                                     15 	.globl _p_umgebung_schild
                                     16 	.globl _p_umgebung_truheEispflock
                                     17 	.globl _p_umgebung_truheWeihwasser
                                     18 	.globl _p_umgebung_tuerzu
                                     19 	.globl _p_umgebung_truheHerz
                                     20 	.globl _p_umgebung_truheSchluessel
                                     21 	.globl _p_umgebung_truheUhr
                                     22 	.globl _p_umgebung_disables
                                     23 ;--------------------------------------------------------
                                     24 ; special function registers
                                     25 ;--------------------------------------------------------
                                     26 	.area _HRAM
                                     27 ;--------------------------------------------------------
                                     28 ; ram data
                                     29 ;--------------------------------------------------------
                                     30 	.area _DATA
                                     31 ;--------------------------------------------------------
                                     32 ; ram data
                                     33 ;--------------------------------------------------------
                                     34 	.area _INITIALIZED
                                     35 ;--------------------------------------------------------
                                     36 ; absolute external ram data
                                     37 ;--------------------------------------------------------
                                     38 	.area _DABS (ABS)
                                     39 ;--------------------------------------------------------
                                     40 ; global & static initialisations
                                     41 ;--------------------------------------------------------
                                     42 	.area _HOME
                                     43 	.area _GSINIT
                                     44 	.area _GSFINAL
                                     45 	.area _GSINIT
                                     46 ;--------------------------------------------------------
                                     47 ; Home
                                     48 ;--------------------------------------------------------
                                     49 	.area _HOME
                                     50 ;umgebung.c:31: void p_umgebung_schild (uint8_t l_mk, unsigned char l_txt [81]) __nonbanked
                                     51 ;	---------------------------------
                                     52 ; Function p_umgebung_schild
                                     53 ; ---------------------------------
    00000000                         54 _p_umgebung_schild::
                                     55 ;umgebung.c:33: if (l_mk == v_smk) {
    00000000 21r00r00         [12]   56 	ld	hl, #_v_smk
    00000003 96               [ 8]   57 	sub	a, (hl)
    00000004 CAr00r00         [16]   58 	jp	Z, _p_text_viewTXT
                                     59 ;umgebung.c:34: p_text_viewTXT (l_txt);
                                     60 ;umgebung.c:36: }
    00000007 C9               [16]   61 	ret
                                     62 ;umgebung.c:39: void p_umgebung_truheEispflock (uint8_t l_mk, uint8_t l_nr) __nonbanked
                                     63 ;	---------------------------------
                                     64 ; Function p_umgebung_truheEispflock
                                     65 ; ---------------------------------
    00000008                         66 _p_umgebung_truheEispflock::
                                     67 ;umgebung.c:41: if ((l_mk == v_smk) && (v_kiste [l_nr] == 0)) {
    00000008 21r00r00         [12]   68 	ld	hl, #_v_smk
    0000000B 96               [ 8]   69 	sub	a, (hl)
    0000000C 3E 01            [ 8]   70 	ld	a, #0x01
    0000000E 28 01            [12]   71 	jr	Z, 00139$
    00000010 AF               [ 4]   72 	xor	a, a
    00000011                         73 00139$:
    00000011 57               [ 4]   74 	ld	d, a
    00000012 B7               [ 4]   75 	or	a, a
    00000013 28 23            [12]   76 	jr	Z, 00105$
    00000015 3Er00            [ 8]   77 	ld	a, #<(_v_kiste)
    00000017 83               [ 4]   78 	add	a, e
    00000018 4F               [ 4]   79 	ld	c, a
    00000019 3Es00            [ 8]   80 	ld	a, #>(_v_kiste)
    0000001B CE 00            [ 8]   81 	adc	a, #0x00
    0000001D 47               [ 4]   82 	ld	b, a
    0000001E 0A               [ 8]   83 	ld	a, (bc)
    0000001F B7               [ 4]   84 	or	a, a
    00000020 20 16            [12]   85 	jr	NZ, 00105$
                                     86 ;umgebung.c:42: p_text_viewTXT (eispflock);
    00000022 C5               [16]   87 	push	bc
    00000023 11r00r00         [12]   88 	ld	de, #_eispflock
    00000026 CDr00r00         [24]   89 	call	_p_text_viewTXT
    00000029 C1               [12]   90 	pop	bc
                                     91 ;umgebung.c:44: v_kiste [l_nr] = 1; v_pflock = TRUE; v_tuer [0] = TRUE;
    0000002A 3E 01            [ 8]   92 	ld	a, #0x01
    0000002C 02               [ 8]   93 	ld	(bc), a
    0000002D 21r00r00         [12]   94 	ld	hl, #_v_pflock
    00000030 36 01            [12]   95 	ld	(hl), #0x01
    00000032 21r00r00         [12]   96 	ld	hl, #_v_tuer
    00000035 36 01            [12]   97 	ld	(hl), #0x01
    00000037 C9               [16]   98 	ret
    00000038                         99 00105$:
                                    100 ;umgebung.c:46: else if ((l_mk == v_smk) && (v_kiste [l_nr] == 1)) {
    00000038 7A               [ 4]  101 	ld	a, d
    00000039 B7               [ 4]  102 	or	a, a
    0000003A C8               [20]  103 	ret	Z
    0000003B 21r00r00         [12]  104 	ld	hl, #_v_kiste
    0000003E 16 00            [ 8]  105 	ld	d, #0x00
    00000040 19               [ 8]  106 	add	hl, de
    00000041 7E               [ 8]  107 	ld	a, (hl)
    00000042 3D               [ 4]  108 	dec	a
    00000043 C0               [20]  109 	ret	NZ
                                    110 ;umgebung.c:47: p_text_viewTXT (leer);
    00000044 11r00r00         [12]  111 	ld	de, #_leer
                                    112 ;umgebung.c:49: }
    00000047 C3r00r00         [16]  113 	jp	_p_text_viewTXT
                                    114 ;umgebung.c:52: void p_umgebung_truheWeihwasser (uint8_t l_mk, uint8_t l_nr) __nonbanked
                                    115 ;	---------------------------------
                                    116 ; Function p_umgebung_truheWeihwasser
                                    117 ; ---------------------------------
    0000004A                        118 _p_umgebung_truheWeihwasser::
                                    119 ;umgebung.c:54: if ((l_mk == v_smk) && (v_kiste [l_nr] == 0)) {
    0000004A 21r00r00         [12]  120 	ld	hl, #_v_smk
    0000004D 96               [ 8]  121 	sub	a, (hl)
    0000004E 3E 01            [ 8]  122 	ld	a, #0x01
    00000050 28 01            [12]  123 	jr	Z, 00139$
    00000052 AF               [ 4]  124 	xor	a, a
    00000053                        125 00139$:
    00000053 57               [ 4]  126 	ld	d, a
    00000054 B7               [ 4]  127 	or	a, a
    00000055 28 22            [12]  128 	jr	Z, 00105$
    00000057 3Er00            [ 8]  129 	ld	a, #<(_v_kiste)
    00000059 83               [ 4]  130 	add	a, e
    0000005A 4F               [ 4]  131 	ld	c, a
    0000005B 3Es00            [ 8]  132 	ld	a, #>(_v_kiste)
    0000005D CE 00            [ 8]  133 	adc	a, #0x00
    0000005F 47               [ 4]  134 	ld	b, a
    00000060 0A               [ 8]  135 	ld	a, (bc)
    00000061 B7               [ 4]  136 	or	a, a
    00000062 20 15            [12]  137 	jr	NZ, 00105$
                                    138 ;umgebung.c:55: p_text_viewTXT (weihwasser);
    00000064 C5               [16]  139 	push	bc
    00000065 11r00r00         [12]  140 	ld	de, #_weihwasser
    00000068 CDr00r00         [24]  141 	call	_p_text_viewTXT
    0000006B C1               [12]  142 	pop	bc
                                    143 ;umgebung.c:57: v_kiste [l_nr] = 1; v_sweih += 1;
    0000006C 3E 01            [ 8]  144 	ld	a, #0x01
    0000006E 02               [ 8]  145 	ld	(bc), a
    0000006F FAr00r00         [16]  146 	ld	a, (_v_sweih)
    00000072 3C               [ 4]  147 	inc	a
                                    148 ;umgebung.c:58: p_cdesign_showWeihwasser ();
    00000073 EAr00r00         [16]  149 	ld	(#_v_sweih), a
    00000076 C3r00r00         [16]  150 	jp	_p_cdesign_showWeihwasser
    00000079                        151 00105$:
                                    152 ;umgebung.c:60: else if ((l_mk == v_smk) && (v_kiste [l_nr] == 1)) {
    00000079 7A               [ 4]  153 	ld	a, d
    0000007A B7               [ 4]  154 	or	a, a
    0000007B C8               [20]  155 	ret	Z
    0000007C 21r00r00         [12]  156 	ld	hl, #_v_kiste
    0000007F 16 00            [ 8]  157 	ld	d, #0x00
    00000081 19               [ 8]  158 	add	hl, de
    00000082 7E               [ 8]  159 	ld	a, (hl)
    00000083 3D               [ 4]  160 	dec	a
    00000084 C0               [20]  161 	ret	NZ
                                    162 ;umgebung.c:61: p_text_viewTXT (leer);
    00000085 11r00r00         [12]  163 	ld	de, #_leer
                                    164 ;umgebung.c:64: }
    00000088 C3r00r00         [16]  165 	jp	_p_text_viewTXT
                                    166 ;umgebung.c:66: void p_umgebung_tuerzu (uint8_t l_mk, uint8_t l_nr) __nonbanked
                                    167 ;	---------------------------------
                                    168 ; Function p_umgebung_tuerzu
                                    169 ; ---------------------------------
    0000008B                        170 _p_umgebung_tuerzu::
                                    171 ;umgebung.c:68: if ((l_mk == v_smk) && (v_tuer [l_nr] == FALSE)) {
    0000008B 21r00r00         [12]  172 	ld	hl, #_v_smk
    0000008E 96               [ 8]  173 	sub	a, (hl)
    0000008F C0               [20]  174 	ret	NZ
    00000090 21r00r00         [12]  175 	ld	hl, #_v_tuer
    00000093 16 00            [ 8]  176 	ld	d, #0x00
    00000095 19               [ 8]  177 	add	hl, de
    00000096 7E               [ 8]  178 	ld	a, (hl)
    00000097 B7               [ 4]  179 	or	a, a
    00000098 C0               [20]  180 	ret	NZ
                                    181 ;umgebung.c:69: p_text_viewTXT (tuerzu);
    00000099 11r00r00         [12]  182 	ld	de, #_tuerzu
                                    183 ;umgebung.c:71: }
    0000009C C3r00r00         [16]  184 	jp	_p_text_viewTXT
                                    185 ;umgebung.c:74: void p_umgebung_truheHerz (uint8_t l_mk, uint8_t l_nr) __nonbanked
                                    186 ;	---------------------------------
                                    187 ; Function p_umgebung_truheHerz
                                    188 ; ---------------------------------
    0000009F                        189 _p_umgebung_truheHerz::
                                    190 ;umgebung.c:76: if ((l_mk == v_smk) && (v_kiste [l_nr] == 0)) { 
    0000009F 21r00r00         [12]  191 	ld	hl, #_v_smk
    000000A2 96               [ 8]  192 	sub	a, (hl)
    000000A3 3E 01            [ 8]  193 	ld	a, #0x01
    000000A5 28 01            [12]  194 	jr	Z, 00158$
    000000A7 AF               [ 4]  195 	xor	a, a
    000000A8                        196 00158$:
    000000A8 57               [ 4]  197 	ld	d, a
    000000A9 B7               [ 4]  198 	or	a, a
    000000AA 28 36            [12]  199 	jr	Z, 00110$
    000000AC 3Er00            [ 8]  200 	ld	a, #<(_v_kiste)
    000000AE 83               [ 4]  201 	add	a, e
    000000AF 4F               [ 4]  202 	ld	c, a
    000000B0 3Es00            [ 8]  203 	ld	a, #>(_v_kiste)
    000000B2 CE 00            [ 8]  204 	adc	a, #0x00
    000000B4 47               [ 4]  205 	ld	b, a
    000000B5 0A               [ 8]  206 	ld	a, (bc)
    000000B6 B7               [ 4]  207 	or	a, a
    000000B7 20 29            [12]  208 	jr	NZ, 00110$
                                    209 ;umgebung.c:78: if (v_slp < 3) {
    000000B9 FAr00r00         [16]  210 	ld	a, (#_v_slp)
    000000BC D6 03            [ 8]  211 	sub	a, #0x03
    000000BE 30 15            [12]  212 	jr	NC, 00104$
                                    213 ;umgebung.c:79: p_text_viewTXT (herz);
    000000C0 C5               [16]  214 	push	bc
    000000C1 11r00r00         [12]  215 	ld	de, #_herz
    000000C4 CDr00r00         [24]  216 	call	_p_text_viewTXT
    000000C7 C1               [12]  217 	pop	bc
                                    218 ;umgebung.c:80: v_kiste [l_nr] = 1; v_slp += 1;
    000000C8 3E 01            [ 8]  219 	ld	a, #0x01
    000000CA 02               [ 8]  220 	ld	(bc), a
    000000CB FAr00r00         [16]  221 	ld	a, (_v_slp)
    000000CE 3C               [ 4]  222 	inc	a
                                    223 ;umgebung.c:81: p_cdesign_showLP ();
    000000CF EAr00r00         [16]  224 	ld	(#_v_slp), a
    000000D2 C3r00r00         [16]  225 	jp	_p_cdesign_showLP
    000000D5                        226 00104$:
                                    227 ;umgebung.c:83: else if (v_slp > 2) {
    000000D5 3E 02            [ 8]  228 	ld	a, #0x02
    000000D7 21r00r00         [12]  229 	ld	hl, #_v_slp
    000000DA 96               [ 8]  230 	sub	a, (hl)
    000000DB D0               [20]  231 	ret	NC
                                    232 ;umgebung.c:84: p_text_viewTXT (nichtnuetzlich);	
    000000DC 11r00r00         [12]  233 	ld	de, #_nichtnuetzlich
    000000DF C3r00r00         [16]  234 	jp	_p_text_viewTXT
    000000E2                        235 00110$:
                                    236 ;umgebung.c:87: else if ((l_mk == v_smk) && (v_kiste [l_nr] == 1)) {
    000000E2 7A               [ 4]  237 	ld	a, d
    000000E3 B7               [ 4]  238 	or	a, a
    000000E4 C8               [20]  239 	ret	Z
    000000E5 21r00r00         [12]  240 	ld	hl, #_v_kiste
    000000E8 16 00            [ 8]  241 	ld	d, #0x00
    000000EA 19               [ 8]  242 	add	hl, de
    000000EB 7E               [ 8]  243 	ld	a, (hl)
    000000EC 3D               [ 4]  244 	dec	a
    000000ED C0               [20]  245 	ret	NZ
                                    246 ;umgebung.c:88: p_text_viewTXT (leer);
    000000EE 11r00r00         [12]  247 	ld	de, #_leer
                                    248 ;umgebung.c:90: }
    000000F1 C3r00r00         [16]  249 	jp	_p_text_viewTXT
                                    250 ;umgebung.c:93: void p_umgebung_truheSchluessel (uint8_t l_mk, uint8_t l_nr) __nonbanked
                                    251 ;	---------------------------------
                                    252 ; Function p_umgebung_truheSchluessel
                                    253 ; ---------------------------------
    000000F4                        254 _p_umgebung_truheSchluessel::
                                    255 ;umgebung.c:95: if ((l_mk == v_smk) && (v_kiste [l_nr] == 0)) {
    000000F4 21r00r00         [12]  256 	ld	hl, #_v_smk
    000000F7 96               [ 8]  257 	sub	a, (hl)
    000000F8 3E 01            [ 8]  258 	ld	a, #0x01
    000000FA 28 01            [12]  259 	jr	Z, 00158$
    000000FC AF               [ 4]  260 	xor	a, a
    000000FD                        261 00158$:
    000000FD 57               [ 4]  262 	ld	d, a
    000000FE B7               [ 4]  263 	or	a, a
    000000FF 28 31            [12]  264 	jr	Z, 00110$
    00000101 3Er00            [ 8]  265 	ld	a, #<(_v_kiste)
    00000103 83               [ 4]  266 	add	a, e
    00000104 4F               [ 4]  267 	ld	c, a
    00000105 3Es00            [ 8]  268 	ld	a, #>(_v_kiste)
    00000107 CE 00            [ 8]  269 	adc	a, #0x00
    00000109 47               [ 4]  270 	ld	b, a
    0000010A 0A               [ 8]  271 	ld	a, (bc)
    0000010B B7               [ 4]  272 	or	a, a
    0000010C 20 24            [12]  273 	jr	NZ, 00110$
                                    274 ;umgebung.c:96: p_text_viewTXT (schluessel);
    0000010E C5               [16]  275 	push	bc
    0000010F 11r00r00         [12]  276 	ld	de, #_schluessel
    00000112 CDr00r00         [24]  277 	call	_p_text_viewTXT
    00000115 C1               [12]  278 	pop	bc
                                    279 ;umgebung.c:98: if (v_skey < 3) {
    00000116 21r00r00         [12]  280 	ld	hl, #_v_skey
    00000119 7E               [ 8]  281 	ld	a, (hl)
    0000011A D6 03            [ 8]  282 	sub	a, #0x03
    0000011C 30 07            [12]  283 	jr	NC, 00104$
                                    284 ;umgebung.c:99: v_kiste [l_nr] = 1;  v_skey += 1;
    0000011E 3E 01            [ 8]  285 	ld	a, #0x01
    00000120 02               [ 8]  286 	ld	(bc), a
                                    287 ;umgebung.c:100: p_cdesign_showKey ();
    00000121 34               [12]  288 	inc	(hl)
    00000122 C3r00r00         [16]  289 	jp	_p_cdesign_showKey
    00000125                        290 00104$:
                                    291 ;umgebung.c:102: else if (v_skey > 2) {
    00000125 3E 02            [ 8]  292 	ld	a, #0x02
    00000127 21r00r00         [12]  293 	ld	hl, #_v_skey
    0000012A 96               [ 8]  294 	sub	a, (hl)
    0000012B D0               [20]  295 	ret	NC
                                    296 ;umgebung.c:103: p_text_viewTXT (nichtnuetzlich);
    0000012C 11r00r00         [12]  297 	ld	de, #_nichtnuetzlich
    0000012F C3r00r00         [16]  298 	jp	_p_text_viewTXT
    00000132                        299 00110$:
                                    300 ;umgebung.c:107: else if ((l_mk == v_smk) && (v_kiste [l_nr] == 1)) {
    00000132 7A               [ 4]  301 	ld	a, d
    00000133 B7               [ 4]  302 	or	a, a
    00000134 C8               [20]  303 	ret	Z
    00000135 21r00r00         [12]  304 	ld	hl, #_v_kiste
    00000138 16 00            [ 8]  305 	ld	d, #0x00
    0000013A 19               [ 8]  306 	add	hl, de
    0000013B 7E               [ 8]  307 	ld	a, (hl)
    0000013C 3D               [ 4]  308 	dec	a
    0000013D C0               [20]  309 	ret	NZ
                                    310 ;umgebung.c:108: p_text_viewTXT (leer);
    0000013E 11r00r00         [12]  311 	ld	de, #_leer
                                    312 ;umgebung.c:110: }
    00000141 C3r00r00         [16]  313 	jp	_p_text_viewTXT
                                    314 ;umgebung.c:113: void p_umgebung_truheUhr (uint8_t l_mk, uint8_t l_nr) __nonbanked
                                    315 ;	---------------------------------
                                    316 ; Function p_umgebung_truheUhr
                                    317 ; ---------------------------------
    00000144                        318 _p_umgebung_truheUhr::
                                    319 ;umgebung.c:115: if ((l_mk == v_smk) && (v_kiste [l_nr] == 0)) {
    00000144 21r00r00         [12]  320 	ld	hl, #_v_smk
    00000147 96               [ 8]  321 	sub	a, (hl)
    00000148 3E 01            [ 8]  322 	ld	a, #0x01
    0000014A 28 01            [12]  323 	jr	Z, 00158$
    0000014C AF               [ 4]  324 	xor	a, a
    0000014D                        325 00158$:
    0000014D 57               [ 4]  326 	ld	d, a
    0000014E B7               [ 4]  327 	or	a, a
    0000014F 28 37            [12]  328 	jr	Z, 00110$
    00000151 3Er00            [ 8]  329 	ld	a, #<(_v_kiste)
    00000153 83               [ 4]  330 	add	a, e
    00000154 4F               [ 4]  331 	ld	c, a
    00000155 3Es00            [ 8]  332 	ld	a, #>(_v_kiste)
    00000157 CE 00            [ 8]  333 	adc	a, #0x00
    00000159 47               [ 4]  334 	ld	b, a
    0000015A 0A               [ 8]  335 	ld	a, (bc)
    0000015B B7               [ 4]  336 	or	a, a
    0000015C 20 2A            [12]  337 	jr	NZ, 00110$
                                    338 ;umgebung.c:117: if (v_time < 245) {
    0000015E FAr00r00         [16]  339 	ld	a, (#_v_time)
    00000161 D6 F5            [ 8]  340 	sub	a, #0xf5
    00000163 30 16            [12]  341 	jr	NC, 00104$
                                    342 ;umgebung.c:118: p_text_viewTXT (uhr);
    00000165 C5               [16]  343 	push	bc
    00000166 11r00r00         [12]  344 	ld	de, #_uhr
    00000169 CDr00r00         [24]  345 	call	_p_text_viewTXT
    0000016C C1               [12]  346 	pop	bc
                                    347 ;umgebung.c:120: v_kiste [l_nr] = 1; v_time += 10;
    0000016D 3E 01            [ 8]  348 	ld	a, #0x01
    0000016F 02               [ 8]  349 	ld	(bc), a
    00000170 FAr00r00         [16]  350 	ld	a, (_v_time)
    00000173 C6 0A            [ 8]  351 	add	a, #0x0a
                                    352 ;umgebung.c:121: p_cdesign_showTime ();
    00000175 EAr00r00         [16]  353 	ld	(#_v_time), a
    00000178 C3r00r00         [16]  354 	jp	_p_cdesign_showTime
    0000017B                        355 00104$:
                                    356 ;umgebung.c:123: else if (v_time > 244) {
    0000017B 3E F4            [ 8]  357 	ld	a, #0xf4
    0000017D 21r00r00         [12]  358 	ld	hl, #_v_time
    00000180 96               [ 8]  359 	sub	a, (hl)
    00000181 D0               [20]  360 	ret	NC
                                    361 ;umgebung.c:124: p_text_viewTXT (nichtnuetzlich); 
    00000182 11r00r00         [12]  362 	ld	de, #_nichtnuetzlich
    00000185 C3r00r00         [16]  363 	jp	_p_text_viewTXT
    00000188                        364 00110$:
                                    365 ;umgebung.c:127: else if ((l_mk == v_smk) && (v_kiste [l_nr] == 1)) {
    00000188 7A               [ 4]  366 	ld	a, d
    00000189 B7               [ 4]  367 	or	a, a
    0000018A C8               [20]  368 	ret	Z
    0000018B 21r00r00         [12]  369 	ld	hl, #_v_kiste
    0000018E 16 00            [ 8]  370 	ld	d, #0x00
    00000190 19               [ 8]  371 	add	hl, de
    00000191 7E               [ 8]  372 	ld	a, (hl)
    00000192 3D               [ 4]  373 	dec	a
    00000193 C0               [20]  374 	ret	NZ
                                    375 ;umgebung.c:128: p_text_viewTXT (leer);
    00000194 11r00r00         [12]  376 	ld	de, #_leer
                                    377 ;umgebung.c:130: }
    00000197 C3r00r00         [16]  378 	jp	_p_text_viewTXT
                                    379 ;umgebung.c:132: void p_umgebung_disables (void) __nonbanked
                                    380 ;	---------------------------------
                                    381 ; Function p_umgebung_disables
                                    382 ; ---------------------------------
    0000019A                        383 _p_umgebung_disables::
                                    384 ;umgebung.c:133: {}
    0000019A C9               [16]  385 	ret
                                    386 	.area _HOME
                                    387 ;--------------------------------------------------------
                                    388 ; code
                                    389 ;--------------------------------------------------------
                                    390 	.area _CODE
                                    391 	.area _CODE
                                    392 	.area _INITIALIZER
                                    393 	.area _CABS (ABS)
